#
# A fatal error has been detected by the Java Runtime Environment:
#
#  EXCEPTION_ACCESS_VIOLATION (0xc0000005) at pc=0x00007ffd9899a335, pid=10796, tid=11224
#
# JRE version: Java(TM) SE Runtime Environment (9.0+11) (build 9.0.4+11)
# Java VM: Java HotSpot(TM) 64-Bit Server VM (9.0.4+11, mixed mode, tiered, compressed oops, g1 gc, windows-amd64)
# Problematic frame:
# C  0x00007ffd9899a335
#
# No core dump will be written. Minidumps are not enabled by default on client versions of Windows
#
# If you would like to submit a bug report, please visit:
#   http://bugreport.java.com/bugreport/crash.jsp
# The crash happened outside the Java Virtual Machine in native code.
# See problematic frame for where to report the bug.
#

---------------  S U M M A R Y ------------

Command Line: -Dsun.java2d.pmoffscreen=false -Dsun.java2d.xrender=false -Dsun.java2d.d3d=false -Dsun.awt.nopixfmt=true -Dsun.java2d.dpiaware=true -Dsun.java2d.uiScale.enabled=false -Xverify:none -Dswing.aatext=true -XX:-UsePerfData -Djdk.map.althashing.threshold=512 -XX:StringTableSize=4072 --add-opens=java.base/java.nio=ALL-UNNAMED --add-opens=java.desktop/sun.swing=ALL-UNNAMED --add-opens=java.desktop/javax.swing=ALL-UNNAMED --add-opens=java.desktop/javax.swing.tree=ALL-UNNAMED --add-opens=java.desktop/javax.swing.plaf.basic=ALL-UNNAMED --add-opens=java.desktop/javax.swing.plaf.synth=ALL-UNNAMED --add-opens=java.desktop/com.sun.awt=ALL-UNNAMED -XX:NewSize=60m -XX:MaxNewSize=60m -Xms128m -Xmx3072m -Xss5m 

Host: Intel(R) Pentium(R) CPU 4417U @ 2.30GHz, 4 cores, 7G,  Windows 10 , 64 bit Build 18362 (10.0.18362.1350)
Time: Sat Feb 13 13:08:38 2021 Central Europe Standard Time elapsed time: 2516 seconds (0d 0h 41m 56s)

---------------  T H R E A D  ---------------

Current thread (0x00000224a3ba0800):  JavaThread "AWT-EventQueue-0" [_thread_in_native, id=11224, stack(0x0000008988500000,0x0000008988a00000)]

Stack: [0x0000008988500000,0x0000008988a00000],  sp=0x00000089889f4120,  free space=5072k
Native frames: (J=compiled Java code, j=interpreted, Vv=VM code, C=native code)
C  0x00007ffd9899a335
C  0x00007ffd98998658
C  0x00007ffd98d130aa
C  0x00007ffd98b30475
C  0x00007ffd98b2fe84
C  0x00007ffd98d37b2b
C  0x0000022493829e3a

Java frames: (J=compiled Java code, j=interpreted, Vv=VM code)
J 22922  ui.data.labtools.lthwdatai.HWIla_getCellName(J)Ljava/lang/String; (0 bytes) @ 0x0000022493829da1 [0x0000022493829d60+0x0000000000000041]
J 18994 c1 ui.views.u.y.customizeStyledLabel(Ljavax/swing/JTable;Ljava/lang/Object;ZZII)V (376 bytes) @ 0x000002248d8b0624 [0x000002248d8acb00+0x0000000000003b24]
J 22989 c2 ui.utils.i.j.b.j.getTableCellRendererComponent(Ljavax/swing/JTable;Ljava/lang/Object;ZZII)Ljava/awt/Component; (377 bytes) @ 0x000002249384a41c [0x0000022493849d00+0x000000000000071c]
J 14909 c1 ui.b.c.b.x.getTableCellRendererComponent(Ljavax/swing/JTable;Ljava/lang/Object;ZZII)Ljava/awt/Component; (427 bytes) @ 0x000002248cf84174 [0x000002248cf840c0+0x00000000000000b4]
J 17565 c1 com.jidesoft.grid.TreeTableCellRenderer.getTableCellRendererComponent(Ljavax/swing/JTable;Ljava/lang/Object;ZZII)Ljava/awt/Component; (374 bytes) @ 0x000002248d788a7c [0x000002248d786960+0x000000000000211c]
J 17564 c1 ui.utils.i.j.aw.getTableCellRendererComponent(Ljavax/swing/JTable;Ljava/lang/Object;ZZII)Ljava/awt/Component; (139 bytes) @ 0x000002248d78578c [0x000002248d7856e0+0x00000000000000ac]
J 21829 c2 com.jidesoft.grid.JideTable.prepareRenderer(Ljavax/swing/table/TableCellRenderer;II)Ljava/awt/Component; (326 bytes) @ 0x000002249371df9c [0x000002249371dda0+0x00000000000001fc]
J 22988 c2 com.jidesoft.grid.CellStyleTable.prepareRenderer(Ljavax/swing/table/TableCellRenderer;II)Ljava/awt/Component; (18 bytes) @ 0x0000022493846ffc [0x0000022493846fc0+0x000000000000003c]
J 17471 c1 com.jidesoft.plaf.basic.BasicJideTableUIDelegate.paintCell(Ljava/awt/Graphics;Ljava/awt/Rectangle;II)V (322 bytes) @ 0x000002248d725af4 [0x000002248d7251c0+0x0000000000000934]
J 23186 c1 com.jidesoft.plaf.basic.BasicCellSpanTableUIDelegate.c(Ljava/awt/Graphics;IIII)V (640 bytes) @ 0x000002248dc5f8fc [0x000002248dc5dfa0+0x000000000000195c]
j  com.jidesoft.plaf.basic.BasicCellSpanTableUIDelegate.paint(Ljava/awt/Graphics;Ljavax/swing/JComponent;)V+319
J 23212 c1 ui.utils.lnf.HSyntheticaTreeTableUIDelegate.paint(Ljava/awt/Graphics;Ljavax/swing/JComponent;)V (280 bytes) @ 0x000002248dc84c74 [0x000002248dc84be0+0x0000000000000094]
J 19794 c1 com.jidesoft.plaf.basic.BasicCellSpanTableUI.paint(Ljava/awt/Graphics;Ljavax/swing/JComponent;)V (13 bytes) @ 0x000002248b1bce44 [0x000002248b1bcc60+0x00000000000001e4]
J 16652 c2 javax.swing.plaf.ComponentUI.update(Ljava/awt/Graphics;Ljavax/swing/JComponent;)V java.desktop@9.0.4 (36 bytes) @ 0x000002249316dff8 [0x000002249316df80+0x0000000000000078]
J 14208 c2 javax.swing.JComponent.paintComponent(Ljava/awt/Graphics;)V java.desktop@9.0.4 (44 bytes) @ 0x0000022492dc5954 [0x0000022492dc58c0+0x0000000000000094]
J 23211 c1 ui.utils.i.j.al.paintComponent(Ljava/awt/Graphics;)V (10 bytes) @ 0x000002248dc83f9c [0x000002248dc83880+0x000000000000071c]
J 18471 c2 javax.swing.JComponent.paint(Ljava/awt/Graphics;)V java.desktop@9.0.4 (409 bytes) @ 0x0000022492deec90 [0x0000022492dee6c0+0x00000000000005d0]
J 23210 c1 ui.utils.i.j.al.paint(Ljava/awt/Graphics;)V (124 bytes) @ 0x000002248dc80894 [0x000002248dc80800+0x0000000000000094]
J 21495 c2 javax.swing.JComponent.paintChildren(Ljava/awt/Graphics;)V java.desktop@9.0.4 (691 bytes) @ 0x00000224936b4ce8 [0x00000224936b48a0+0x0000000000000448]
J 18471 c2 javax.swing.JComponent.paint(Ljava/awt/Graphics;)V java.desktop@9.0.4 (409 bytes) @ 0x0000022492deecc8 [0x0000022492dee6c0+0x0000000000000608]
J 16474 c1 javax.swing.JViewport.paint(Ljava/awt/Graphics;)V java.desktop@9.0.4 (884 bytes) @ 0x000002248d39052c [0x000002248d38eec0+0x000000000000166c]
J 21495 c2 javax.swing.JComponent.paintChildren(Ljava/awt/Graphics;)V java.desktop@9.0.4 (691 bytes) @ 0x00000224936b4ce8 [0x00000224936b48a0+0x0000000000000448]
J 18471 c2 javax.swing.JComponent.paint(Ljava/awt/Graphics;)V java.desktop@9.0.4 (409 bytes) @ 0x0000022492deecc8 [0x0000022492dee6c0+0x0000000000000608]
J 21495 c2 javax.swing.JComponent.paintChildren(Ljava/awt/Graphics;)V java.desktop@9.0.4 (691 bytes) @ 0x00000224936b4ce8 [0x00000224936b48a0+0x0000000000000448]
J 18471 c2 javax.swing.JComponent.paint(Ljava/awt/Graphics;)V java.desktop@9.0.4 (409 bytes) @ 0x0000022492deecc8 [0x0000022492dee6c0+0x0000000000000608]
J 21495 c2 javax.swing.JComponent.paintChildren(Ljava/awt/Graphics;)V java.desktop@9.0.4 (691 bytes) @ 0x00000224936b4ce8 [0x00000224936b48a0+0x0000000000000448]
J 18471 c2 javax.swing.JComponent.paint(Ljava/awt/Graphics;)V java.desktop@9.0.4 (409 bytes) @ 0x0000022492deecc8 [0x0000022492dee6c0+0x0000000000000608]
j  ui.b.c.b.p.paint(Ljava/awt/Graphics;)V+58
J 21495 c2 javax.swing.JComponent.paintChildren(Ljava/awt/Graphics;)V java.desktop@9.0.4 (691 bytes) @ 0x00000224936b4ce8 [0x00000224936b48a0+0x0000000000000448]
J 18471 c2 javax.swing.JComponent.paint(Ljava/awt/Graphics;)V java.desktop@9.0.4 (409 bytes) @ 0x0000022492deecc8 [0x0000022492dee6c0+0x0000000000000608]
J 15805 c2 javax.swing.RepaintManager$PaintManager.paintDoubleBuffered(Ljavax/swing/JComponent;Ljava/awt/Image;Ljava/awt/Graphics;IIII)V java.desktop@9.0.4 (50 bytes) @ 0x000002249297a728 [0x000002249297a2c0+0x0000000000000468]
J 20056 c2 javax.swing.JComponent._paintImmediately(IIII)V java.desktop@9.0.4 (891 bytes) @ 0x00000224935933ec [0x00000224935924c0+0x0000000000000f2c]
J 18470 c2 javax.swing.JComponent.paintImmediately(IIII)V java.desktop@9.0.4 (155 bytes) @ 0x0000022492d7d868 [0x0000022492d7d660+0x0000000000000208]
J 15834 c2 javax.swing.RepaintManager$4.run()Ljava/lang/Object; java.desktop@9.0.4 (5 bytes) @ 0x0000022493058aa0 [0x00000224930588a0+0x0000000000000200]
v  ~StubRoutines::call_stub
J 4353  java.security.AccessController.doPrivileged(Ljava/security/PrivilegedAction;Ljava/security/AccessControlContext;)Ljava/lang/Object; java.base@9.0.4 (0 bytes) @ 0x000002249271b246 [0x000002249271b1e0+0x0000000000000066]
J 15811 c2 javax.swing.RepaintManager$ProcessingRunnable.run()V java.desktop@9.0.4 (41 bytes) @ 0x0000022493048104 [0x0000022493047600+0x0000000000000b04]
J 15268 c2 java.awt.event.InvocationEvent.dispatch()V java.desktop@9.0.4 (69 bytes) @ 0x0000022492f8a51c [0x0000022492f8a4c0+0x000000000000005c]
J 14343 c2 java.awt.EventQueue$3.run()Ljava/lang/Object; java.desktop@9.0.4 (5 bytes) @ 0x0000022492e1c1d0 [0x0000022492e1bdc0+0x0000000000000410]
v  ~StubRoutines::call_stub
J 4353  java.security.AccessController.doPrivileged(Ljava/security/PrivilegedAction;Ljava/security/AccessControlContext;)Ljava/lang/Object; java.base@9.0.4 (0 bytes) @ 0x000002249271b246 [0x000002249271b1e0+0x0000000000000066]
J 13680 c2 ui.frmwork.b.d.dispatchEvent(Ljava/awt/AWTEvent;)V (34 bytes) @ 0x0000022492d21744 [0x0000022492d21380+0x00000000000003c4]
J 16708 c2 java.awt.EventDispatchThread.pumpOneEventForFilters(I)V java.desktop@9.0.4 (218 bytes) @ 0x0000022493199180 [0x0000022493198ee0+0x00000000000002a0]
J 21657 c2 java.awt.EventDispatchThread.pumpEventsForFilter(ILjava/awt/Conditional;Ljava/awt/EventFilter;)V java.desktop@9.0.4 (47 bytes) @ 0x00000224936e5afc [0x00000224936e5940+0x00000000000001bc]
j  java.awt.EventDispatchThread.pumpEventsForFilter(Ljava/awt/Conditional;Ljava/awt/EventFilter;)V+4 java.desktop@9.0.4
j  java.awt.WaitDispatchSupport$2.run()V+59 java.desktop@9.0.4
j  java.awt.WaitDispatchSupport$4.run()Ljava/lang/Void;+4 java.desktop@9.0.4
j  java.awt.WaitDispatchSupport$4.run()Ljava/lang/Object;+1 java.desktop@9.0.4
v  ~StubRoutines::call_stub
J 1038  java.security.AccessController.doPrivileged(Ljava/security/PrivilegedAction;)Ljava/lang/Object; java.base@9.0.4 (0 bytes) @ 0x0000022492546cb2 [0x0000022492546c60+0x0000000000000052]
j  java.awt.WaitDispatchSupport.enter()Z+260 java.desktop@9.0.4
j  java.awt.Dialog.show()V+225 java.desktop@9.0.4
J 9805 c1 java.awt.Component.setVisible(Z)V java.desktop@9.0.4 (6 bytes) @ 0x000002248c68a6cc [0x000002248c68a4e0+0x00000000000001ec]
j  java.awt.Window.setVisible(Z)V+2 java.desktop@9.0.4
j  java.awt.Dialog.setVisible(Z)V+2 java.desktop@9.0.4
j  ui.b.c.g.setVisible(Z)V+2
j  ui.b.c.bz.showDialog()V+64
j  ui.b.c.bI.actionPerformed(Ljava/awt/event/ActionEvent;)V+8
j  ui.b.c.bz.eWx()V+390
j  ui.views.c.o.I.run()V+137
j  ui.frmwork.a.gJb()Z+66
j  ui.views.c.o.ae.actionPerformed(Ljava/awt/event/ActionEvent;)V+87
j  javax.swing.AbstractButton.fireActionPerformed(Ljava/awt/event/ActionEvent;)V+84 java.desktop@9.0.4
j  javax.swing.AbstractButton$Handler.actionPerformed(Ljava/awt/event/ActionEvent;)V+5 java.desktop@9.0.4
j  javax.swing.DefaultButtonModel.fireActionPerformed(Ljava/awt/event/ActionEvent;)V+34 java.desktop@9.0.4
j  javax.swing.DefaultButtonModel.setPressed(Z)V+117 java.desktop@9.0.4
j  javax.swing.AbstractButton.doClick(I)V+60 java.desktop@9.0.4
j  javax.swing.plaf.basic.BasicMenuItemUI.doClick(Ljavax/swing/MenuSelectionManager;)V+47 java.desktop@9.0.4
j  javax.swing.plaf.basic.BasicMenuItemUI$Handler.mouseReleased(Ljava/awt/event/MouseEvent;)V+76 java.desktop@9.0.4
J 21670 c1 java.awt.AWTEventMulticaster.mouseReleased(Ljava/awt/event/MouseEvent;)V java.desktop@9.0.4 (27 bytes) @ 0x000002248c80de8c [0x000002248c80dc80+0x000000000000020c]
J 21670 c1 java.awt.AWTEventMulticaster.mouseReleased(Ljava/awt/event/MouseEvent;)V java.desktop@9.0.4 (27 bytes) @ 0x000002248c80de8c [0x000002248c80dc80+0x000000000000020c]
J 18807 c1 java.awt.Component.processMouseEvent(Ljava/awt/event/MouseEvent;)V java.desktop@9.0.4 (100 bytes) @ 0x000002248c694334 [0x000002248c693fa0+0x0000000000000394]
J 18810 c1 javax.swing.JComponent.processMouseEvent(Ljava/awt/event/MouseEvent;)V java.desktop@9.0.4 (27 bytes) @ 0x000002248c5209ec [0x000002248c5207e0+0x000000000000020c]
J 14287 c2 java.awt.Container.processEvent(Ljava/awt/AWTEvent;)V java.desktop@9.0.4 (22 bytes) @ 0x0000022492dfb6c0 [0x0000022492dfb5a0+0x0000000000000120]
J 21133 c2 java.awt.Component.dispatchEventImpl(Ljava/awt/AWTEvent;)V java.desktop@9.0.4 (739 bytes) @ 0x000002249313be3c [0x000002249313b620+0x000000000000081c]
J 17954 c2 java.awt.Container.dispatchEventImpl(Ljava/awt/AWTEvent;)V java.desktop@9.0.4 (129 bytes) @ 0x0000022493389dd8 [0x0000022493389d80+0x0000000000000058]
J 19328 c2 java.awt.LightweightDispatcher.retargetMouseEvent(Ljava/awt/Component;ILjava/awt/event/MouseEvent;)V java.desktop@9.0.4 (350 bytes) @ 0x00000224934cb258 [0x00000224934cace0+0x0000000000000578]
J 17954 c2 java.awt.Container.dispatchEventImpl(Ljava/awt/AWTEvent;)V java.desktop@9.0.4 (129 bytes) @ 0x000002249338a18c [0x0000022493389d80+0x000000000000040c]
J 20387 c2 java.awt.Window.dispatchEventImpl(Ljava/awt/AWTEvent;)V java.desktop@9.0.4 (23 bytes) @ 0x000002249364638c [0x0000022493646340+0x000000000000004c]
J 14343 c2 java.awt.EventQueue$3.run()Ljava/lang/Object; java.desktop@9.0.4 (5 bytes) @ 0x0000022492e1c24c [0x0000022492e1bdc0+0x000000000000048c]
v  ~StubRoutines::call_stub
J 4353  java.security.AccessController.doPrivileged(Ljava/security/PrivilegedAction;Ljava/security/AccessControlContext;)Ljava/lang/Object; java.base@9.0.4 (0 bytes) @ 0x000002249271b246 [0x000002249271b1e0+0x0000000000000066]
J 18388 c2 java.awt.EventQueue$4.run()Ljava/lang/Object; java.desktop@9.0.4 (5 bytes) @ 0x0000022492cbedc0 [0x0000022492cbeb60+0x0000000000000260]
v  ~StubRoutines::call_stub
J 4353  java.security.AccessController.doPrivileged(Ljava/security/PrivilegedAction;Ljava/security/AccessControlContext;)Ljava/lang/Object; java.base@9.0.4 (0 bytes) @ 0x000002249271b246 [0x000002249271b1e0+0x0000000000000066]
J 13680 c2 ui.frmwork.b.d.dispatchEvent(Ljava/awt/AWTEvent;)V (34 bytes) @ 0x0000022492d2197c [0x0000022492d21380+0x00000000000005fc]
J 16708 c2 java.awt.EventDispatchThread.pumpOneEventForFilters(I)V java.desktop@9.0.4 (218 bytes) @ 0x0000022493199180 [0x0000022493198ee0+0x00000000000002a0]
J 21557% c2 java.awt.EventDispatchThread.pumpEventsForFilter(ILjava/awt/Conditional;Ljava/awt/EventFilter;)V java.desktop@9.0.4 (47 bytes) @ 0x00000224936cabd8 [0x00000224936caac0+0x0000000000000118]
j  java.awt.EventDispatchThread.pumpEventsForHierarchy(ILjava/awt/Conditional;Ljava/awt/Component;)V+11 java.desktop@9.0.4
j  java.awt.EventDispatchThread.pumpEvents(ILjava/awt/Conditional;)V+4 java.desktop@9.0.4
j  java.awt.EventDispatchThread.pumpEvents(Ljava/awt/Conditional;)V+3 java.desktop@9.0.4
j  java.awt.EventDispatchThread.run()V+9 java.desktop@9.0.4
v  ~StubRoutines::call_stub

siginfo: EXCEPTION_ACCESS_VIOLATION (0xc0000005), reading address 0x0000000000000018


Register to memory mapping:

RIP=0x00007ffd9899a335 is an unknown value
RAX=0x0000000000000008 is an unknown value
RBX=0x00000089889f4278 is pointing into the stack for thread: 0x00000224a3ba0800
RCX=0x00000089889f4278 is pointing into the stack for thread: 0x00000224a3ba0800
RDX=0x0000000000000008 is an unknown value
RSP=0x00000089889f4120 is pointing into the stack for thread: 0x00000224a3ba0800
RBP=0x00000089889f4490 is pointing into the stack for thread: 0x00000224a3ba0800
RSI=0x000002251377dfa0 is an unknown value
RDI=0x00000225120bad60 is an unknown value
R8 =0x0000000000000000 is an unknown value
R9 =0xffffffffffffffff is an unknown value
R10=0x0000000000001ac8 is an unknown value
R11=0x00000224af637ee0 is an unknown value
R12=0x0000000000000000 is an unknown value
R13=0x00000007c001ced8 is pointing into metadata
R14=0x0000000000000000 is an unknown value
R15=0x00000224a3ba0800 is a thread


Registers:
RAX=0x0000000000000008, RBX=0x00000089889f4278, RCX=0x00000089889f4278, RDX=0x0000000000000008
RSP=0x00000089889f4120, RBP=0x00000089889f4490, RSI=0x000002251377dfa0, RDI=0x00000225120bad60
R8 =0x0000000000000000, R9 =0xffffffffffffffff, R10=0x0000000000001ac8, R11=0x00000224af637ee0
R12=0x0000000000000000, R13=0x00000007c001ced8, R14=0x0000000000000000, R15=0x00000224a3ba0800
RIP=0x00007ffd9899a335, EFLAGS=0x0000000000010202

Top of Stack: (sp=0x00000089889f4120)
0x00000089889f4120:   ffffffffffffffff 000002251377dfa0
0x00000089889f4130:   0000000000000000 00000089889f42e0
0x00000089889f4140:   0000000000000000 00007ffd98998658
0x00000089889f4150:   00000089889f4278 000002251377dfa0
0x00000089889f4160:   00000225120bad60 0000bb52fb91aec6
0x00000089889f4170:   00000089889f4278 00007ffd98d130aa
0x00000089889f4180:   fffffffffffffffe 000000b2ffffffff
0x00000089889f4190:   00000089889f4278 0000022493477104
0x00000089889f41a0:   0000000004ca1cd0 fffffffffffffffe
0x00000089889f41b0:   0000000704ca1cd0 0000022492e7769c
0x00000089889f41c0:   0000000200000002 000000070bab3700
0x00000089889f41d0:   e175678e00000001 00000007c001a8e8
0x00000089889f41e0:   000000070bab4fc0 00007ffdfcd5b91f
0x00000089889f41f0:   000036f1340a1d36 0000000000000001
0x00000089889f4200:   00000224a3ba0800 0000000000000000
0x00000089889f4210:   000036f1340a1de6 0000000000000000 

Instructions: (pc=0x00007ffd9899a335)
0x00007ffd9899a315:   cc cc cc cc cc cc cc cc cc cc cc 48 89 5c 24 08
0x00007ffd9899a325:   48 89 74 24 10 48 89 7c 24 18 41 56 48 83 ec 20
0x00007ffd9899a335:   48 8b 42 10 49 8b f9 4d 8b f0 48 8b f2 48 8b d9
0x00007ffd9899a345:   49 3b c0 73 0e 48 8d 0d df cc 68 00 ff 15 e9 90 



---------------  P R O C E S S  ---------------

Java Threads: ( => current thread )
  0x00000224ac9ba800 JavaThread "Program Device Thread" [_thread_blocked, id=12980, stack(0x000000898cb00000,0x000000898d000000)]
  0x00000224ac9b7800 JavaThread "Thread-610" [_thread_in_native, id=10444, stack(0x000000898c400000,0x000000898c500000)]
  0x00000224ac9b5000 JavaThread "SyntheticaAnimation 50" daemon [_thread_blocked, id=10868, stack(0x000000898da00000,0x000000898df00000)]
  0x00000224ac9b9800 JavaThread "Image Animator 0" daemon [_thread_blocked, id=8100, stack(0x000000898a300000,0x000000898a800000)]
  0x00000224ac9b6800 JavaThread "Update Runs Swing Worker Thread" [_thread_blocked, id=3368, stack(0x000000898c600000,0x000000898cb00000)]
  0x00000224ac9b6000 JavaThread "hw_ila_monitor" [_thread_blocked, id=13572, stack(0x000000898bc00000,0x000000898c100000)]
  0x00000224ac9b8000 JavaThread "Refresh Filesets Swing Worker Thread" [_thread_blocked, id=6740, stack(0x000000898b700000,0x000000898bc00000)]
  0x00000224f8322000 JavaThread "SyntheticaAnimation 70" daemon [_thread_blocked, id=9392, stack(0x000000898b200000,0x000000898b700000)]
  0x00000224f8321000 JavaThread "SyntheticaAnimation 25" daemon [_thread_blocked, id=8200, stack(0x000000898a800000,0x000000898ad00000)]
  0x00000224f8325000 JavaThread "SyntheticaAnimation 50" daemon [_thread_blocked, id=13244, stack(0x0000008989900000,0x0000008989e00000)]
  0x00000224f8322800 JavaThread "Monitor HEventQueue Thread" [_thread_blocked, id=13500, stack(0x0000008989400000,0x0000008989900000)]
  0x00000224f8320800 JavaThread "SyntheticaCleanerThread" daemon [_thread_blocked, id=12628, stack(0x0000008989e00000,0x000000898a300000)]
  0x00000224f8324000 JavaThread "Batik CleanerThread" daemon [_thread_blocked, id=9580, stack(0x0000008988a00000,0x0000008988f00000)]
  0x0000022482982000 JavaThread "Process Messages Thread" [_thread_blocked, id=2944, stack(0x0000008988f00000,0x0000008989400000)]
  0x0000022482a1e800 JavaThread "Thread-1" [_thread_in_native, id=10408, stack(0x0000008982200000,0x0000008983600000)]
=>0x00000224a3ba0800 JavaThread "AWT-EventQueue-0" [_thread_in_native, id=11224, stack(0x0000008988500000,0x0000008988a00000)]
  0x00000224a3ba0000 JavaThread "AWT-Shutdown" [_thread_blocked, id=12892, stack(0x0000008987100000,0x0000008987600000)]
  0x00000224a3ba8000 JavaThread "TimerQueue" daemon [_thread_blocked, id=3520, stack(0x0000008987b00000,0x0000008988000000)]
  0x00000224f9923800 JavaThread "AWT-Windows" daemon [_thread_in_native, id=10268, stack(0x0000008987600000,0x0000008987b00000)]
  0x000002248222a000 JavaThread "Java2D Disposer" daemon [_thread_blocked, id=12948, stack(0x0000008986c00000,0x0000008987100000)]
  0x00000224f9819000 JavaThread "Service Thread" daemon [_thread_blocked, id=13152, stack(0x0000008986700000,0x0000008986c00000)]
  0x00000224fb98c800 JavaThread "Common-Cleaner" daemon [_thread_blocked, id=3652, stack(0x0000008986200000,0x0000008986700000)]
  0x00000224f8327000 JavaThread "Sweeper thread" daemon [_thread_blocked, id=10612, stack(0x0000008985d00000,0x0000008986200000)]
  0x00000224fa369000 JavaThread "C1 CompilerThread2" daemon [_thread_blocked, id=10636, stack(0x0000008985c00000,0x0000008985d00000)]
  0x00000224fa368800 JavaThread "C2 CompilerThread1" daemon [_thread_blocked, id=12516, stack(0x0000008985b00000,0x0000008985c00000)]
  0x00000224f6574000 JavaThread "C2 CompilerThread0" daemon [_thread_blocked, id=6004, stack(0x0000008985a00000,0x0000008985b00000)]
  0x00000224f6573800 JavaThread "Attach Listener" daemon [_thread_blocked, id=12236, stack(0x0000008985500000,0x0000008985a00000)]
  0x00000224f9751000 JavaThread "Signal Dispatcher" daemon [_thread_blocked, id=11704, stack(0x0000008985000000,0x0000008985500000)]
  0x00000224f8045800 JavaThread "Finalizer" daemon [_thread_blocked, id=8112, stack(0x0000008984b00000,0x0000008985000000)]
  0x00000224f94e3800 JavaThread "Reference Handler" daemon [_thread_blocked, id=7452, stack(0x0000008984600000,0x0000008984b00000)]
  0x00000224fbee4800 JavaThread "main" [_thread_blocked, id=8300, stack(0x0000008983900000,0x0000008983a00000)]

Other Threads:
  0x00000224fbcf6800 VMThread "VM Thread" [stack: 0x0000008984500000,0x0000008984600000] [id=9740]
  0x00000224f60bc800 WatcherThread [stack: 0x0000008982100000,0x0000008982200000] [id=10940]
  0x00000224fbe00800 GCTaskThread "GC Thread#0" [stack: 0x0000008983a00000,0x0000008983b00000] [id=9416]
  0x00000224fb9a3000 GCTaskThread "GC Thread#1" [stack: 0x0000008983b00000,0x0000008983c00000] [id=12816]
  0x00000224fb9a2000 GCTaskThread "GC Thread#2" [stack: 0x0000008983c00000,0x0000008983d00000] [id=8004]
  0x00000224fb9a1800 GCTaskThread "GC Thread#3" [stack: 0x0000008983d00000,0x0000008983e00000] [id=11360]
  0x00000224fbffd000 ConcurrentGCThread "G1 Main Marker" [stack: 0x0000008984300000,0x0000008984400000] [id=11312]
  0x00000224fb9a3800 ConcurrentGCThread "G1 Marker#0" [stack: 0x0000008984400000,0x0000008984500000] [id=8520]
  0x00000224fbf90000 ConcurrentGCThread "G1 Refine#0" [stack: 0x0000008984100000,0x0000008984200000] [id=3272]
  0x00000224fbf00800 ConcurrentGCThread "G1 Refine#1" [stack: 0x0000008984000000,0x0000008984100000] [id=7532]
  0x00000224fb645000 ConcurrentGCThread "G1 Refine#2" [stack: 0x0000008983f00000,0x0000008984000000] [id=8728]
  0x00000224fb959800 ConcurrentGCThread "G1 Refine#3" [stack: 0x0000008983e00000,0x0000008983f00000] [id=8468]
  0x00000224fa359800 ConcurrentGCThread "G1 Young RemSet Sampling" [stack: 0x0000008984200000,0x0000008984300000] [id=12600]

Threads with active compile tasks:

VM state:not at safepoint (normal execution)

VM Mutex/Monitor currently owned by a thread: None

Heap address: 0x0000000700000000, size: 3072 MB, Compressed Oops mode: Zero based, Oop shift amount: 3
Narrow klass base: 0x0000000000000000, Narrow klass shift: 3
Compressed class space size: 1073741824 Address: 0x00000007c0000000

Heap:
 garbage-first heap   total 227328K, used 139344K [0x0000000700000000, 0x00000007001006f0, 0x00000007c0000000)
  region size 1024K, 39 young (39936K), 2 survivors (2048K)
 Metaspace       used 91677K, capacity 97833K, committed 98076K, reserved 1132544K
  class space    used 13207K, capacity 14258K, committed 14364K, reserved 1048576K
Heap Regions: E=young(eden), S=young(survivor), O=old, HS=humongous(starts), HC=humongous(continues), CS=collection set, F=free, A=archive, TS=gc time stamp, AC=allocation context, TAMS=top-at-mark-start (previous, next)
|   0|0x0000000700000000, 0x00000007000fc030, 0x0000000700100000| 98%| O|  |TS  0|AC  0|TAMS 0x0000000700000000, 0x0000000700000000|
|   1|0x0000000700100000, 0x00000007001f2a20, 0x0000000700200000| 94%| O|  |TS  0|AC  0|TAMS 0x0000000700100000, 0x0000000700100000|
|   2|0x0000000700200000, 0x0000000700300000, 0x0000000700300000|100%|HS|  |TS  0|AC  0|TAMS 0x0000000700200000, 0x0000000700200000|
|   3|0x0000000700300000, 0x0000000700400000, 0x0000000700400000|100%|HC|  |TS  0|AC  0|TAMS 0x0000000700300000, 0x0000000700300000|
|   4|0x0000000700400000, 0x0000000700500000, 0x0000000700500000|100%|HS|  |TS  0|AC  0|TAMS 0x0000000700400000, 0x0000000700400000|
|   5|0x0000000700500000, 0x00000007005fe500, 0x0000000700600000| 99%| O|  |TS  0|AC  0|TAMS 0x0000000700500000, 0x0000000700500000|
|   6|0x0000000700600000, 0x00000007006f9078, 0x0000000700700000| 97%| O|  |TS  0|AC  0|TAMS 0x0000000700600000, 0x0000000700600000|
|   7|0x0000000700700000, 0x00000007007ff3d0, 0x0000000700800000| 99%| O|  |TS  0|AC  0|TAMS 0x0000000700700000, 0x0000000700700000|
|   8|0x0000000700800000, 0x00000007008fbb38, 0x0000000700900000| 98%| O|  |TS  0|AC  0|TAMS 0x0000000700800000, 0x0000000700800000|
|   9|0x0000000700900000, 0x00000007009f1430, 0x0000000700a00000| 94%| O|  |TS  0|AC  0|TAMS 0x0000000700900000, 0x0000000700900000|
|  10|0x0000000700a00000, 0x0000000700affff8, 0x0000000700b00000| 99%| O|  |TS  0|AC  0|TAMS 0x0000000700a00000, 0x0000000700a00000|
|  11|0x0000000700b00000, 0x0000000700bfffe8, 0x0000000700c00000| 99%| O|  |TS  0|AC  0|TAMS 0x0000000700b00000, 0x0000000700b00000|
|  12|0x0000000700c00000, 0x0000000700cffff8, 0x0000000700d00000| 99%| O|  |TS  0|AC  0|TAMS 0x0000000700c00000, 0x0000000700c00000|
|  13|0x0000000700d00000, 0x0000000700dfc008, 0x0000000700e00000| 98%| O|  |TS  0|AC  0|TAMS 0x0000000700d00000, 0x0000000700d00000|
|  14|0x0000000700e00000, 0x0000000700efff30, 0x0000000700f00000| 99%| O|  |TS  0|AC  0|TAMS 0x0000000700e00000, 0x0000000700e00000|
|  15|0x0000000700f00000, 0x0000000700ffffe8, 0x0000000701000000| 99%| O|  |TS  0|AC  0|TAMS 0x0000000700f00000, 0x0000000700f00000|
|  16|0x0000000701000000, 0x00000007010ffff8, 0x0000000701100000| 99%| O|  |TS  0|AC  0|TAMS 0x0000000701000000, 0x0000000701000000|
|  17|0x0000000701100000, 0x0000000701200000, 0x0000000701200000|100%| O|  |TS  0|AC  0|TAMS 0x0000000701100000, 0x0000000701100000|
|  18|0x0000000701200000, 0x00000007012fff98, 0x0000000701300000| 99%| O|  |TS  0|AC  0|TAMS 0x0000000701200000, 0x0000000701200000|
|  19|0x0000000701300000, 0x00000007013b6e80, 0x0000000701400000| 71%| O|  |TS  0|AC  0|TAMS 0x0000000701300000, 0x0000000701300000|
|  20|0x0000000701400000, 0x00000007014fffd0, 0x0000000701500000| 99%| O|  |TS  0|AC  0|TAMS 0x0000000701400000, 0x0000000701400000|
|  21|0x0000000701500000, 0x0000000701600000, 0x0000000701600000|100%| O|  |TS  0|AC  0|TAMS 0x0000000701500000, 0x0000000701500000|
|  22|0x0000000701600000, 0x00000007016ffff8, 0x0000000701700000| 99%| O|  |TS  0|AC  0|TAMS 0x0000000701600000, 0x0000000701600000|
|  23|0x0000000701700000, 0x00000007017ffff8, 0x0000000701800000| 99%| O|  |TS  0|AC  0|TAMS 0x0000000701700000, 0x0000000701700000|
|  24|0x0000000701800000, 0x00000007018ffff8, 0x0000000701900000| 99%| O|  |TS  0|AC  0|TAMS 0x0000000701800000, 0x0000000701800000|
|  25|0x0000000701900000, 0x00000007019fffe8, 0x0000000701a00000| 99%| O|  |TS  0|AC  0|TAMS 0x0000000701900000, 0x0000000701900000|
|  26|0x0000000701a00000, 0x0000000701b00000, 0x0000000701b00000|100%| O|  |TS  0|AC  0|TAMS 0x0000000701a00000, 0x0000000701a00000|
|  27|0x0000000701b00000, 0x0000000701bfffe8, 0x0000000701c00000| 99%| O|  |TS  0|AC  0|TAMS 0x0000000701b00000, 0x0000000701b00000|
|  28|0x0000000701c00000, 0x0000000701cfffe0, 0x0000000701d00000| 99%| O|  |TS  0|AC  0|TAMS 0x0000000701c00000, 0x0000000701c00000|
|  29|0x0000000701d00000, 0x0000000701dffff8, 0x0000000701e00000| 99%| O|  |TS  0|AC  0|TAMS 0x0000000701d00000, 0x0000000701d00000|
|  30|0x0000000701e00000, 0x0000000701efffd0, 0x0000000701f00000| 99%| O|  |TS  0|AC  0|TAMS 0x0000000701e00000, 0x0000000701e00000|
|  31|0x0000000701f00000, 0x0000000701ffffe8, 0x0000000702000000| 99%| O|  |TS  0|AC  0|TAMS 0x0000000701f00000, 0x0000000701f00000|
|  32|0x0000000702000000, 0x00000007020fffe0, 0x0000000702100000| 99%| O|  |TS  0|AC  0|TAMS 0x0000000702000000, 0x0000000702000000|
|  33|0x0000000702100000, 0x00000007021ffff0, 0x0000000702200000| 99%| O|  |TS  0|AC  0|TAMS 0x0000000702100000, 0x0000000702100000|
|  34|0x0000000702200000, 0x00000007022fff78, 0x0000000702300000| 99%| O|  |TS  0|AC  0|TAMS 0x0000000702200000, 0x0000000702200000|
|  35|0x0000000702300000, 0x0000000702400000, 0x0000000702400000|100%| O|  |TS  0|AC  0|TAMS 0x0000000702300000, 0x0000000702300000|
|  36|0x0000000702400000, 0x00000007024ffff0, 0x0000000702500000| 99%| O|  |TS  0|AC  0|TAMS 0x0000000702400000, 0x0000000702400000|
|  37|0x0000000702500000, 0x00000007025ffff8, 0x0000000702600000| 99%| O|  |TS  0|AC  0|TAMS 0x0000000702500000, 0x0000000702500000|
|  38|0x0000000702600000, 0x00000007026ffff8, 0x0000000702700000| 99%| O|  |TS  0|AC  0|TAMS 0x0000000702600000, 0x0000000702600000|
|  39|0x0000000702700000, 0x00000007027ffff8, 0x0000000702800000| 99%| O|  |TS  0|AC  0|TAMS 0x0000000702700000, 0x0000000702700000|
|  40|0x0000000702800000, 0x00000007028ffed8, 0x0000000702900000| 99%| O|  |TS  0|AC  0|TAMS 0x0000000702800000, 0x0000000702800000|
|  41|0x0000000702900000, 0x00000007029ffff0, 0x0000000702a00000| 99%| O|  |TS  0|AC  0|TAMS 0x0000000702900000, 0x0000000702900000|
|  42|0x0000000702a00000, 0x0000000702b00000, 0x0000000702b00000|100%| O|  |TS  0|AC  0|TAMS 0x0000000702a00000, 0x0000000702a00000|
|  43|0x0000000702b00000, 0x0000000702c00000, 0x0000000702c00000|100%| O|  |TS  0|AC  0|TAMS 0x0000000702b00000, 0x0000000702b00000|
|  44|0x0000000702c00000, 0x0000000702cfffd0, 0x0000000702d00000| 99%| O|  |TS  0|AC  0|TAMS 0x0000000702c00000, 0x0000000702c00000|
|  45|0x0000000702d00000, 0x0000000702dfe998, 0x0000000702e00000| 99%| O|  |TS  0|AC  0|TAMS 0x0000000702d00000, 0x0000000702d00000|
|  46|0x0000000702e00000, 0x0000000702effff8, 0x0000000702f00000| 99%| O|  |TS  0|AC  0|TAMS 0x0000000702e00000, 0x0000000702e00000|
|  47|0x0000000702f00000, 0x0000000702ffffe8, 0x0000000703000000| 99%| O|  |TS  0|AC  0|TAMS 0x0000000702f00000, 0x0000000702f00000|
|  48|0x0000000703000000, 0x0000000703100000, 0x0000000703100000|100%| O|  |TS  0|AC  0|TAMS 0x0000000703000000, 0x0000000703000000|
|  49|0x0000000703100000, 0x0000000703200000, 0x0000000703200000|100%| O|  |TS  0|AC  0|TAMS 0x0000000703100000, 0x0000000703100000|
|  50|0x0000000703200000, 0x00000007032ffff0, 0x0000000703300000| 99%| O|  |TS  0|AC  0|TAMS 0x0000000703200000, 0x0000000703200000|
|  51|0x0000000703300000, 0x0000000703400000, 0x0000000703400000|100%|HS|  |TS  0|AC  0|TAMS 0x0000000703300000, 0x0000000703300000|
|  52|0x0000000703400000, 0x0000000703500000, 0x0000000703500000|100%|HC|  |TS  0|AC  0|TAMS 0x0000000703400000, 0x0000000703400000|
|  53|0x0000000703500000, 0x0000000703600000, 0x0000000703600000|100%|HC|  |TS  0|AC  0|TAMS 0x0000000703500000, 0x0000000703500000|
|  54|0x0000000703600000, 0x0000000703700000, 0x0000000703700000|100%|HC|  |TS  0|AC  0|TAMS 0x0000000703600000, 0x0000000703600000|
|  55|0x0000000703700000, 0x0000000703800000, 0x0000000703800000|100%|HC|  |TS  0|AC  0|TAMS 0x0000000703700000, 0x0000000703700000|
|  56|0x0000000703800000, 0x0000000703900000, 0x0000000703900000|100%|HC|  |TS  0|AC  0|TAMS 0x0000000703800000, 0x0000000703800000|
|  57|0x0000000703900000, 0x0000000703a00000, 0x0000000703a00000|100%|HC|  |TS  0|AC  0|TAMS 0x0000000703900000, 0x0000000703900000|
|  58|0x0000000703a00000, 0x0000000703b00000, 0x0000000703b00000|100%|HC|  |TS  0|AC  0|TAMS 0x0000000703a00000, 0x0000000703a00000|
|  59|0x0000000703b00000, 0x0000000703bfff90, 0x0000000703c00000| 99%| O|  |TS  0|AC  0|TAMS 0x0000000703b00000, 0x0000000703b00000|
|  60|0x0000000703c00000, 0x0000000703cfffd8, 0x0000000703d00000| 99%| O|  |TS  0|AC  0|TAMS 0x0000000703c00000, 0x0000000703c00000|
|  61|0x0000000703d00000, 0x0000000703dffff8, 0x0000000703e00000| 99%| O|  |TS  0|AC  0|TAMS 0x0000000703d00000, 0x0000000703d00000|
|  62|0x0000000703e00000, 0x0000000703efffe8, 0x0000000703f00000| 99%| O|  |TS  0|AC  0|TAMS 0x0000000703e00000, 0x0000000703e00000|
|  63|0x0000000703f00000, 0x0000000703ffffe0, 0x0000000704000000| 99%| O|  |TS  0|AC  0|TAMS 0x0000000703f00000, 0x0000000703f00000|
|  64|0x0000000704000000, 0x00000007040ffff8, 0x0000000704100000| 99%| O|  |TS  0|AC  0|TAMS 0x0000000704000000, 0x0000000704000000|
|  65|0x0000000704100000, 0x00000007041fffb8, 0x0000000704200000| 99%| O|  |TS  0|AC  0|TAMS 0x0000000704100000, 0x0000000704100000|
|  66|0x0000000704200000, 0x0000000704300000, 0x0000000704300000|100%| O|  |TS  0|AC  0|TAMS 0x0000000704200000, 0x0000000704200000|
|  67|0x0000000704300000, 0x00000007043fffe8, 0x0000000704400000| 99%| O|  |TS  0|AC  0|TAMS 0x0000000704300000, 0x0000000704300000|
|  68|0x0000000704400000, 0x00000007044fffa8, 0x0000000704500000| 99%| O|  |TS  0|AC  0|TAMS 0x0000000704400000, 0x0000000704400000|
|  69|0x0000000704500000, 0x00000007045fffd0, 0x0000000704600000| 99%| O|  |TS  0|AC  0|TAMS 0x0000000704500000, 0x0000000704500000|
|  70|0x0000000704600000, 0x00000007046fffd8, 0x0000000704700000| 99%| O|  |TS  0|AC  0|TAMS 0x0000000704600000, 0x0000000704600000|
|  71|0x0000000704700000, 0x00000007047fffe8, 0x0000000704800000| 99%| O|  |TS  0|AC  0|TAMS 0x0000000704700000, 0x0000000704700000|
|  72|0x0000000704800000, 0x00000007048f04d0, 0x0000000704900000| 93%| O|  |TS  0|AC  0|TAMS 0x0000000704800000, 0x0000000704800000|
|  73|0x0000000704900000, 0x00000007049fff98, 0x0000000704a00000| 99%| O|  |TS  0|AC  0|TAMS 0x0000000704900000, 0x0000000704900000|
|  74|0x0000000704a00000, 0x0000000704afffc8, 0x0000000704b00000| 99%| O|  |TS  0|AC  0|TAMS 0x0000000704a00000, 0x0000000704a00000|
|  75|0x0000000704b00000, 0x0000000704c00000, 0x0000000704c00000|100%| O|  |TS  0|AC  0|TAMS 0x0000000704b00000, 0x0000000704b00000|
|  76|0x0000000704c00000, 0x0000000704cfffe0, 0x0000000704d00000| 99%| O|  |TS  0|AC  0|TAMS 0x0000000704c00000, 0x0000000704c00000|
|  77|0x0000000704d00000, 0x0000000704dffff8, 0x0000000704e00000| 99%| O|  |TS  0|AC  0|TAMS 0x0000000704d00000, 0x0000000704d00000|
|  78|0x0000000704e00000, 0x0000000704efffe8, 0x0000000704f00000| 99%| O|  |TS  0|AC  0|TAMS 0x0000000704e00000, 0x0000000704e00000|
|  79|0x0000000704f00000, 0x0000000704ffffe8, 0x0000000705000000| 99%| O|  |TS  0|AC  0|TAMS 0x0000000704f00000, 0x0000000704f00000|
|  80|0x0000000705000000, 0x00000007050ffee0, 0x0000000705100000| 99%| O|  |TS  0|AC  0|TAMS 0x0000000705000000, 0x0000000705000000|
|  81|0x0000000705100000, 0x00000007051fffe0, 0x0000000705200000| 99%| O|  |TS  0|AC  0|TAMS 0x0000000705100000, 0x0000000705100000|
|  82|0x0000000705200000, 0x00000007052ffff0, 0x0000000705300000| 99%| O|  |TS  0|AC  0|TAMS 0x0000000705200000, 0x0000000705200000|
|  83|0x0000000705300000, 0x00000007053fffe8, 0x0000000705400000| 99%| O|  |TS  0|AC  0|TAMS 0x0000000705300000, 0x0000000705300000|
|  84|0x0000000705400000, 0x00000007054fffa0, 0x0000000705500000| 99%| O|  |TS  0|AC  0|TAMS 0x0000000705400000, 0x0000000705400000|
|  85|0x0000000705500000, 0x00000007055fffd8, 0x0000000705600000| 99%| O|  |TS  0|AC  0|TAMS 0x0000000705500000, 0x0000000705500000|
|  86|0x0000000705600000, 0x00000007056fffe0, 0x0000000705700000| 99%| O|  |TS  0|AC  0|TAMS 0x0000000705600000, 0x0000000705600000|
|  87|0x0000000705700000, 0x00000007057ffff0, 0x0000000705800000| 99%| O|  |TS  0|AC  0|TAMS 0x0000000705700000, 0x0000000705700000|
|  88|0x0000000705800000, 0x00000007058ffff8, 0x0000000705900000| 99%| O|  |TS  0|AC  0|TAMS 0x0000000705800000, 0x0000000705800000|
|  89|0x0000000705900000, 0x0000000705a00000, 0x0000000705a00000|100%| O|  |TS  0|AC  0|TAMS 0x0000000705900000, 0x0000000705900000|
|  90|0x0000000705a00000, 0x0000000705afff70, 0x0000000705b00000| 99%| O|  |TS  0|AC  0|TAMS 0x0000000705a00000, 0x0000000705a00000|
|  91|0x0000000705b00000, 0x0000000705bfea18, 0x0000000705c00000| 99%| O|  |TS  0|AC  0|TAMS 0x0000000705b00000, 0x0000000705b00000|
|  92|0x0000000705c00000, 0x0000000705d00000, 0x0000000705d00000|100%| O|  |TS  0|AC  0|TAMS 0x0000000705c00000, 0x0000000705c00000|
|  93|0x0000000705d00000, 0x0000000705dca590, 0x0000000705e00000| 79%| O|  |TS  0|AC  0|TAMS 0x0000000705d00000, 0x0000000705d00000|
|  94|0x0000000705e00000, 0x0000000705f00000, 0x0000000705f00000|100%| O|  |TS 71|AC  0|TAMS 0x0000000705e00000, 0x0000000705e00000|
|  95|0x0000000705f00000, 0x0000000706000000, 0x0000000706000000|100%| O|  |TS103|AC  0|TAMS 0x0000000705f00000, 0x0000000705f00000|
|  96|0x0000000706000000, 0x000000070600ac00, 0x0000000706100000|  4%| O|  |TS103|AC  0|TAMS 0x0000000706000000, 0x0000000706000000|
|  97|0x0000000706100000, 0x0000000706100000, 0x0000000706200000|  0%| F|  |TS  0|AC  0|TAMS 0x0000000706100000, 0x0000000706100000|
|  98|0x0000000706200000, 0x0000000706300000, 0x0000000706300000|100%|HS|  |TS  0|AC  0|TAMS 0x0000000706200000, 0x0000000706200000|
|  99|0x0000000706300000, 0x0000000706400000, 0x0000000706400000|100%|HC|  |TS  0|AC  0|TAMS 0x0000000706300000, 0x0000000706300000|
| 100|0x0000000706400000, 0x0000000706500000, 0x0000000706500000|100%|HC|  |TS  0|AC  0|TAMS 0x0000000706400000, 0x0000000706400000|
| 101|0x0000000706500000, 0x0000000706500000, 0x0000000706600000|  0%| F|  |TS  0|AC  0|TAMS 0x0000000706500000, 0x0000000706500000|
| 102|0x0000000706600000, 0x0000000706600000, 0x0000000706700000|  0%| F|  |TS  0|AC  0|TAMS 0x0000000706600000, 0x0000000706600000|
| 103|0x0000000706700000, 0x0000000706700000, 0x0000000706800000|  0%| F|  |TS  0|AC  0|TAMS 0x0000000706700000, 0x0000000706700000|
| 104|0x0000000706800000, 0x0000000706800000, 0x0000000706900000|  0%| F|  |TS  0|AC  0|TAMS 0x0000000706800000, 0x0000000706800000|
| 105|0x0000000706900000, 0x0000000706900000, 0x0000000706a00000|  0%| F|  |TS  0|AC  0|TAMS 0x0000000706900000, 0x0000000706900000|
| 106|0x0000000706a00000, 0x0000000706a00000, 0x0000000706b00000|  0%| F|  |TS  0|AC  0|TAMS 0x0000000706a00000, 0x0000000706a00000|
| 107|0x0000000706b00000, 0x0000000706b00000, 0x0000000706c00000|  0%| F|  |TS  0|AC  0|TAMS 0x0000000706b00000, 0x0000000706b00000|
| 108|0x0000000706c00000, 0x0000000706c00000, 0x0000000706d00000|  0%| F|  |TS  0|AC  0|TAMS 0x0000000706c00000, 0x0000000706c00000|
| 109|0x0000000706d00000, 0x0000000706d00000, 0x0000000706e00000|  0%| F|  |TS  0|AC  0|TAMS 0x0000000706d00000, 0x0000000706d00000|
| 110|0x0000000706e00000, 0x0000000706e00000, 0x0000000706f00000|  0%| F|  |TS  0|AC  0|TAMS 0x0000000706e00000, 0x0000000706e00000|
| 111|0x0000000706f00000, 0x0000000706f00000, 0x0000000707000000|  0%| F|  |TS  0|AC  0|TAMS 0x0000000706f00000, 0x0000000706f00000|
| 112|0x0000000707000000, 0x0000000707000000, 0x0000000707100000|  0%| F|  |TS  0|AC  0|TAMS 0x0000000707000000, 0x0000000707000000|
| 113|0x0000000707100000, 0x0000000707100000, 0x0000000707200000|  0%| F|  |TS  0|AC  0|TAMS 0x0000000707100000, 0x0000000707100000|
| 114|0x0000000707200000, 0x0000000707200000, 0x0000000707300000|  0%| F|  |TS  0|AC  0|TAMS 0x0000000707200000, 0x0000000707200000|
| 115|0x0000000707300000, 0x0000000707300000, 0x0000000707400000|  0%| F|  |TS  0|AC  0|TAMS 0x0000000707300000, 0x0000000707300000|
| 116|0x0000000707400000, 0x0000000707400000, 0x0000000707500000|  0%| F|  |TS  0|AC  0|TAMS 0x0000000707400000, 0x0000000707400000|
| 117|0x0000000707500000, 0x0000000707500000, 0x0000000707600000|  0%| F|  |TS  0|AC  0|TAMS 0x0000000707500000, 0x0000000707500000|
| 118|0x0000000707600000, 0x0000000707600000, 0x0000000707700000|  0%| F|  |TS  0|AC  0|TAMS 0x0000000707600000, 0x0000000707600000|
| 119|0x0000000707700000, 0x0000000707700000, 0x0000000707800000|  0%| F|  |TS  0|AC  0|TAMS 0x0000000707700000, 0x0000000707700000|
| 120|0x0000000707800000, 0x0000000707800000, 0x0000000707900000|  0%| F|  |TS  0|AC  0|TAMS 0x0000000707800000, 0x0000000707800000|
| 121|0x0000000707900000, 0x0000000707900000, 0x0000000707a00000|  0%| F|  |TS  0|AC  0|TAMS 0x0000000707900000, 0x0000000707900000|
| 122|0x0000000707a00000, 0x0000000707a00000, 0x0000000707b00000|  0%| F|  |TS  0|AC  0|TAMS 0x0000000707a00000, 0x0000000707a00000|
| 123|0x0000000707b00000, 0x0000000707b00000, 0x0000000707c00000|  0%| F|  |TS  0|AC  0|TAMS 0x0000000707b00000, 0x0000000707b00000|
| 124|0x0000000707c00000, 0x0000000707c00000, 0x0000000707d00000|  0%| F|  |TS  0|AC  0|TAMS 0x0000000707c00000, 0x0000000707c00000|
| 125|0x0000000707d00000, 0x0000000707d00000, 0x0000000707e00000|  0%| F|  |TS  0|AC  0|TAMS 0x0000000707d00000, 0x0000000707d00000|
| 126|0x0000000707e00000, 0x0000000707e00000, 0x0000000707f00000|  0%| F|  |TS  0|AC  0|TAMS 0x0000000707e00000, 0x0000000707e00000|
| 127|0x0000000707f00000, 0x0000000707f00000, 0x0000000708000000|  0%| F|  |TS  0|AC  0|TAMS 0x0000000707f00000, 0x0000000707f00000|
| 128|0x0000000708000000, 0x0000000708000000, 0x0000000708100000|  0%| F|  |TS  0|AC  0|TAMS 0x0000000708000000, 0x0000000708000000|
| 129|0x0000000708100000, 0x0000000708100000, 0x0000000708200000|  0%| F|  |TS  0|AC  0|TAMS 0x0000000708100000, 0x0000000708100000|
| 130|0x0000000708200000, 0x0000000708200000, 0x0000000708300000|  0%| F|  |TS  0|AC  0|TAMS 0x0000000708200000, 0x0000000708200000|
| 131|0x0000000708300000, 0x0000000708300000, 0x0000000708400000|  0%| F|  |TS  0|AC  0|TAMS 0x0000000708300000, 0x0000000708300000|
| 132|0x0000000708400000, 0x0000000708400000, 0x0000000708500000|  0%| F|  |TS  0|AC  0|TAMS 0x0000000708400000, 0x0000000708400000|
| 133|0x0000000708500000, 0x0000000708500000, 0x0000000708600000|  0%| F|  |TS  0|AC  0|TAMS 0x0000000708500000, 0x0000000708500000|
| 134|0x0000000708600000, 0x0000000708600000, 0x0000000708700000|  0%| F|  |TS  0|AC  0|TAMS 0x0000000708600000, 0x0000000708600000|
| 135|0x0000000708700000, 0x0000000708700000, 0x0000000708800000|  0%| F|  |TS  0|AC  0|TAMS 0x0000000708700000, 0x0000000708700000|
| 136|0x0000000708800000, 0x0000000708800000, 0x0000000708900000|  0%| F|  |TS  0|AC  0|TAMS 0x0000000708800000, 0x0000000708800000|
| 137|0x0000000708900000, 0x0000000708900000, 0x0000000708a00000|  0%| F|  |TS  0|AC  0|TAMS 0x0000000708900000, 0x0000000708900000|
| 138|0x0000000708a00000, 0x0000000708a00000, 0x0000000708b00000|  0%| F|  |TS  0|AC  0|TAMS 0x0000000708a00000, 0x0000000708a00000|
| 139|0x0000000708b00000, 0x0000000708b00000, 0x0000000708c00000|  0%| F|  |TS  0|AC  0|TAMS 0x0000000708b00000, 0x0000000708b00000|
| 140|0x0000000708c00000, 0x0000000708c00000, 0x0000000708d00000|  0%| F|  |TS  0|AC  0|TAMS 0x0000000708c00000, 0x0000000708c00000|
| 141|0x0000000708d00000, 0x0000000708d00000, 0x0000000708e00000|  0%| F|  |TS  0|AC  0|TAMS 0x0000000708d00000, 0x0000000708d00000|
| 142|0x0000000708e00000, 0x0000000708e00000, 0x0000000708f00000|  0%| F|  |TS  0|AC  0|TAMS 0x0000000708e00000, 0x0000000708e00000|
| 143|0x0000000708f00000, 0x0000000708f00000, 0x0000000709000000|  0%| F|  |TS  0|AC  0|TAMS 0x0000000708f00000, 0x0000000708f00000|
| 144|0x0000000709000000, 0x0000000709000000, 0x0000000709100000|  0%| F|  |TS  0|AC  0|TAMS 0x0000000709000000, 0x0000000709000000|
| 145|0x0000000709100000, 0x0000000709100000, 0x0000000709200000|  0%| F|  |TS  0|AC  0|TAMS 0x0000000709100000, 0x0000000709100000|
| 146|0x0000000709200000, 0x0000000709200000, 0x0000000709300000|  0%| F|  |TS  0|AC  0|TAMS 0x0000000709200000, 0x0000000709200000|
| 147|0x0000000709300000, 0x0000000709300000, 0x0000000709400000|  0%| F|  |TS  0|AC  0|TAMS 0x0000000709300000, 0x0000000709300000|
| 148|0x0000000709400000, 0x0000000709400000, 0x0000000709500000|  0%| F|  |TS  0|AC  0|TAMS 0x0000000709400000, 0x0000000709400000|
| 149|0x0000000709500000, 0x0000000709500000, 0x0000000709600000|  0%| F|  |TS  0|AC  0|TAMS 0x0000000709500000, 0x0000000709500000|
| 150|0x0000000709600000, 0x0000000709600000, 0x0000000709700000|  0%| F|  |TS  0|AC  0|TAMS 0x0000000709600000, 0x0000000709600000|
| 151|0x0000000709700000, 0x0000000709700000, 0x0000000709800000|  0%| F|  |TS  0|AC  0|TAMS 0x0000000709700000, 0x0000000709700000|
| 152|0x0000000709800000, 0x0000000709800000, 0x0000000709900000|  0%| F|  |TS  0|AC  0|TAMS 0x0000000709800000, 0x0000000709800000|
| 153|0x0000000709900000, 0x0000000709900000, 0x0000000709a00000|  0%| F|  |TS  0|AC  0|TAMS 0x0000000709900000, 0x0000000709900000|
| 154|0x0000000709a00000, 0x0000000709a00000, 0x0000000709b00000|  0%| F|  |TS  0|AC  0|TAMS 0x0000000709a00000, 0x0000000709a00000|
| 155|0x0000000709b00000, 0x0000000709b00000, 0x0000000709c00000|  0%| F|  |TS  0|AC  0|TAMS 0x0000000709b00000, 0x0000000709b00000|
| 156|0x0000000709c00000, 0x0000000709c00000, 0x0000000709d00000|  0%| F|  |TS  0|AC  0|TAMS 0x0000000709c00000, 0x0000000709c00000|
| 157|0x0000000709d00000, 0x0000000709d00000, 0x0000000709e00000|  0%| F|  |TS  0|AC  0|TAMS 0x0000000709d00000, 0x0000000709d00000|
| 158|0x0000000709e00000, 0x0000000709e00000, 0x0000000709f00000|  0%| F|  |TS  0|AC  0|TAMS 0x0000000709e00000, 0x0000000709e00000|
| 159|0x0000000709f00000, 0x0000000709f00000, 0x000000070a000000|  0%| F|  |TS  0|AC  0|TAMS 0x0000000709f00000, 0x0000000709f00000|
| 160|0x000000070a000000, 0x000000070a000000, 0x000000070a100000|  0%| F|  |TS103|AC  0|TAMS 0x000000070a000000, 0x000000070a000000|
| 161|0x000000070a100000, 0x000000070a100000, 0x000000070a200000|  0%| F|  |TS103|AC  0|TAMS 0x000000070a100000, 0x000000070a100000|
| 162|0x000000070a200000, 0x000000070a2cd160, 0x000000070a300000| 80%| S|CS|TS103|AC  0|TAMS 0x000000070a200000, 0x000000070a200000|
| 163|0x000000070a300000, 0x000000070a400000, 0x000000070a400000|100%| S|CS|TS103|AC  0|TAMS 0x000000070a300000, 0x000000070a300000|
| 164|0x000000070a400000, 0x000000070a400000, 0x000000070a500000|  0%| F|  |TS103|AC  0|TAMS 0x000000070a400000, 0x000000070a400000|
| 165|0x000000070a500000, 0x000000070a500000, 0x000000070a600000|  0%| F|  |TS103|AC  0|TAMS 0x000000070a500000, 0x000000070a500000|
| 166|0x000000070a600000, 0x000000070a600000, 0x000000070a700000|  0%| F|  |TS103|AC  0|TAMS 0x000000070a600000, 0x000000070a600000|
| 167|0x000000070a700000, 0x000000070a700000, 0x000000070a800000|  0%| F|  |TS103|AC  0|TAMS 0x000000070a700000, 0x000000070a700000|
| 168|0x000000070a800000, 0x000000070a800000, 0x000000070a900000|  0%| F|  |TS103|AC  0|TAMS 0x000000070a800000, 0x000000070a800000|
| 169|0x000000070a900000, 0x000000070a900000, 0x000000070aa00000|  0%| F|  |TS103|AC  0|TAMS 0x000000070a900000, 0x000000070a900000|
| 170|0x000000070aa00000, 0x000000070aa00000, 0x000000070ab00000|  0%| F|  |TS103|AC  0|TAMS 0x000000070aa00000, 0x000000070aa00000|
| 171|0x000000070ab00000, 0x000000070ab00000, 0x000000070ac00000|  0%| F|  |TS103|AC  0|TAMS 0x000000070ab00000, 0x000000070ab00000|
| 172|0x000000070ac00000, 0x000000070ac00000, 0x000000070ad00000|  0%| F|  |TS103|AC  0|TAMS 0x000000070ac00000, 0x000000070ac00000|
| 173|0x000000070ad00000, 0x000000070ad00000, 0x000000070ae00000|  0%| F|  |TS103|AC  0|TAMS 0x000000070ad00000, 0x000000070ad00000|
| 174|0x000000070ae00000, 0x000000070ae00000, 0x000000070af00000|  0%| F|  |TS103|AC  0|TAMS 0x000000070ae00000, 0x000000070ae00000|
| 175|0x000000070af00000, 0x000000070af00000, 0x000000070b000000|  0%| F|  |TS103|AC  0|TAMS 0x000000070af00000, 0x000000070af00000|
| 176|0x000000070b000000, 0x000000070b000000, 0x000000070b100000|  0%| F|  |TS103|AC  0|TAMS 0x000000070b000000, 0x000000070b000000|
| 177|0x000000070b100000, 0x000000070b100000, 0x000000070b200000|  0%| F|  |TS103|AC  0|TAMS 0x000000070b100000, 0x000000070b100000|
| 178|0x000000070b200000, 0x000000070b200000, 0x000000070b300000|  0%| F|  |TS103|AC  0|TAMS 0x000000070b200000, 0x000000070b200000|
| 179|0x000000070b300000, 0x000000070b300000, 0x000000070b400000|  0%| F|  |TS103|AC  0|TAMS 0x000000070b300000, 0x000000070b300000|
| 180|0x000000070b400000, 0x000000070b400000, 0x000000070b500000|  0%| F|  |TS103|AC  0|TAMS 0x000000070b400000, 0x000000070b400000|
| 181|0x000000070b500000, 0x000000070b500000, 0x000000070b600000|  0%| F|  |TS103|AC  0|TAMS 0x000000070b500000, 0x000000070b500000|
| 182|0x000000070b600000, 0x000000070b600000, 0x000000070b700000|  0%| F|  |TS103|AC  0|TAMS 0x000000070b600000, 0x000000070b600000|
| 183|0x000000070b700000, 0x000000070b700000, 0x000000070b800000|  0%| F|  |TS103|AC  0|TAMS 0x000000070b700000, 0x000000070b700000|
| 184|0x000000070b800000, 0x000000070b800000, 0x000000070b900000|  0%| F|  |TS103|AC  0|TAMS 0x000000070b800000, 0x000000070b800000|
| 185|0x000000070b900000, 0x000000070b91e358, 0x000000070ba00000| 11%| E|  |TS103|AC  0|TAMS 0x000000070b900000, 0x000000070b900000|
| 186|0x000000070ba00000, 0x000000070bb00000, 0x000000070bb00000|100%| E|CS|TS103|AC  0|TAMS 0x000000070ba00000, 0x000000070ba00000|
| 187|0x000000070bb00000, 0x000000070bc00000, 0x000000070bc00000|100%| E|CS|TS103|AC  0|TAMS 0x000000070bb00000, 0x000000070bb00000|
| 188|0x000000070bc00000, 0x000000070bd00000, 0x000000070bd00000|100%| E|CS|TS103|AC  0|TAMS 0x000000070bc00000, 0x000000070bc00000|
| 189|0x000000070bd00000, 0x000000070be00000, 0x000000070be00000|100%| E|CS|TS103|AC  0|TAMS 0x000000070bd00000, 0x000000070bd00000|
| 190|0x000000070be00000, 0x000000070bf00000, 0x000000070bf00000|100%| E|CS|TS103|AC  0|TAMS 0x000000070be00000, 0x000000070be00000|
| 191|0x000000070bf00000, 0x000000070c000000, 0x000000070c000000|100%| E|CS|TS103|AC  0|TAMS 0x000000070bf00000, 0x000000070bf00000|
| 192|0x000000070c000000, 0x000000070c100000, 0x000000070c100000|100%| E|CS|TS103|AC  0|TAMS 0x000000070c000000, 0x000000070c000000|
| 193|0x000000070c100000, 0x000000070c200000, 0x000000070c200000|100%| E|CS|TS103|AC  0|TAMS 0x000000070c100000, 0x000000070c100000|
| 194|0x000000070c200000, 0x000000070c300000, 0x000000070c300000|100%| E|CS|TS103|AC  0|TAMS 0x000000070c200000, 0x000000070c200000|
| 195|0x000000070c300000, 0x000000070c400000, 0x000000070c400000|100%| E|CS|TS103|AC  0|TAMS 0x000000070c300000, 0x000000070c300000|
| 196|0x000000070c400000, 0x000000070c500000, 0x000000070c500000|100%| E|CS|TS103|AC  0|TAMS 0x000000070c400000, 0x000000070c400000|
| 197|0x000000070c500000, 0x000000070c600000, 0x000000070c600000|100%| E|CS|TS103|AC  0|TAMS 0x000000070c500000, 0x000000070c500000|
| 198|0x000000070c600000, 0x000000070c700000, 0x000000070c700000|100%| E|CS|TS103|AC  0|TAMS 0x000000070c600000, 0x000000070c600000|
| 199|0x000000070c700000, 0x000000070c800000, 0x000000070c800000|100%| E|CS|TS103|AC  0|TAMS 0x000000070c700000, 0x000000070c700000|
| 200|0x000000070c800000, 0x000000070c900000, 0x000000070c900000|100%| E|CS|TS103|AC  0|TAMS 0x000000070c800000, 0x000000070c800000|
| 201|0x000000070c900000, 0x000000070ca00000, 0x000000070ca00000|100%| E|CS|TS103|AC  0|TAMS 0x000000070c900000, 0x000000070c900000|
| 202|0x000000070ca00000, 0x000000070cb00000, 0x000000070cb00000|100%| E|CS|TS103|AC  0|TAMS 0x000000070ca00000, 0x000000070ca00000|
| 203|0x000000070cb00000, 0x000000070cc00000, 0x000000070cc00000|100%| E|CS|TS103|AC  0|TAMS 0x000000070cb00000, 0x000000070cb00000|
| 204|0x000000070cc00000, 0x000000070cd00000, 0x000000070cd00000|100%| E|CS|TS103|AC  0|TAMS 0x000000070cc00000, 0x000000070cc00000|
| 205|0x000000070cd00000, 0x000000070ce00000, 0x000000070ce00000|100%| E|CS|TS103|AC  0|TAMS 0x000000070cd00000, 0x000000070cd00000|
| 206|0x000000070ce00000, 0x000000070cf00000, 0x000000070cf00000|100%| E|CS|TS103|AC  0|TAMS 0x000000070ce00000, 0x000000070ce00000|
| 207|0x000000070cf00000, 0x000000070d000000, 0x000000070d000000|100%| E|CS|TS103|AC  0|TAMS 0x000000070cf00000, 0x000000070cf00000|
| 208|0x000000070d000000, 0x000000070d100000, 0x000000070d100000|100%| E|CS|TS103|AC  0|TAMS 0x000000070d000000, 0x000000070d000000|
| 209|0x000000070d100000, 0x000000070d200000, 0x000000070d200000|100%| E|CS|TS103|AC  0|TAMS 0x000000070d100000, 0x000000070d100000|
| 210|0x000000070d200000, 0x000000070d300000, 0x000000070d300000|100%| E|CS|TS103|AC  0|TAMS 0x000000070d200000, 0x000000070d200000|
| 211|0x000000070d300000, 0x000000070d400000, 0x000000070d400000|100%| E|CS|TS103|AC  0|TAMS 0x000000070d300000, 0x000000070d300000|
| 212|0x000000070d400000, 0x000000070d500000, 0x000000070d500000|100%| E|CS|TS103|AC  0|TAMS 0x000000070d400000, 0x000000070d400000|
| 213|0x000000070d500000, 0x000000070d600000, 0x000000070d600000|100%| E|CS|TS103|AC  0|TAMS 0x000000070d500000, 0x000000070d500000|
| 214|0x000000070d600000, 0x000000070d700000, 0x000000070d700000|100%| E|CS|TS103|AC  0|TAMS 0x000000070d600000, 0x000000070d600000|
| 215|0x000000070d700000, 0x000000070d800000, 0x000000070d800000|100%| E|CS|TS103|AC  0|TAMS 0x000000070d700000, 0x000000070d700000|
| 216|0x000000070d800000, 0x000000070d900000, 0x000000070d900000|100%| E|CS|TS103|AC  0|TAMS 0x000000070d800000, 0x000000070d800000|
| 217|0x000000070d900000, 0x000000070da00000, 0x000000070da00000|100%| E|CS|TS103|AC  0|TAMS 0x000000070d900000, 0x000000070d900000|
| 218|0x000000070da00000, 0x000000070db00000, 0x000000070db00000|100%| E|CS|TS103|AC  0|TAMS 0x000000070da00000, 0x000000070da00000|
| 219|0x000000070db00000, 0x000000070dc00000, 0x000000070dc00000|100%| E|CS|TS103|AC  0|TAMS 0x000000070db00000, 0x000000070db00000|
| 220|0x000000070dc00000, 0x000000070dd00000, 0x000000070dd00000|100%| E|CS|TS103|AC  0|TAMS 0x000000070dc00000, 0x000000070dc00000|
| 221|0x000000070dd00000, 0x000000070de00000, 0x000000070de00000|100%| E|CS|TS103|AC  0|TAMS 0x000000070dd00000, 0x000000070dd00000|

Card table byte_map: [0x0000022481240000,0x0000022481840000] byte_map_base: 0x000002247da40000

Marking Bits (Prev, Next): (CMBitMap*) 0x00000224fa7f1718, (CMBitMap*) 0x00000224fa7f16e0
 Prev Bits: [0x000002249d020000, 0x00000224a0020000)
 Next Bits: [0x000002249a020000, 0x000002249d020000)

Polling page: 0x0000022481e00000

CodeHeap 'non-profiled nmethods': size=120064Kb used=20187Kb max_used=20187Kb free=99876Kb
 bounds [0x00000224924e0000, 0x00000224938a0000, 0x0000022499a20000]
CodeHeap 'profiled nmethods': size=120000Kb used=45715Kb max_used=45715Kb free=74285Kb
 bounds [0x000002248afb0000, 0x000002248dca0000, 0x00000224924e0000]
CodeHeap 'non-nmethods': size=5696Kb used=1804Kb max_used=1860Kb free=3891Kb
 bounds [0x000002248aa20000, 0x000002248ac90000, 0x000002248afb0000]
 total_blobs=32661 nmethods=18166 adapters=1151
 compilation: enabled

Compilation events (10 events):
Event: 2515.988 Thread 0x00000224fa369000 23226       3       ui.data.chipscope.x::aYl (61 bytes)
Event: 2515.988 Thread 0x00000224fa369000 nmethod 23226 0x000002248dc93c90 code [0x000002248dc93e80, 0x000002248dc943c0]
Event: 2515.988 Thread 0x00000224fa369000 23225       3       ui.data.chipscope.x::aLO (4 bytes)
Event: 2515.988 Thread 0x00000224fa369000 nmethod 23225 0x000002248c785b90 code [0x000002248c785d40, 0x000002248c785e98]
Event: 2515.990 Thread 0x00000224fa369000 23227       3       ui.views.u.b.g::iGI (8 bytes)
Event: 2515.990 Thread 0x00000224fa369000 nmethod 23227 0x000002248dc94590 code [0x000002248dc94740, 0x000002248dc94998]
Event: 2515.991 Thread 0x00000224fa369000 23228       1       ui.views.cx::hXT (2 bytes)
Event: 2515.991 Thread 0x00000224fa369000 nmethod 23228 0x0000022493899e10 code [0x0000022493899fc0, 0x000002249389a0d8]
Event: 2516.074 Thread 0x00000224fa369000 23229       3       java.io.File::<init> (20 bytes)
Event: 2516.074 Thread 0x00000224fa369000 nmethod 23229 0x000002248dc94a10 code [0x000002248dc94bc0, 0x000002248dc94e18]

GC Heap History (10 events):
Event: 2510.641 GC heap before
{Heap before GC invocations=227 (full 9):
 garbage-first heap   total 227328K, used 161369K [0x0000000700000000, 0x00000007001006f0, 0x00000007c0000000)
  region size 1024K, 60 young (61440K), 2 survivors (2048K)
 Metaspace       used 91628K, capacity 97769K, committed 98076K, reserved 1132544K
  class space    used 13207K, capacity 14258K, committed 14364K, reserved 1048576K
}
Event: 2510.647 GC heap after
{Heap after GC invocations=228 (full 9):
 garbage-first heap   total 227328K, used 101725K [0x0000000700000000, 0x00000007001006f0, 0x00000007c0000000)
  region size 1024K, 2 young (2048K), 2 survivors (2048K)
 Metaspace       used 91628K, capacity 97769K, committed 98076K, reserved 1132544K
  class space    used 13207K, capacity 14258K, committed 14364K, reserved 1048576K
}
Event: 2511.067 GC heap before
{Heap before GC invocations=228 (full 9):
 garbage-first heap   total 227328K, used 161117K [0x0000000700000000, 0x00000007001006f0, 0x00000007c0000000)
  region size 1024K, 60 young (61440K), 2 survivors (2048K)
 Metaspace       used 91630K, capacity 97769K, committed 98076K, reserved 1132544K
  class space    used 13207K, capacity 14258K, committed 14364K, reserved 1048576K
}
Event: 2511.073 GC heap after
{Heap after GC invocations=229 (full 9):
 garbage-first heap   total 227328K, used 101898K [0x0000000700000000, 0x00000007001006f0, 0x00000007c0000000)
  region size 1024K, 2 young (2048K), 2 survivors (2048K)
 Metaspace       used 91630K, capacity 97769K, committed 98076K, reserved 1132544K
  class space    used 13207K, capacity 14258K, committed 14364K, reserved 1048576K
}
Event: 2511.629 GC heap before
{Heap before GC invocations=229 (full 9):
 garbage-first heap   total 227328K, used 161290K [0x0000000700000000, 0x00000007001006f0, 0x00000007c0000000)
  region size 1024K, 60 young (61440K), 2 survivors (2048K)
 Metaspace       used 91631K, capacity 97769K, committed 98076K, reserved 1132544K
  class space    used 13207K, capacity 14258K, committed 14364K, reserved 1048576K
}
Event: 2511.636 GC heap after
{Heap after GC invocations=230 (full 9):
 garbage-first heap   total 227328K, used 101814K [0x0000000700000000, 0x00000007001006f0, 0x00000007c0000000)
  region size 1024K, 2 young (2048K), 2 survivors (2048K)
 Metaspace       used 91631K, capacity 97769K, committed 98076K, reserved 1132544K
  class space    used 13207K, capacity 14258K, committed 14364K, reserved 1048576K
}
Event: 2512.322 GC heap before
{Heap before GC invocations=230 (full 9):
 garbage-first heap   total 227328K, used 161206K [0x0000000700000000, 0x00000007001006f0, 0x00000007c0000000)
  region size 1024K, 60 young (61440K), 2 survivors (2048K)
 Metaspace       used 91631K, capacity 97769K, committed 98076K, reserved 1132544K
  class space    used 13207K, capacity 14258K, committed 14364K, reserved 1048576K
}
Event: 2512.331 GC heap after
{Heap after GC invocations=231 (full 9):
 garbage-first heap   total 227328K, used 101999K [0x0000000700000000, 0x00000007001006f0, 0x00000007c0000000)
  region size 1024K, 2 young (2048K), 2 survivors (2048K)
 Metaspace       used 91631K, capacity 97769K, committed 98076K, reserved 1132544K
  class space    used 13207K, capacity 14258K, committed 14364K, reserved 1048576K
}
Event: 2514.429 GC heap before
{Heap before GC invocations=231 (full 9):
 garbage-first heap   total 227328K, used 161391K [0x0000000700000000, 0x00000007001006f0, 0x00000007c0000000)
  region size 1024K, 60 young (61440K), 2 survivors (2048K)
 Metaspace       used 91645K, capacity 97769K, committed 98076K, reserved 1132544K
  class space    used 13207K, capacity 14258K, committed 14364K, reserved 1048576K
}
Event: 2514.437 GC heap after
{Heap after GC invocations=232 (full 9):
 garbage-first heap   total 227328K, used 102480K [0x0000000700000000, 0x00000007001006f0, 0x00000007c0000000)
  region size 1024K, 2 young (2048K), 2 survivors (2048K)
 Metaspace       used 91645K, capacity 97769K, committed 98076K, reserved 1132544K
  class space    used 13207K, capacity 14258K, committed 14364K, reserved 1048576K
}

Deoptimization events (10 events):
Event: 2088.429 Thread 0x00000224a3ba0800 Uncommon trap: reason=unstable_if action=reinterpret pc=0x0000022493635894 method=ui.views.V.a.aR.paintFolding(Ljava/awt/Graphics;Lcom/jidesoft/editor/folding/FoldingSpan;I)V @ 26 c2
Event: 2089.801 Thread 0x00000224a3ba0800 Uncommon trap: reason=class_check action=maybe_recompile pc=0x00000224934cead0 method=com.jidesoft.plaf.basic.BasicJideButtonUI.getIcon(Ljavax/swing/AbstractButton;)Ljavax/swing/Icon; @ 91 c2
Event: 2090.219 Thread 0x00000224a3ba0800 Uncommon trap: reason=unstable_if action=reinterpret pc=0x0000022492f811c8 method=java.awt.Component.processMouseMotionEvent(Ljava/awt/event/MouseEvent;)V @ 6 c2
Event: 2115.190 Thread 0x00000224a3ba0800 Uncommon trap: reason=unstable_if action=reinterpret pc=0x0000022493145fd8 method=java.awt.Component.processMouseMotionEvent(Ljava/awt/event/MouseEvent;)V @ 6 c2
Event: 2181.624 Thread 0x00000224f9923800 Uncommon trap: reason=unstable_if action=reinterpret pc=0x00000224935ce0f4 method=sun.awt.windows.WWindowPeer.preprocessPostEvent(Ljava/awt/AWTEvent;)V @ 4 c2
Event: 2181.794 Thread 0x00000224a3ba0800 Uncommon trap: reason=class_check action=maybe_recompile pc=0x00000224927625ec method=java.lang.Throwable.<init>()V @ 24 c2
Event: 2181.794 Thread 0x00000224a3ba0800 Uncommon trap: reason=class_check action=maybe_recompile pc=0x00000224927625ec method=java.lang.Throwable.<init>()V @ 24 c2
Event: 2183.811 Thread 0x00000224a3ba0800 Uncommon trap: reason=bimorphic_or_optimized_type_check action=maybe_recompile pc=0x00000224932552ac method=java.lang.Throwable.<init>()V @ 24 c2
Event: 2183.811 Thread 0x00000224a3ba0800 Uncommon trap: reason=bimorphic_or_optimized_type_check action=maybe_recompile pc=0x00000224932552ac method=java.lang.Throwable.<init>()V @ 24 c2
Event: 2183.835 Thread 0x00000224a3ba0800 Uncommon trap: reason=unstable_if action=reinterpret pc=0x0000022493601d6c method=java.awt.LightweightDispatcher.eventDispatched(Ljava/awt/AWTEvent;)V @ 32 c2

Classes redefined (0 events):
No events

Internal exceptions (10 events):
Event: 2155.193 Thread 0x00000224a3ba0800 Exception <a 'java/io/FileNotFoundException'{0x000000070aad8608}> (0x000000070aad8608) thrown at [t:/workspace/hotspot/src/share/vm/prims/jni.cpp, line 604]
Event: 2160.194 Thread 0x00000224a3ba0800 Exception <a 'java/io/FileNotFoundException'{0x000000070a7cea28}> (0x000000070a7cea28) thrown at [t:/workspace/hotspot/src/share/vm/prims/jni.cpp, line 604]
Event: 2165.194 Thread 0x00000224a3ba0800 Exception <a 'java/io/FileNotFoundException'{0x000000070dd6da88}> (0x000000070dd6da88) thrown at [t:/workspace/hotspot/src/share/vm/prims/jni.cpp, line 604]
Event: 2170.195 Thread 0x00000224a3ba0800 Exception <a 'java/io/FileNotFoundException'{0x000000070daced90}> (0x000000070daced90) thrown at [t:/workspace/hotspot/src/share/vm/prims/jni.cpp, line 604]
Event: 2181.794 Thread 0x00000224a3ba0800 Exception <a 'sun/nio/fs/WindowsException'{0x000000070d3a8280}> (0x000000070d3a8280) thrown at [t:/workspace/hotspot/src/share/vm/prims/jni.cpp, line 604]
Event: 2181.794 Thread 0x00000224a3ba0800 Exception <a 'sun/nio/fs/WindowsException'{0x000000070d3a85d0}> (0x000000070d3a85d0) thrown at [t:/workspace/hotspot/src/share/vm/prims/jni.cpp, line 604]
Event: 2183.811 Thread 0x00000224a3ba0800 Exception <a 'sun/nio/fs/WindowsException'{0x000000070b456ae0}> (0x000000070b456ae0) thrown at [t:/workspace/hotspot/src/share/vm/prims/jni.cpp, line 604]
Event: 2183.812 Thread 0x00000224a3ba0800 Exception <a 'sun/nio/fs/WindowsException'{0x000000070b456e30}> (0x000000070b456e30) thrown at [t:/workspace/hotspot/src/share/vm/prims/jni.cpp, line 604]
Event: 2401.974 Thread 0x00000224ac9ba800 Exception <a 'java/lang/InterruptedException'{0x000000070b91fc20}: sleep interrupted> (0x000000070b91fc20) thrown at [t:/workspace/hotspot/src/share/vm/prims/jvm.cpp, line 2984]
Event: 2506.994 Thread 0x00000224ac9ba800 Exception <a 'java/lang/InterruptedException'{0x000000070dae8ed0}: sleep interrupted> (0x000000070dae8ed0) thrown at [t:/workspace/hotspot/src/share/vm/prims/jvm.cpp, line 2984]

Events (10 events):
Event: 2514.429 Executing VM operation: G1IncCollectionPause
Event: 2514.437 Executing VM operation: G1IncCollectionPause done
Event: 2514.536 Thread 0x00000224ac9bb000 Thread added: 0x00000224ac9bb000
Event: 2514.543 Thread 0x00000224ac9bb000 Thread exited: 0x00000224ac9bb000
Event: 2515.148 Thread 0x00000224ac9b4800 Thread added: 0x00000224ac9b4800
Event: 2515.152 Executing VM operation: RevokeBias
Event: 2515.152 Executing VM operation: RevokeBias done
Event: 2515.152 Thread 0x00000224ac9b4800 Thread exited: 0x00000224ac9b4800
Event: 2515.483 Thread 0x00000224ac9bb000 Thread added: 0x00000224ac9bb000
Event: 2515.487 Thread 0x00000224ac9bb000 Thread exited: 0x00000224ac9bb000


Dynamic libraries:
0x00007ff605580000 - 0x00007ff6055b0000 	C:\Xilinx\Vivado\2020.1\bin\unwrapped\win64.o\vivado.exe
0x00007ffdfcd20000 - 0x00007ffdfcf10000 	C:\WINDOWS\SYSTEM32\ntdll.dll
0x00007ffdfca00000 - 0x00007ffdfcab2000 	C:\WINDOWS\System32\KERNEL32.DLL
0x00007ffdfa9a0000 - 0x00007ffdfac45000 	C:\WINDOWS\System32\KERNELBASE.dll
0x00007ffdf9d00000 - 0x00007ffdf9dfa000 	C:\WINDOWS\System32\ucrtbase.dll
0x00007ffddf050000 - 0x00007ffddf0e9000 	C:\WINDOWS\SYSTEM32\MSVCP140.dll
0x00007ffdf4090000 - 0x00007ffdf40aa000 	C:\Xilinx\Vivado\2020.1\lib\win64.o\librdi_commonmain.dll
0x00007ffdf49c0000 - 0x00007ffdf49d4000 	C:\Xilinx\Vivado\2020.1\lib\win64.o\libboost_signals.dll
0x00007ffddf160000 - 0x00007ffddf177000 	C:\WINDOWS\SYSTEM32\VCRUNTIME140.dll
0x00007ffdf3760000 - 0x00007ffdf3786000 	C:\Xilinx\Vivado\2020.1\lib\win64.o\libboost_filesystem.dll
0x00007ffdfb240000 - 0x00007ffdfb2e3000 	C:\WINDOWS\System32\ADVAPI32.dll
0x00007ffdf3870000 - 0x00007ffdf387a000 	C:\Xilinx\Vivado\2020.1\lib\win64.o\librdi_commonversion.dll
0x00007ffdfb850000 - 0x00007ffdfb8ee000 	C:\WINDOWS\System32\msvcrt.dll
0x00007ffdfcac0000 - 0x00007ffdfcb57000 	C:\WINDOWS\System32\sechost.dll
0x00007ffdfc5a0000 - 0x00007ffdfc6bf000 	C:\WINDOWS\System32\RPCRT4.dll
0x00007ffdb4e90000 - 0x00007ffdb5f56000 	C:\Xilinx\Vivado\2020.1\lib\win64.o\librdi_common.dll
0x00007ffdfbab0000 - 0x00007ffdfbc44000 	C:\WINDOWS\System32\USER32.dll
0x00007ffdfa8a0000 - 0x00007ffdfa8c1000 	C:\WINDOWS\System32\win32u.dll
0x0000000072700000 - 0x000000007282b000 	C:\Xilinx\Vivado\2020.1\lib\win64.o\tcl85t.dll
0x00007ffdfc6c0000 - 0x00007ffdfc72f000 	C:\WINDOWS\System32\WS2_32.dll
0x00007ffdfbc50000 - 0x00007ffdfbc76000 	C:\WINDOWS\System32\GDI32.dll
0x00007ffdf9f50000 - 0x00007ffdfa0e8000 	C:\WINDOWS\System32\gdi32full.dll
0x00007ffdfac50000 - 0x00007ffdfacee000 	C:\WINDOWS\System32\msvcp_win.dll
0x00007ffde8cf0000 - 0x00007ffde8e91000 	C:\Xilinx\Vivado\2020.1\lib\win64.o\librdi_commonxillic.dll
0x00007ffdf3750000 - 0x00007ffdf375b000 	C:\Xilinx\Vivado\2020.1\lib\win64.o\libboost_system.dll
0x00007ffdfa0f0000 - 0x00007ffdfa116000 	C:\WINDOWS\System32\bcrypt.dll
0x00007ffdfbc80000 - 0x00007ffdfc368000 	C:\WINDOWS\System32\SHELL32.dll
0x00007ffdfacf0000 - 0x00007ffdfad3a000 	C:\WINDOWS\System32\cfgmgr32.dll
0x00007ffdfc8e0000 - 0x00007ffdfc987000 	C:\WINDOWS\System32\shcore.dll
0x00007ffdfb3d0000 - 0x00007ffdfb707000 	C:\WINDOWS\System32\combase.dll
0x00007ffdfad40000 - 0x00007ffdfadc1000 	C:\WINDOWS\System32\bcryptPrimitives.dll
0x00007ffdf35b0000 - 0x00007ffdf35c4000 	C:\Xilinx\Vivado\2020.1\lib\win64.o\libboost_date_time.dll
0x00007ffdf3530000 - 0x00007ffdf35af000 	C:\Xilinx\Vivado\2020.1\lib\win64.o\libboost_program_options.dll
0x00007ffdfa120000 - 0x00007ffdfa89b000 	C:\WINDOWS\System32\windows.storage.dll
0x00007ffdf9c50000 - 0x00007ffdf9c73000 	C:\WINDOWS\System32\profapi.dll
0x00007ffdf9be0000 - 0x00007ffdf9c2a000 	C:\WINDOWS\System32\powrprof.dll
0x00007ffdf9bd0000 - 0x00007ffdf9be0000 	C:\WINDOWS\System32\UMPDC.dll
0x00007ffdfb8f0000 - 0x00007ffdfb942000 	C:\WINDOWS\System32\shlwapi.dll
0x00007ffde7500000 - 0x00007ffde7614000 	C:\Xilinx\Vivado\2020.1\lib\win64.o\libboost_regex.dll
0x00007ffdf9c80000 - 0x00007ffdf9c91000 	C:\WINDOWS\System32\kernel.appcore.dll
0x00007ffdf3500000 - 0x00007ffdf3521000 	C:\Xilinx\Vivado\2020.1\lib\win64.o\libboost_thread.dll
0x00007ffdfa8d0000 - 0x00007ffdfa8e7000 	C:\WINDOWS\System32\cryptsp.dll
0x00007ffdf34f0000 - 0x00007ffdf34ff000 	C:\Xilinx\Vivado\2020.1\lib\win64.o\libboost_xilinx.dll
0x00007ffdebe10000 - 0x00007ffdebe92000 	C:\Xilinx\Vivado\2020.1\lib\win64.o\libhdlpsolve.dll
0x00007ffde8c40000 - 0x00007ffde8ce5000 	C:\Xilinx\Vivado\2020.1\lib\win64.o\libhdxml.dll
0x00007ffdf34c0000 - 0x00007ffdf34ee000 	C:\Xilinx\Vivado\2020.1\lib\win64.o\libisl_sysinfo.dll
0x00007ffdb7670000 - 0x00007ffdb79de000 	C:\Xilinx\Vivado\2020.1\lib\win64.o\libCOIN-all.dll
0x00007ffdeacb0000 - 0x00007ffdead15000 	C:\Xilinx\Vivado\2020.1\lib\win64.o\liblmx6.0.dll
0x00007ffdf3310000 - 0x00007ffdf332a000 	C:\Xilinx\Vivado\2020.1\lib\win64.o\pthreadVC2.dll
0x00007ffdf1d70000 - 0x00007ffdf1d8c000 	C:\Xilinx\Vivado\2020.1\lib\win64.o\librdiconfig.dll
0x00007ffdebde0000 - 0x00007ffdebe01000 	C:\Xilinx\Vivado\2020.1\lib\win64.o\librdizlib.dll
0x0000000012000000 - 0x0000000012270000 	C:\Xilinx\Vivado\2020.1\lib\win64.o\xerces-c_3_1.dll
0x00007ffdb41d0000 - 0x00007ffdb4e85a00 	C:\Xilinx\Vivado\2020.1\lib\win64.o\libisl_iostreams.dll
0x00007ffddacf0000 - 0x00007ffddafcb000 	C:\Xilinx\Vivado\2020.1\lib\win64.o\libXil_lmgr11.dll
0x00007ffdfcb70000 - 0x00007ffdfcc40000 	C:\WINDOWS\System32\COMDLG32.dll
0x00007ffdfb300000 - 0x00007ffdfb3c5000 	C:\WINDOWS\System32\OLEAUT32.dll
0x00007ffdfc370000 - 0x00007ffdfc4c7000 	C:\WINDOWS\System32\ole32.dll
0x00007ffddedb0000 - 0x00007ffddedc7000 	C:\WINDOWS\SYSTEM32\NETAPI32.dll
0x00007ffdf9ca0000 - 0x00007ffdf9cfc000 	C:\WINDOWS\System32\WINTRUST.dll
0x00007ffde97d0000 - 0x00007ffde98c0000 	C:\WINDOWS\SYSTEM32\WINHTTP.dll
0x00007ffddd350000 - 0x00007ffddd825000 	C:\WINDOWS\SYSTEM32\WININET.dll
0x00007ffdf9c30000 - 0x00007ffdf9c42000 	C:\WINDOWS\System32\MSASN1.dll
0x00007ffdf9e00000 - 0x00007ffdf9f4a000 	C:\WINDOWS\System32\CRYPT32.dll
0x00007ffdea7b0000 - 0x00007ffdea986000 	C:\WINDOWS\SYSTEM32\urlmon.dll
0x00007ffdde770000 - 0x00007ffdde779000 	C:\WINDOWS\SYSTEM32\WSOCK32.dll
0x00007ffdebdd0000 - 0x00007ffdebddd000 	C:\Xilinx\Vivado\2020.1\lib\win64.o\libboost_chrono.dll
0x00007ffdeaa20000 - 0x00007ffdeaa49000 	C:\WINDOWS\SYSTEM32\VCOMP140.DLL
0x00007ffdb3330000 - 0x00007ffdb41c1000 	C:\Xilinx\Vivado\2020.1\lib\win64.o\gurobi65.dll
0x00007ffddc030000 - 0x00007ffddc0d9000 	C:\WINDOWS\WinSxS\amd64_microsoft.windows.common-controls_6595b64144ccf1df_5.82.18362.1379_none_73b5a52ad813d2b1\COMCTL32.dll
0x00007ffdebdb0000 - 0x00007ffdebdcb000 	C:\Xilinx\Vivado\2020.1\lib\win64.o\libboost_iostreams.dll
0x00007ffde9f40000 - 0x00007ffde9f65000 	C:\Xilinx\Vivado\2020.1\lib\win64.o\libisl_iosutils.dll
0x00007ffdf84a0000 - 0x00007ffdf84bc000 	C:\WINDOWS\SYSTEM32\dhcpcsvc.DLL
0x00007ffdfc9f0000 - 0x00007ffdfc9f8000 	C:\WINDOWS\System32\NSI.dll
0x00007ffde5210000 - 0x00007ffde54b7000 	C:\WINDOWS\SYSTEM32\iertutil.dll
0x00007ffdf95e0000 - 0x00007ffdf95ec000 	C:\WINDOWS\SYSTEM32\CRYPTBASE.DLL
0x00007ffdf9230000 - 0x00007ffdf923c000 	C:\WINDOWS\SYSTEM32\NETUTILS.DLL
0x00007ffdf9410000 - 0x00007ffdf9477000 	C:\WINDOWS\SYSTEM32\MSWSOCK.DLL
0x00007ffdfccb0000 - 0x00007ffdfccde000 	C:\WINDOWS\System32\IMM32.DLL
0x00007ffdb61e0000 - 0x00007ffdb66dc000 	C:\Xilinx\Vivado\2020.1\lib\win64.o\librdi_commontasks.dll
0x00007ffdf3e50000 - 0x00007ffdf3e5a000 	C:\WINDOWS\SYSTEM32\VERSION.dll
0x0000000071cd0000 - 0x00000000726f5000 	C:\Xilinx\Vivado\2020.1\tps\win64\jre9.0.4\bin\server\jvm.dll
0x00007ffdfcb60000 - 0x00007ffdfcb68000 	C:\WINDOWS\System32\PSAPI.DLL
0x00007ffde7dd0000 - 0x00007ffde7df4000 	C:\WINDOWS\SYSTEM32\WINMM.dll
0x00007ffdb7380000 - 0x00007ffdb7664000 	C:\Xilinx\Vivado\2020.1\lib\win64.o\librdi_sio.dll
0x00007ffdd8380000 - 0x00007ffdd846f000 	C:\WINDOWS\SYSTEM32\MSVCR120.dll
0x00007ffde7da0000 - 0x00007ffde7dcd000 	C:\WINDOWS\SYSTEM32\WINMMBASE.dll
0x00007ffdf9120000 - 0x00007ffdf915a000 	C:\WINDOWS\SYSTEM32\IPHLPAPI.DLL
0x00007ffdaf020000 - 0x00007ffdb16b5000 	C:\Xilinx\Vivado\2020.1\lib\win64.o\librdi_tcltasks.dll
0x00007ffde9120000 - 0x00007ffde919b000 	C:\Xilinx\Vivado\2020.1\lib\win64.o\librdi_boarddep.dll
0x00007ffdd4870000 - 0x00007ffdd4a23000 	C:\Xilinx\Vivado\2020.1\lib\win64.o\librdi_board.dll
0x00007ffdcd290000 - 0x00007ffdcd386000 	C:\Xilinx\Vivado\2020.1\lib\win64.o\librdi_chipscope.dll
0x00007ffdb2e60000 - 0x00007ffdb3326000 	C:\Xilinx\Vivado\2020.1\lib\win64.o\librdi_bitstream.dll
0x00007ffdb6f50000 - 0x00007ffdb70ab000 	C:\Xilinx\Vivado\2020.1\lib\win64.o\librdi_containers.dll
0x00007ffdb7f20000 - 0x00007ffdb80e1000 	C:\Xilinx\Vivado\2020.1\lib\win64.o\librdi_chipscopeimpl.dll
0x00007ffdb2780000 - 0x00007ffdb2e59000 	C:\Xilinx\Vivado\2020.1\lib\win64.o\librdi_coregenipxact.dll
0x00007ffdad3f0000 - 0x00007ffdaf01a000 	C:\Xilinx\Vivado\2020.1\lib\win64.o\librdi_constraints.dll
0x00007ffdb2430000 - 0x00007ffdb277b000 	C:\Xilinx\Vivado\2020.1\lib\win64.o\librdi_dlyest.dll
0x00007ffdab280000 - 0x00007ffdad3ed000 	C:\Xilinx\Vivado\2020.1\lib\win64.o\librdi_coregen.dll
0x00007ffdb1e10000 - 0x00007ffdb242e000 	C:\Xilinx\Vivado\2020.1\lib\win64.o\librdi_drc.dll
0x00007ffda6f50000 - 0x00007ffdab27e000 	C:\Xilinx\Vivado\2020.1\lib\win64.o\librdi_designutils.dll
0x00007ffdd7450000 - 0x00007ffdd7514000 	C:\Xilinx\Vivado\2020.1\lib\win64.o\librdi_dsp.dll
0x00007ffdb1af0000 - 0x00007ffdb1e0c000 	C:\Xilinx\Vivado\2020.1\lib\win64.o\librdi_guitools.dll
0x00007ffda68c0000 - 0x00007ffda6f46000 	C:\Xilinx\Vivado\2020.1\lib\win64.o\librdi_filemgmt.dll
0x00007ffde7290000 - 0x00007ffde7307000 	C:\Xilinx\Vivado\2020.1\lib\win64.o\librdi_hdf.dll
0x00007ffdb5f80000 - 0x00007ffdb61d5000 	C:\Xilinx\Vivado\2020.1\lib\win64.o\librdi_hip_devdesign.dll
0x00007ffdb6e00000 - 0x00007ffdb6f48000 	C:\Xilinx\Vivado\2020.1\lib\win64.o\librdi_hip_perf_analysis.dll
0x00007ffdd5180000 - 0x00007ffdd51f4000 	C:\Xilinx\Vivado\2020.1\lib\win64.o\librdi_memoryarray.dll
0x00007ffda6280000 - 0x00007ffda68be000 	C:\Xilinx\Vivado\2020.1\lib\win64.o\librdi_memdata.dll
0x00007ffda13a0000 - 0x00007ffda1aa3000 	C:\Xilinx\Vivado\2020.1\lib\win64.o\librdi_netlist.dll
0x00007ffda4930000 - 0x00007ffda627a000 	C:\Xilinx\Vivado\2020.1\lib\win64.o\librdi_implflow.dll
0x00007ffde73e0000 - 0x00007ffde742e000 	C:\Xilinx\Vivado\2020.1\lib\win64.o\librdi_pfi.dll
0x00007ffd9e4c0000 - 0x00007ffd9e811000 	C:\Xilinx\Vivado\2020.1\lib\win64.o\librdi_platform.dll
0x00007ffd9dc80000 - 0x00007ffd9e4b4000 	C:\Xilinx\Vivado\2020.1\lib\win64.o\librdi_power.dll
0x00007ffd809a0000 - 0x00007ffd98870000 	C:\Xilinx\Vivado\2020.1\lib\win64.o\librdi_device.dll
0x00007ffd9d680000 - 0x00007ffd9dc75000 	C:\Xilinx\Vivado\2020.1\lib\win64.o\librdi_project.dll
0x00007ffd9cf40000 - 0x00007ffd9d67c000 	C:\Xilinx\Vivado\2020.1\lib\win64.o\librdi_psta.dll
0x00007ffd9c7d0000 - 0x00007ffd9cf3f000 	C:\Xilinx\Vivado\2020.1\lib\win64.o\librdi_rsb.dll
0x00007ffd9c330000 - 0x00007ffd9c7ca000 	C:\Xilinx\Vivado\2020.1\lib\win64.o\librdi_runs.dll
0x00007ffdcd180000 - 0x00007ffdcd288000 	C:\Xilinx\Vivado\2020.1\lib\win64.o\librdi_runsbase.dll
0x00007ffd9c0b0000 - 0x00007ffd9c325000 	C:\Xilinx\Vivado\2020.1\lib\win64.o\librdi_simdata.dll
0x00007ffda1ab0000 - 0x00007ffda4927000 	C:\Xilinx\Vivado\2020.1\lib\win64.o\librdi_mig.dll
0x00007ffd9e820000 - 0x00007ffda1391000 	C:\Xilinx\Vivado\2020.1\lib\win64.o\librdi_place.dll
0x00007ffdbcd90000 - 0x00007ffdbce8f000 	C:\Xilinx\Vivado\2020.1\lib\win64.o\librdi_xhub.dll
0x00007ffd9b1a0000 - 0x00007ffd9c0aa000 	C:\Xilinx\Vivado\2020.1\lib\win64.o\librdi_timing.dll
0x00007ffdbca60000 - 0x00007ffdbcb08000 	C:\Xilinx\Vivado\2020.1\lib\win64.o\librdi_xhubtasks.dll
0x00007ffd9afc0000 - 0x00007ffd9b193000 	C:\Xilinx\Vivado\2020.1\lib\win64.o\librdi_advchipscopeimpl.dll
0x00007ffdd4f90000 - 0x00007ffdd4fdc000 	C:\Xilinx\Vivado\2020.1\lib\win64.o\libboost_serialization.dll
0x00007ffdb7e30000 - 0x00007ffdb7f18000 	C:\Xilinx\Vivado\2020.1\lib\win64.o\librdi_ipconfig_readwrite.dll

VM Arguments:
jvm_args: -Dsun.java2d.pmoffscreen=false -Dsun.java2d.xrender=false -Dsun.java2d.d3d=false -Dsun.awt.nopixfmt=true -Dsun.java2d.dpiaware=true -Dsun.java2d.uiScale.enabled=false -Xverify:none -Dswing.aatext=true -XX:-UsePerfData -Djdk.map.althashing.threshold=512 -XX:StringTableSize=4072 --add-opens=java.base/java.nio=ALL-UNNAMED --add-opens=java.desktop/sun.swing=ALL-UNNAMED --add-opens=java.desktop/javax.swing=ALL-UNNAMED --add-opens=java.desktop/javax.swing.tree=ALL-UNNAMED --add-opens=java.desktop/javax.swing.plaf.basic=ALL-UNNAMED --add-opens=java.desktop/javax.swing.plaf.synth=ALL-UNNAMED --add-opens=java.desktop/com.sun.awt=ALL-UNNAMED -XX:NewSize=60m -XX:MaxNewSize=60m -Xms128m -Xmx3072m -Xss5m 
java_command: <unknown>
java_class_path (initial): C:/Xilinx/Vivado/2020.1\lib\classes\alloy.jar;C:/Xilinx/Vivado/2020.1\lib\classes\ArchiveSummary.jar;C:/Xilinx/Vivado/2020.1\lib\classes\autoesl-models.jar;C:/Xilinx/Vivado/2020.1\lib\classes\autopilot.scelaborator.jar;C:/Xilinx/Vivado/2020.1\lib\classes\autopilot.sourceprocessor.jar;C:/Xilinx/Vivado/2020.1\lib\classes\autopilot.tbprocessor.jar;C:/Xilinx/Vivado/2020.1\lib\classes\batik-anim.jar;C:/Xilinx/Vivado/2020.1\lib\classes\batik-awt-util.jar;C:/Xilinx/Vivado/2020.1\lib\classes\batik-bridge.jar;C:/Xilinx/Vivado/2020.1\lib\classes\batik-codec.jar;C:/Xilinx/Vivado/2020.1\lib\classes\batik-css.jar;C:/Xilinx/Vivado/2020.1\lib\classes\batik-dom.jar;C:/Xilinx/Vivado/2020.1\lib\classes\batik-ext.jar;C:/Xilinx/Vivado/2020.1\lib\classes\batik-gui-util.jar;C:/Xilinx/Vivado/2020.1\lib\classes\batik-gvt.jar;C:/Xilinx/Vivado/2020.1\lib\classes\batik-parser.jar;C:/Xilinx/Vivado/2020.1\lib\classes\batik-script.jar;C:/Xilinx/Vivado/2020.1\lib\classes\batik-svg-dom.jar;C:/Xilinx/Vivado/2020.1\lib\classes\batik-swing.jar;C:/Xilinx/Vivado/2020.1\lib\classes\batik-transcoder.jar;C:/Xilinx/Vivado/2020.1\lib\classes\batik-util.jar;C:/Xilinx/Vivado/2020.1\lib\classes\batik-xml.jar;C:/Xilinx/Vivado/2020.1\lib\classes\com.google.gson_2.8.2.v20180104-1110.jar;C:/Xilinx/Vivado/2020.1\lib\classes\com.google.guava_27.1.0.v20190517-1946.jar;C:/Xilinx/Vivado/2020.1\lib\classes\com.ibm.icu_4.4.2.v20110208.jar;C:/Xilinx/Vivado/2020.1\lib\classes\com.sigasi.hdt.connection_4.8.0.202004151336.jar;C:/Xilinx/Vivado/2020.1\lib\classes\com.sigasi.hdt.epl_4.8.0.202004151336.jar;C:/Xilinx/Vivado/2020.1\lib\classes\com.sigasi.hdt.project_4.8.0.202004151336.jar;C:/Xilinx/Vivado/2020.1\lib\classes\com.sigasi.hdt.readonlyfilesystem_4.8.0.202004151336.jar;C:/Xilinx/Vivado/2020.1\lib\classes\com.sigasi.lcm_4.8.0.202004151336.jar;C:/Xilinx/Vivado/2020.1\lib\classes\com.sigasi.sdk.client_4.8.0.202004151336.jar;C:/Xilinx/Vivado/2020.1\lib\classes\com.xilinx.hls.services.jar;C:/Xili
Launcher Type: generic

Logging:
Log output configuration:
#0: stdout all=warning uptime,level,tags
#1: stderr all=off uptime,level,tags

Environment Variables:
PATH=C:/Xilinx/Vivado/2020.1/bin;C:/Xilinx/Vivado/2020.1/lib/win64.o;C:/Xilinx/Vivado/2020.1/tps/win64/jre9.0.4/bin/server;C:/Xilinx/Vivado/2020.1/tps/win64/jre9.0.4/bin;C:/Xilinx/Vivado/2020.1/ids_lite/ISE/bin/nt64;C:/Xilinx/Vivado/2020.1/ids_lite/ISE/lib/nt64;C:\WINDOWS\system32;C:\WINDOWS;C:\WINDOWS\System32\Wbem;C:\WINDOWS\System32\WindowsPowerShell\v1.0\;C:\WINDOWS\System32\OpenSSH\;C:\Program Files (x86)\Windows Kits\8.1\Windows Performance Toolkit\;C:\Program Files\MATLAB\R2019b\runtime\win64;C:\Program Files\MATLAB\R2019b\bin;C:\Program Files (x86)\IVI Foundation\VISA\WinNT\Bin\;C:\Program Files\IVI Foundation\VISA\Win64\Bin\;C:\Program Files (x86)\National Instruments\Shared\LabVIEW CLI;C:\Aldec\Active-HDL-Student-Edition\bin;C:\Program Files (x86)\Pico Technology\PicoScope6\;C:\Users\timim\AppData\Local\Microsoft\WindowsApps;C:\Program Files (x86)\Common Files\Hilscher GmbH\TLRDecode;C:\Modeltech_pe_edu_10.4a\win32pe_edu;C:/Xilinx/Vivado/2020.1\tps\mingw\6.2.0\win64.o\nt\bin;C:/Xilinx/Vivado/2020.1\tps\mingw\6.2.0\win64.o\nt\libexec\gcc\x86_64-w64-mingw32\6.2.0;C:/Xilinx/Vivado/2020.1\tps\win64\python-2.7.16;C:/Xilinx/Vivado/2020.1\tps\win64\python-2.7.16\bin;C:/Xilinx/Vivado/2020.1\tps\win64\python-2.7.16\lib;C:/Xilinx/Vivado/2020.1\tps\win64\python-2.7.16\Lib\lib-tk;C:/Xilinx/Vivado/2020.1\tps\win64\python-2.7.16\lib\site-packages
USERNAME=timim
OS=Windows_NT
PROCESSOR_IDENTIFIER=Intel64 Family 6 Model 142 Stepping 10, GenuineIntel



---------------  S Y S T E M  ---------------

OS: Windows 10 , 64 bit Build 18362 (10.0.18362.1350)

CPU:total 4 (initial active 4) (2 cores per cpu, 2 threads per core) family 6 model 142 stepping 10, cmov, cx8, fxsr, mmx, sse, sse2, sse3, ssse3, sse4.1, sse4.2, popcnt, aes, clmul, erms, 3dnowpref, lzcnt, ht, tsc, tscinvbit

Memory: 4k page, physical 8269176k(4605228k free), swap 15347064k(8837752k free)

vm_info: Java HotSpot(TM) 64-Bit Server VM (9.0.4+11) for windows-amd64 JRE (9.0.4+11), built on Dec 20 2017 02:18:54 by "mach5one" with MS VC++ 12.0 (VS2013)

END.
