#-----------------------------------------------------------
# Vivado v2020.1 (64-bit)
# SW Build 2902540 on Wed May 27 19:54:49 MDT 2020
# IP Build 2902112 on Wed May 27 22:43:36 MDT 2020
# Start of session at: Sat Feb 13 19:57:28 2021
# Process ID: 13184
# Current directory: C:/Bachelor1/i2c/i2c_Edge_Det
# Command line: vivado.exe -gui_launcher_event rodinguilauncherevent7768 C:\Bachelor1\i2c\i2c_Edge_Det\LogicAnalyzer.xpr
# Log file: C:/Bachelor1/i2c/i2c_Edge_Det/vivado.log
# Journal file: C:/Bachelor1/i2c/i2c_Edge_Det\vivado.jou
#-----------------------------------------------------------
start_gui
open_project C:/Bachelor1/i2c/i2c_Edge_Det/LogicAnalyzer.xpr
INFO: [Project 1-313] Project file moved from 'C:/Bachelor1/i2c/A_feb2' since last save.
Scanning sources...
Finished scanning sources
INFO: [IP_Flow 19-234] Refreshing IP repositories
INFO: [IP_Flow 19-1704] No user IP repositories specified
INFO: [IP_Flow 19-2313] Loaded Vivado IP repository 'C:/Xilinx/Vivado/2020.1/data/ip'.
open_project: Time (s): cpu = 00:00:29 ; elapsed = 00:00:11 . Memory (MB): peak = 1025.449 ; gain = 0.000
update_compile_order -fileset sources_1
launch_simulation
Command: launch_simulation 
INFO: [Vivado 12-5682] Launching behavioral simulation in 'C:/Bachelor1/i2c/i2c_Edge_Det/LogicAnalyzer.sim/sim_1/behav/xsim'
INFO: [SIM-utils-51] Simulation object is 'sim_1'
INFO: [SIM-utils-54] Inspecting design source files for 'tb_i2c_main' in fileset 'sim_1'...
INFO: [USF-XSim-97] Finding global include files...
INFO: [USF-XSim-98] Fetching design files from 'sim_1'...
INFO: [USF-XSim-2] XSim::Compile design
INFO: [USF-XSim-61] Executing 'COMPILE and ANALYZE' step in 'C:/Bachelor1/i2c/i2c_Edge_Det/LogicAnalyzer.sim/sim_1/behav/xsim'
"xvhdl --incr --relax -prj tb_i2c_main_vhdl.prj"
INFO: [VRFC 10-163] Analyzing VHDL file "C:/Bachelor1/i2c/i2c_Edge_Det/LogicAnalyzer.srcs/sources_1/new/debouncer.vhd" into library xil_defaultlib
INFO: [VRFC 10-3107] analyzing entity 'debouncer'
INFO: [VRFC 10-163] Analyzing VHDL file "C:/Bachelor1/i2c/i2c_Edge_Det/LogicAnalyzer.srcs/sources_1/new/i2c_main.vhd" into library xil_defaultlib
INFO: [VRFC 10-3107] analyzing entity 'i2c_main'
INFO: [VRFC 10-163] Analyzing VHDL file "C:/Bachelor1/i2c/i2c_Edge_Det/LogicAnalyzer.srcs/sim_1/new/tb_i2c_main.vhd" into library xil_defaultlib
INFO: [VRFC 10-3107] analyzing entity 'tb_i2c_main'
INFO: [USF-XSim-69] 'compile' step finished in '2' seconds
INFO: [USF-XSim-3] XSim::Elaborate design
INFO: [USF-XSim-61] Executing 'ELABORATE' step in 'C:/Bachelor1/i2c/i2c_Edge_Det/LogicAnalyzer.sim/sim_1/behav/xsim'
"xelab -wto d98127ed60f945c1a2fb171453279a1f --incr --debug typical --relax --mt 2 -L xil_defaultlib -L secureip --snapshot tb_i2c_main_behav xil_defaultlib.tb_i2c_main -log elaborate.log"
Vivado Simulator 2020.1
Copyright 1986-1999, 2001-2020 Xilinx, Inc. All Rights Reserved.
Running: C:/Xilinx/Vivado/2020.1/bin/unwrapped/win64.o/xelab.exe -wto d98127ed60f945c1a2fb171453279a1f --incr --debug typical --relax --mt 2 -L xil_defaultlib -L secureip --snapshot tb_i2c_main_behav xil_defaultlib.tb_i2c_main -log elaborate.log 
Using 2 slave threads.
Starting static elaboration
Completed static elaboration
Starting simulation data flow analysis
Completed simulation data flow analysis
Time Resolution for simulation is 1ps
Compiling package std.standard
Compiling package std.textio
Compiling package ieee.std_logic_1164
Compiling package ieee.numeric_std
Compiling package ieee.std_logic_arith
Compiling package ieee.std_logic_unsigned
Compiling architecture rtl of entity xil_defaultlib.debouncer [debouncer_default]
Compiling architecture behavioral of entity xil_defaultlib.i2c_main [i2c_main_default]
Compiling architecture behavioral of entity xil_defaultlib.tb_i2c_main
Built simulation snapshot tb_i2c_main_behav

****** Webtalk v2020.1 (64-bit)
  **** SW Build 2902540 on Wed May 27 19:54:49 MDT 2020
  **** IP Build 2902112 on Wed May 27 22:43:36 MDT 2020
    ** Copyright 1986-2020 Xilinx, Inc. All Rights Reserved.

source C:/Bachelor1/i2c/i2c_Edge_Det/LogicAnalyzer.sim/sim_1/behav/xsim/xsim.dir/tb_i2c_main_behav/webtalk/xsim_webtalk.tcl -notrace
INFO: [Common 17-186] 'C:/Bachelor1/i2c/i2c_Edge_Det/LogicAnalyzer.sim/sim_1/behav/xsim/xsim.dir/tb_i2c_main_behav/webtalk/usage_statistics_ext_xsim.xml' has been successfully sent to Xilinx on Sat Feb 13 20:27:12 2021. For additional details about this file, please refer to the WebTalk help file at C:/Xilinx/Vivado/2020.1/doc/webtalk_introduction.html.
INFO: [Common 17-206] Exiting Webtalk at Sat Feb 13 20:27:12 2021...
run_program: Time (s): cpu = 00:00:01 ; elapsed = 00:00:09 . Memory (MB): peak = 1025.449 ; gain = 0.000
INFO: [USF-XSim-69] 'elaborate' step finished in '9' seconds
INFO: [USF-XSim-4] XSim::Simulate design
INFO: [USF-XSim-61] Executing 'SIMULATE' step in 'C:/Bachelor1/i2c/i2c_Edge_Det/LogicAnalyzer.sim/sim_1/behav/xsim'
INFO: [USF-XSim-98] *** Running xsim
   with args "tb_i2c_main_behav -key {Behavioral:sim_1:Functional:tb_i2c_main} -tclbatch {tb_i2c_main.tcl} -view {C:/Bachelor1/i2c/i2c_Edge_Det/tb_i2c_main_behav.wcfg} -log {simulate.log}"
INFO: [USF-XSim-8] Loading simulator feature
Vivado Simulator 2020.1
Time resolution is 1 ps
open_wave_config C:/Bachelor1/i2c/i2c_Edge_Det/tb_i2c_main_behav.wcfg
source tb_i2c_main.tcl
# set curr_wave [current_wave_config]
# if { [string length $curr_wave] == 0 } {
#   if { [llength [get_objects]] > 0} {
#     add_wave /
#     set_property needs_save false [current_wave_config]
#   } else {
#      send_msg_id Add_Wave-1 WARNING "No top level signals found. Simulator will start without a wave window. If you want to open a wave window go to 'File->New Waveform Configuration' or type 'create_wave_config' in the TCL console."
#   }
# }
# run 1000ns
xsim: Time (s): cpu = 00:00:10 ; elapsed = 00:00:06 . Memory (MB): peak = 1041.266 ; gain = 11.738
INFO: [USF-XSim-96] XSim completed. Design snapshot 'tb_i2c_main_behav' loaded.
INFO: [USF-XSim-97] XSim simulation ran for 1000ns
launch_simulation: Time (s): cpu = 00:00:13 ; elapsed = 00:00:19 . Memory (MB): peak = 1041.266 ; gain = 15.816
run 500 us
save_wave_config {C:/Bachelor1/i2c/i2c_Edge_Det/tb_i2c_main_behav.wcfg}
close_sim
INFO: [Simtcl 6-16] Simulation closed
close_sim: Time (s): cpu = 00:00:03 ; elapsed = 00:00:09 . Memory (MB): peak = 1041.266 ; gain = 0.000
launch_simulation
Command: launch_simulation 
INFO: [Vivado 12-5682] Launching behavioral simulation in 'C:/Bachelor1/i2c/i2c_Edge_Det/LogicAnalyzer.sim/sim_1/behav/xsim'
INFO: [SIM-utils-51] Simulation object is 'sim_1'
INFO: [SIM-utils-54] Inspecting design source files for 'tb_i2c_main' in fileset 'sim_1'...
INFO: [USF-XSim-97] Finding global include files...
INFO: [USF-XSim-98] Fetching design files from 'sim_1'...
INFO: [USF-XSim-2] XSim::Compile design
INFO: [USF-XSim-61] Executing 'COMPILE and ANALYZE' step in 'C:/Bachelor1/i2c/i2c_Edge_Det/LogicAnalyzer.sim/sim_1/behav/xsim'
"xvhdl --incr --relax -prj tb_i2c_main_vhdl.prj"
INFO: [VRFC 10-163] Analyzing VHDL file "C:/Bachelor1/i2c/i2c_Edge_Det/LogicAnalyzer.srcs/sources_1/new/i2c_main.vhd" into library xil_defaultlib
INFO: [VRFC 10-3107] analyzing entity 'i2c_main'
INFO: [USF-XSim-69] 'compile' step finished in '2' seconds
INFO: [USF-XSim-3] XSim::Elaborate design
INFO: [USF-XSim-61] Executing 'ELABORATE' step in 'C:/Bachelor1/i2c/i2c_Edge_Det/LogicAnalyzer.sim/sim_1/behav/xsim'
"xelab -wto d98127ed60f945c1a2fb171453279a1f --incr --debug typical --relax --mt 2 -L xil_defaultlib -L secureip --snapshot tb_i2c_main_behav xil_defaultlib.tb_i2c_main -log elaborate.log"
Vivado Simulator 2020.1
Copyright 1986-1999, 2001-2020 Xilinx, Inc. All Rights Reserved.
Running: C:/Xilinx/Vivado/2020.1/bin/unwrapped/win64.o/xelab.exe -wto d98127ed60f945c1a2fb171453279a1f --incr --debug typical --relax --mt 2 -L xil_defaultlib -L secureip --snapshot tb_i2c_main_behav xil_defaultlib.tb_i2c_main -log elaborate.log 
Using 2 slave threads.
Starting static elaboration
Completed static elaboration
Starting simulation data flow analysis
Completed simulation data flow analysis
Time Resolution for simulation is 1ps
Compiling package std.standard
Compiling package std.textio
Compiling package ieee.std_logic_1164
Compiling package ieee.numeric_std
Compiling package ieee.std_logic_arith
Compiling package ieee.std_logic_unsigned
Compiling architecture rtl of entity xil_defaultlib.debouncer [debouncer_default]
Compiling architecture behavioral of entity xil_defaultlib.i2c_main [i2c_main_default]
Compiling architecture behavioral of entity xil_defaultlib.tb_i2c_main
Built simulation snapshot tb_i2c_main_behav
INFO: [USF-XSim-69] 'elaborate' step finished in '4' seconds
INFO: [USF-XSim-4] XSim::Simulate design
INFO: [USF-XSim-61] Executing 'SIMULATE' step in 'C:/Bachelor1/i2c/i2c_Edge_Det/LogicAnalyzer.sim/sim_1/behav/xsim'
INFO: [USF-XSim-98] *** Running xsim
   with args "tb_i2c_main_behav -key {Behavioral:sim_1:Functional:tb_i2c_main} -tclbatch {tb_i2c_main.tcl} -view {C:/Bachelor1/i2c/i2c_Edge_Det/tb_i2c_main_behav.wcfg} -log {simulate.log}"
INFO: [USF-XSim-8] Loading simulator feature
Vivado Simulator 2020.1
Time resolution is 1 ps
open_wave_config C:/Bachelor1/i2c/i2c_Edge_Det/tb_i2c_main_behav.wcfg
source tb_i2c_main.tcl
# set curr_wave [current_wave_config]
# if { [string length $curr_wave] == 0 } {
#   if { [llength [get_objects]] > 0} {
#     add_wave /
#     set_property needs_save false [current_wave_config]
#   } else {
#      send_msg_id Add_Wave-1 WARNING "No top level signals found. Simulator will start without a wave window. If you want to open a wave window go to 'File->New Waveform Configuration' or type 'create_wave_config' in the TCL console."
#   }
# }
# run 1000ns
INFO: [USF-XSim-96] XSim completed. Design snapshot 'tb_i2c_main_behav' loaded.
INFO: [USF-XSim-97] XSim simulation ran for 1000ns
launch_simulation: Time (s): cpu = 00:00:09 ; elapsed = 00:00:10 . Memory (MB): peak = 1041.266 ; gain = 0.000
run 500 us
close_sim
INFO: [Simtcl 6-16] Simulation closed
launch_simulation
Command: launch_simulation 
INFO: [Vivado 12-5682] Launching behavioral simulation in 'C:/Bachelor1/i2c/i2c_Edge_Det/LogicAnalyzer.sim/sim_1/behav/xsim'
INFO: [SIM-utils-51] Simulation object is 'sim_1'
INFO: [SIM-utils-54] Inspecting design source files for 'tb_i2c_main' in fileset 'sim_1'...
INFO: [USF-XSim-97] Finding global include files...
INFO: [USF-XSim-98] Fetching design files from 'sim_1'...
INFO: [USF-XSim-2] XSim::Compile design
INFO: [USF-XSim-61] Executing 'COMPILE and ANALYZE' step in 'C:/Bachelor1/i2c/i2c_Edge_Det/LogicAnalyzer.sim/sim_1/behav/xsim'
"xvhdl --incr --relax -prj tb_i2c_main_vhdl.prj"
INFO: [VRFC 10-163] Analyzing VHDL file "C:/Bachelor1/i2c/i2c_Edge_Det/LogicAnalyzer.srcs/sources_1/new/i2c_main.vhd" into library xil_defaultlib
INFO: [VRFC 10-3107] analyzing entity 'i2c_main'
INFO: [USF-XSim-69] 'compile' step finished in '2' seconds
INFO: [USF-XSim-3] XSim::Elaborate design
INFO: [USF-XSim-61] Executing 'ELABORATE' step in 'C:/Bachelor1/i2c/i2c_Edge_Det/LogicAnalyzer.sim/sim_1/behav/xsim'
"xelab -wto d98127ed60f945c1a2fb171453279a1f --incr --debug typical --relax --mt 2 -L xil_defaultlib -L secureip --snapshot tb_i2c_main_behav xil_defaultlib.tb_i2c_main -log elaborate.log"
Vivado Simulator 2020.1
Copyright 1986-1999, 2001-2020 Xilinx, Inc. All Rights Reserved.
Running: C:/Xilinx/Vivado/2020.1/bin/unwrapped/win64.o/xelab.exe -wto d98127ed60f945c1a2fb171453279a1f --incr --debug typical --relax --mt 2 -L xil_defaultlib -L secureip --snapshot tb_i2c_main_behav xil_defaultlib.tb_i2c_main -log elaborate.log 
Using 2 slave threads.
Starting static elaboration
Completed static elaboration
Starting simulation data flow analysis
Completed simulation data flow analysis
Time Resolution for simulation is 1ps
Compiling package std.standard
Compiling package std.textio
Compiling package ieee.std_logic_1164
Compiling package ieee.numeric_std
Compiling package ieee.std_logic_arith
Compiling package ieee.std_logic_unsigned
Compiling architecture rtl of entity xil_defaultlib.debouncer [debouncer_default]
Compiling architecture behavioral of entity xil_defaultlib.i2c_main [i2c_main_default]
Compiling architecture behavioral of entity xil_defaultlib.tb_i2c_main
Built simulation snapshot tb_i2c_main_behav
INFO: [USF-XSim-69] 'elaborate' step finished in '3' seconds
INFO: [USF-XSim-4] XSim::Simulate design
INFO: [USF-XSim-61] Executing 'SIMULATE' step in 'C:/Bachelor1/i2c/i2c_Edge_Det/LogicAnalyzer.sim/sim_1/behav/xsim'
INFO: [USF-XSim-98] *** Running xsim
   with args "tb_i2c_main_behav -key {Behavioral:sim_1:Functional:tb_i2c_main} -tclbatch {tb_i2c_main.tcl} -view {C:/Bachelor1/i2c/i2c_Edge_Det/tb_i2c_main_behav.wcfg} -log {simulate.log}"
INFO: [USF-XSim-8] Loading simulator feature
Vivado Simulator 2020.1
Time resolution is 1 ps
open_wave_config C:/Bachelor1/i2c/i2c_Edge_Det/tb_i2c_main_behav.wcfg
source tb_i2c_main.tcl
# set curr_wave [current_wave_config]
# if { [string length $curr_wave] == 0 } {
#   if { [llength [get_objects]] > 0} {
#     add_wave /
#     set_property needs_save false [current_wave_config]
#   } else {
#      send_msg_id Add_Wave-1 WARNING "No top level signals found. Simulator will start without a wave window. If you want to open a wave window go to 'File->New Waveform Configuration' or type 'create_wave_config' in the TCL console."
#   }
# }
# run 1000ns
INFO: [USF-XSim-96] XSim completed. Design snapshot 'tb_i2c_main_behav' loaded.
INFO: [USF-XSim-97] XSim simulation ran for 1000ns
launch_simulation: Time (s): cpu = 00:00:07 ; elapsed = 00:00:10 . Memory (MB): peak = 1041.266 ; gain = 0.000
run 500 us
restart
INFO: [Simtcl 6-17] Simulation restarted
run 1500 us
save_wave_config {C:/Bachelor1/i2c/i2c_Edge_Det/tb_i2c_main_behav.wcfg}
close_sim
INFO: [Simtcl 6-16] Simulation closed
reset_run synth_1
launch_runs impl_1 -jobs 4
[Sat Feb 13 20:32:50 2021] Launched synth_1...
Run output will be captured here: C:/Bachelor1/i2c/i2c_Edge_Det/LogicAnalyzer.runs/synth_1/runme.log
[Sat Feb 13 20:32:50 2021] Launched impl_1...
Run output will be captured here: C:/Bachelor1/i2c/i2c_Edge_Det/LogicAnalyzer.runs/impl_1/runme.log
launch_runs impl_1 -to_step write_bitstream -jobs 4
[Sat Feb 13 20:38:02 2021] Launched impl_1...
Run output will be captured here: C:/Bachelor1/i2c/i2c_Edge_Det/LogicAnalyzer.runs/impl_1/runme.log
open_hw_manager
connect_hw_server -allow_non_jtag
INFO: [Labtools 27-2285] Connecting to hw_server url TCP:localhost:3121
INFO: [Labtools 27-2222] Launching hw_server...
INFO: [Labtools 27-2221] Launch Output:

****** Xilinx hw_server v2020.1
  **** Build date : May 27 2020 at 20:24:38
    ** Copyright 1986-2020 Xilinx, Inc. All Rights Reserved.

Warning: Cannot create '3000:arm' GDB server: An attempt was made to access a socket in a way forbidden by its access permissions

INFO: [Labtools 27-3415] Connecting to cs_server url TCP:localhost:3042
INFO: [Labtools 27-3417] Launching cs_server...
INFO: [Labtools 27-2221] Launch Output:


****** Xilinx cs_server v2020.1.0
  **** Build date : May 14 2020-03:10:29
    ** Copyright 2017-2020 Xilinx, Inc. All Rights Reserved.



connect_hw_server: Time (s): cpu = 00:00:01 ; elapsed = 00:00:14 . Memory (MB): peak = 1041.266 ; gain = 0.000
open_hw_target
INFO: [Labtoolstcl 44-466] Opening hw_target localhost:3121/xilinx_tcf/Digilent/210183A37B08A
open_hw_target: Time (s): cpu = 00:00:08 ; elapsed = 00:00:08 . Memory (MB): peak = 2336.871 ; gain = 1295.605
set_property PROGRAM.FILE {C:/Bachelor1/i2c/i2c_Edge_Det/LogicAnalyzer.runs/impl_1/i2c_main.bit} [get_hw_devices xc7a35t_0]
set_property PROBES.FILE {C:/Bachelor1/i2c/i2c_Edge_Det/LogicAnalyzer.runs/impl_1/i2c_main.ltx} [get_hw_devices xc7a35t_0]
set_property FULL_PROBES.FILE {C:/Bachelor1/i2c/i2c_Edge_Det/LogicAnalyzer.runs/impl_1/i2c_main.ltx} [get_hw_devices xc7a35t_0]
current_hw_device [get_hw_devices xc7a35t_0]
refresh_hw_device [lindex [get_hw_devices xc7a35t_0] 0]
INFO: [Labtools 27-1434] Device xc7a35t (JTAG device index = 0) is programmed with a design that has no supported debug core(s) in it.
WARNING: [Labtools 27-3361] The debug hub core was not detected.
Resolution: 
1. Make sure the clock connected to the debug hub (dbg_hub) core is a free running clock and is active.
2. Make sure the BSCAN_SWITCH_USER_MASK device property in Vivado Hardware Manager reflects the user scan chain setting in the design and refresh the device.  To determine the user scan chain setting in the design, open the implemented design and use 'get_property C_USER_SCAN_CHAIN [get_debug_cores dbg_hub]'.
For more details on setting the scan chain property, consult the Vivado Debug and Programming User Guide (UG908).
WARNING: [Labtools 27-3413] Dropping logic core with cellname:'u_ila_0' at location 'uuid_23E7D65A79BC59F7BC47406C1714DFAE' from probes file, since it cannot be found on the programmed device.
set_property PROBES.FILE {C:/Bachelor1/i2c/i2c_Edge_Det/LogicAnalyzer.runs/impl_1/i2c_main.ltx} [get_hw_devices xc7a35t_0]
set_property FULL_PROBES.FILE {C:/Bachelor1/i2c/i2c_Edge_Det/LogicAnalyzer.runs/impl_1/i2c_main.ltx} [get_hw_devices xc7a35t_0]
set_property PROGRAM.FILE {C:/Bachelor1/i2c/i2c_Edge_Det/LogicAnalyzer.runs/impl_1/i2c_main.bit} [get_hw_devices xc7a35t_0]
program_hw_devices [get_hw_devices xc7a35t_0]
INFO: [Labtools 27-3164] End of startup status: HIGH
refresh_hw_device [lindex [get_hw_devices xc7a35t_0] 0]
INFO: [Labtools 27-2302] Device xc7a35t (JTAG device index = 0) is programmed with a design that has 1 ILA core(s).
display_hw_ila_data [ get_hw_ila_data hw_ila_data_1 -of_objects [get_hw_ilas -of_objects [get_hw_devices xc7a35t_0] -filter {CELL_NAME=~"u_ila_0"}]]
run_hw_ila [get_hw_ilas -of_objects [get_hw_devices xc7a35t_0] -filter {CELL_NAME=~"u_ila_0"}]
INFO: [Labtools 27-1964] The ILA core 'hw_ila_1' trigger was armed at 2021-Feb-13 20:41:38
wait_on_hw_ila [get_hw_ilas -of_objects [get_hw_devices xc7a35t_0] -filter {CELL_NAME=~"u_ila_0"}]
display_hw_ila_data [upload_hw_ila_data [get_hw_ilas -of_objects [get_hw_devices xc7a35t_0] -filter {CELL_NAME=~"u_ila_0"}]]
INFO: [Labtools 27-1966] The ILA core 'hw_ila_1' triggered at 2021-Feb-13 20:41:38
INFO: [Labtools 27-3304] ILA Waveform data saved to file C:/Bachelor1/i2c/i2c_Edge_Det/LogicAnalyzer.hw/backup/hw_ila_data_1.ila. Use Tcl command 'read_hw_ila_data' or Vivado File->Import->Import ILA Data menu item to import the previously saved data.
run_hw_ila [get_hw_ilas -of_objects [get_hw_devices xc7a35t_0] -filter {CELL_NAME=~"u_ila_0"}]
INFO: [Labtools 27-1964] The ILA core 'hw_ila_1' trigger was armed at 2021-Feb-13 20:49:53
wait_on_hw_ila [get_hw_ilas -of_objects [get_hw_devices xc7a35t_0] -filter {CELL_NAME=~"u_ila_0"}]
display_hw_ila_data [upload_hw_ila_data [get_hw_ilas -of_objects [get_hw_devices xc7a35t_0] -filter {CELL_NAME=~"u_ila_0"}]]
INFO: [Labtools 27-1966] The ILA core 'hw_ila_1' triggered at 2021-Feb-13 20:49:53
INFO: [Labtools 27-3304] ILA Waveform data saved to file C:/Bachelor1/i2c/i2c_Edge_Det/LogicAnalyzer.hw/backup/hw_ila_data_1.ila. Use Tcl command 'read_hw_ila_data' or Vivado File->Import->Import ILA Data menu item to import the previously saved data.
run_hw_ila [get_hw_ilas -of_objects [get_hw_devices xc7a35t_0] -filter {CELL_NAME=~"u_ila_0"}]
INFO: [Labtools 27-1964] The ILA core 'hw_ila_1' trigger was armed at 2021-Feb-13 20:50:00
wait_on_hw_ila [get_hw_ilas -of_objects [get_hw_devices xc7a35t_0] -filter {CELL_NAME=~"u_ila_0"}]
display_hw_ila_data [upload_hw_ila_data [get_hw_ilas -of_objects [get_hw_devices xc7a35t_0] -filter {CELL_NAME=~"u_ila_0"}]]
INFO: [Labtools 27-1966] The ILA core 'hw_ila_1' triggered at 2021-Feb-13 20:50:00
INFO: [Labtools 27-3304] ILA Waveform data saved to file C:/Bachelor1/i2c/i2c_Edge_Det/LogicAnalyzer.hw/backup/hw_ila_data_1.ila. Use Tcl command 'read_hw_ila_data' or Vivado File->Import->Import ILA Data menu item to import the previously saved data.
run_hw_ila [get_hw_ilas -of_objects [get_hw_devices xc7a35t_0] -filter {CELL_NAME=~"u_ila_0"}]
INFO: [Labtools 27-1964] The ILA core 'hw_ila_1' trigger was armed at 2021-Feb-13 20:52:32
wait_on_hw_ila [get_hw_ilas -of_objects [get_hw_devices xc7a35t_0] -filter {CELL_NAME=~"u_ila_0"}]
display_hw_ila_data [upload_hw_ila_data [get_hw_ilas -of_objects [get_hw_devices xc7a35t_0] -filter {CELL_NAME=~"u_ila_0"}]]
INFO: [Labtools 27-1966] The ILA core 'hw_ila_1' triggered at 2021-Feb-13 20:52:32
INFO: [Labtools 27-3304] ILA Waveform data saved to file C:/Bachelor1/i2c/i2c_Edge_Det/LogicAnalyzer.hw/backup/hw_ila_data_1.ila. Use Tcl command 'read_hw_ila_data' or Vivado File->Import->Import ILA Data menu item to import the previously saved data.
run_hw_ila [get_hw_ilas -of_objects [get_hw_devices xc7a35t_0] -filter {CELL_NAME=~"u_ila_0"}]
INFO: [Labtools 27-1964] The ILA core 'hw_ila_1' trigger was armed at 2021-Feb-13 20:52:47
wait_on_hw_ila [get_hw_ilas -of_objects [get_hw_devices xc7a35t_0] -filter {CELL_NAME=~"u_ila_0"}]
display_hw_ila_data [upload_hw_ila_data [get_hw_ilas -of_objects [get_hw_devices xc7a35t_0] -filter {CELL_NAME=~"u_ila_0"}]]
INFO: [Labtools 27-1966] The ILA core 'hw_ila_1' triggered at 2021-Feb-13 20:52:47
INFO: [Labtools 27-3304] ILA Waveform data saved to file C:/Bachelor1/i2c/i2c_Edge_Det/LogicAnalyzer.hw/backup/hw_ila_data_1.ila. Use Tcl command 'read_hw_ila_data' or Vivado File->Import->Import ILA Data menu item to import the previously saved data.
set_property TRIGGER_COMPARE_VALUE eq8'hXX [get_hw_probes temp_sig_3 -of_objects [get_hw_ilas -of_objects [get_hw_devices xc7a35t_0] -filter {CELL_NAME=~"u_ila_0"}]]
set_property CAPTURE_COMPARE_VALUE eq1'b1 [get_hw_probes display_data -of_objects [get_hw_ilas -of_objects [get_hw_devices xc7a35t_0] -filter {CELL_NAME=~"u_ila_0"}]]
run_hw_ila [get_hw_ilas -of_objects [get_hw_devices xc7a35t_0] -filter {CELL_NAME=~"u_ila_0"}]
INFO: [Labtools 27-1964] The ILA core 'hw_ila_1' trigger was armed at 2021-Feb-13 20:54:21
wait_on_hw_ila [get_hw_ilas -of_objects [get_hw_devices xc7a35t_0] -filter {CELL_NAME=~"u_ila_0"}]
display_hw_ila_data [upload_hw_ila_data [get_hw_ilas -of_objects [get_hw_devices xc7a35t_0] -filter {CELL_NAME=~"u_ila_0"}]]
INFO: [Labtools 27-1966] The ILA core 'hw_ila_1' triggered at 2021-Feb-13 20:54:21
INFO: [Labtools 27-3304] ILA Waveform data saved to file C:/Bachelor1/i2c/i2c_Edge_Det/LogicAnalyzer.hw/backup/hw_ila_data_1.ila. Use Tcl command 'read_hw_ila_data' or Vivado File->Import->Import ILA Data menu item to import the previously saved data.
set_property CAPTURE_COMPARE_VALUE eq1'bR [get_hw_probes display_data -of_objects [get_hw_ilas -of_objects [get_hw_devices xc7a35t_0] -filter {CELL_NAME=~"u_ila_0"}]]
run_hw_ila [get_hw_ilas -of_objects [get_hw_devices xc7a35t_0] -filter {CELL_NAME=~"u_ila_0"}]
INFO: [Labtools 27-1964] The ILA core 'hw_ila_1' trigger was armed at 2021-Feb-13 20:55:18
wait_on_hw_ila [get_hw_ilas -of_objects [get_hw_devices xc7a35t_0] -filter {CELL_NAME=~"u_ila_0"}]
display_hw_ila_data [upload_hw_ila_data [get_hw_ilas -of_objects [get_hw_devices xc7a35t_0] -filter {CELL_NAME=~"u_ila_0"}]]
INFO: [Labtools 27-1966] The ILA core 'hw_ila_1' triggered at 2021-Feb-13 20:55:46
INFO: [Labtools 27-3304] ILA Waveform data saved to file C:/Bachelor1/i2c/i2c_Edge_Det/LogicAnalyzer.hw/backup/hw_ila_data_1.ila. Use Tcl command 'read_hw_ila_data' or Vivado File->Import->Import ILA Data menu item to import the previously saved data.
set_property CAPTURE_COMPARE_VALUE eq1'bF [get_hw_probes display_data -of_objects [get_hw_ilas -of_objects [get_hw_devices xc7a35t_0] -filter {CELL_NAME=~"u_ila_0"}]]
run_hw_ila [get_hw_ilas -of_objects [get_hw_devices xc7a35t_0] -filter {CELL_NAME=~"u_ila_0"}]
INFO: [Labtools 27-1964] The ILA core 'hw_ila_1' trigger was armed at 2021-Feb-13 20:56:01
wait_on_hw_ila -timeout 0 [get_hw_ilas -of_objects [get_hw_devices xc7a35t_0] -filter {CELL_NAME=~"u_ila_0"}]
display_hw_ila_data [upload_hw_ila_data [get_hw_ilas -of_objects [get_hw_devices xc7a35t_0] -filter {CELL_NAME=~"u_ila_0"}]]
INFO: [Labtools 27-1965] The ILA core 'hw_ila_1' trigger was stopped by user at 2021-Feb-13 20:56:15
INFO: [Labtools 27-2213] The ILA core 'hw_ila_1' captured one window with '16507' samples.
INFO: [Labtools 27-3304] ILA Waveform data saved to file C:/Bachelor1/i2c/i2c_Edge_Det/LogicAnalyzer.hw/backup/hw_ila_data_1.ila. Use Tcl command 'read_hw_ila_data' or Vivado File->Import->Import ILA Data menu item to import the previously saved data.
set_property CAPTURE_COMPARE_VALUE eq1'bR [get_hw_probes display_data -of_objects [get_hw_ilas -of_objects [get_hw_devices xc7a35t_0] -filter {CELL_NAME=~"u_ila_0"}]]
run_hw_ila [get_hw_ilas -of_objects [get_hw_devices xc7a35t_0] -filter {CELL_NAME=~"u_ila_0"}]
INFO: [Labtools 27-1964] The ILA core 'hw_ila_1' trigger was armed at 2021-Feb-13 20:57:35
wait_on_hw_ila -timeout 0 [get_hw_ilas -of_objects [get_hw_devices xc7a35t_0] -filter {CELL_NAME=~"u_ila_0"}]
display_hw_ila_data [upload_hw_ila_data [get_hw_ilas -of_objects [get_hw_devices xc7a35t_0] -filter {CELL_NAME=~"u_ila_0"}]]
INFO: [Labtools 27-1965] The ILA core 'hw_ila_1' trigger was stopped by user at 2021-Feb-13 20:57:39
INFO: [Labtools 27-2213] The ILA core 'hw_ila_1' captured one window with '5542' samples.
INFO: [Labtools 27-3304] ILA Waveform data saved to file C:/Bachelor1/i2c/i2c_Edge_Det/LogicAnalyzer.hw/backup/hw_ila_data_1.ila. Use Tcl command 'read_hw_ila_data' or Vivado File->Import->Import ILA Data menu item to import the previously saved data.
set_property CAPTURE_COMPARE_VALUE eq1'b1 [get_hw_probes display_data -of_objects [get_hw_ilas -of_objects [get_hw_devices xc7a35t_0] -filter {CELL_NAME=~"u_ila_0"}]]
run_hw_ila [get_hw_ilas -of_objects [get_hw_devices xc7a35t_0] -filter {CELL_NAME=~"u_ila_0"}]
INFO: [Labtools 27-1964] The ILA core 'hw_ila_1' trigger was armed at 2021-Feb-13 20:57:50
wait_on_hw_ila [get_hw_ilas -of_objects [get_hw_devices xc7a35t_0] -filter {CELL_NAME=~"u_ila_0"}]
display_hw_ila_data [upload_hw_ila_data [get_hw_ilas -of_objects [get_hw_devices xc7a35t_0] -filter {CELL_NAME=~"u_ila_0"}]]
INFO: [Labtools 27-1966] The ILA core 'hw_ila_1' triggered at 2021-Feb-13 20:57:50
INFO: [Labtools 27-3304] ILA Waveform data saved to file C:/Bachelor1/i2c/i2c_Edge_Det/LogicAnalyzer.hw/backup/hw_ila_data_1.ila. Use Tcl command 'read_hw_ila_data' or Vivado File->Import->Import ILA Data menu item to import the previously saved data.
set_property CAPTURE_COMPARE_VALUE eq1'bX [get_hw_probes display_data -of_objects [get_hw_ilas -of_objects [get_hw_devices xc7a35t_0] -filter {CELL_NAME=~"u_ila_0"}]]
set_property TRIGGER_COMPARE_VALUE eq8'bXXXX_XXXX [get_hw_probes temp_sig_3 -of_objects [get_hw_ilas -of_objects [get_hw_devices xc7a35t_0] -filter {CELL_NAME=~"u_ila_0"}]]
set_property TRIGGER_COMPARE_VALUE eq8'b0000_0001 [get_hw_probes temp_sig_3 -of_objects [get_hw_ilas -of_objects [get_hw_devices xc7a35t_0] -filter {CELL_NAME=~"u_ila_0"}]]
run_hw_ila [get_hw_ilas -of_objects [get_hw_devices xc7a35t_0] -filter {CELL_NAME=~"u_ila_0"}]
INFO: [Labtools 27-1964] The ILA core 'hw_ila_1' trigger was armed at 2021-Feb-13 20:58:56
wait_on_hw_ila [get_hw_ilas -of_objects [get_hw_devices xc7a35t_0] -filter {CELL_NAME=~"u_ila_0"}]
display_hw_ila_data [upload_hw_ila_data [get_hw_ilas -of_objects [get_hw_devices xc7a35t_0] -filter {CELL_NAME=~"u_ila_0"}]]
INFO: [Labtools 27-1966] The ILA core 'hw_ila_1' triggered at 2021-Feb-13 20:58:59
INFO: [Labtools 27-3304] ILA Waveform data saved to file C:/Bachelor1/i2c/i2c_Edge_Det/LogicAnalyzer.hw/backup/hw_ila_data_1.ila. Use Tcl command 'read_hw_ila_data' or Vivado File->Import->Import ILA Data menu item to import the previously saved data.
run_hw_ila [get_hw_ilas -of_objects [get_hw_devices xc7a35t_0] -filter {CELL_NAME=~"u_ila_0"}]
INFO: [Labtools 27-1964] The ILA core 'hw_ila_1' trigger was armed at 2021-Feb-13 20:59:14
wait_on_hw_ila [get_hw_ilas -of_objects [get_hw_devices xc7a35t_0] -filter {CELL_NAME=~"u_ila_0"}]
display_hw_ila_data [upload_hw_ila_data [get_hw_ilas -of_objects [get_hw_devices xc7a35t_0] -filter {CELL_NAME=~"u_ila_0"}]]
INFO: [Labtools 27-1966] The ILA core 'hw_ila_1' triggered at 2021-Feb-13 20:59:18
INFO: [Labtools 27-3304] ILA Waveform data saved to file C:/Bachelor1/i2c/i2c_Edge_Det/LogicAnalyzer.hw/backup/hw_ila_data_1.ila. Use Tcl command 'read_hw_ila_data' or Vivado File->Import->Import ILA Data menu item to import the previously saved data.
set_property TRIGGER_COMPARE_VALUE eq8'b1000_0000 [get_hw_probes temp_sig_3 -of_objects [get_hw_ilas -of_objects [get_hw_devices xc7a35t_0] -filter {CELL_NAME=~"u_ila_0"}]]
run_hw_ila [get_hw_ilas -of_objects [get_hw_devices xc7a35t_0] -filter {CELL_NAME=~"u_ila_0"}]
INFO: [Labtools 27-1964] The ILA core 'hw_ila_1' trigger was armed at 2021-Feb-13 20:59:46
wait_on_hw_ila [get_hw_ilas -of_objects [get_hw_devices xc7a35t_0] -filter {CELL_NAME=~"u_ila_0"}]
display_hw_ila_data [upload_hw_ila_data [get_hw_ilas -of_objects [get_hw_devices xc7a35t_0] -filter {CELL_NAME=~"u_ila_0"}]]
INFO: [Labtools 27-1966] The ILA core 'hw_ila_1' triggered at 2021-Feb-13 20:59:46
INFO: [Labtools 27-3304] ILA Waveform data saved to file C:/Bachelor1/i2c/i2c_Edge_Det/LogicAnalyzer.hw/backup/hw_ila_data_1.ila. Use Tcl command 'read_hw_ila_data' or Vivado File->Import->Import ILA Data menu item to import the previously saved data.
run_hw_ila [get_hw_ilas -of_objects [get_hw_devices xc7a35t_0] -filter {CELL_NAME=~"u_ila_0"}]
INFO: [Labtools 27-1964] The ILA core 'hw_ila_1' trigger was armed at 2021-Feb-13 21:00:01
wait_on_hw_ila [get_hw_ilas -of_objects [get_hw_devices xc7a35t_0] -filter {CELL_NAME=~"u_ila_0"}]
display_hw_ila_data [upload_hw_ila_data [get_hw_ilas -of_objects [get_hw_devices xc7a35t_0] -filter {CELL_NAME=~"u_ila_0"}]]
INFO: [Labtools 27-1966] The ILA core 'hw_ila_1' triggered at 2021-Feb-13 21:00:01
INFO: [Labtools 27-3304] ILA Waveform data saved to file C:/Bachelor1/i2c/i2c_Edge_Det/LogicAnalyzer.hw/backup/hw_ila_data_1.ila. Use Tcl command 'read_hw_ila_data' or Vivado File->Import->Import ILA Data menu item to import the previously saved data.
run_hw_ila [get_hw_ilas -of_objects [get_hw_devices xc7a35t_0] -filter {CELL_NAME=~"u_ila_0"}]
INFO: [Labtools 27-1964] The ILA core 'hw_ila_1' trigger was armed at 2021-Feb-13 21:00:07
wait_on_hw_ila [get_hw_ilas -of_objects [get_hw_devices xc7a35t_0] -filter {CELL_NAME=~"u_ila_0"}]
display_hw_ila_data [upload_hw_ila_data [get_hw_ilas -of_objects [get_hw_devices xc7a35t_0] -filter {CELL_NAME=~"u_ila_0"}]]
INFO: [Labtools 27-1966] The ILA core 'hw_ila_1' triggered at 2021-Feb-13 21:00:07
INFO: [Labtools 27-3304] ILA Waveform data saved to file C:/Bachelor1/i2c/i2c_Edge_Det/LogicAnalyzer.hw/backup/hw_ila_data_1.ila. Use Tcl command 'read_hw_ila_data' or Vivado File->Import->Import ILA Data menu item to import the previously saved data.
set_property TRIGGER_COMPARE_VALUE eq8'b0000_1000 [get_hw_probes temp_sig_3 -of_objects [get_hw_ilas -of_objects [get_hw_devices xc7a35t_0] -filter {CELL_NAME=~"u_ila_0"}]]
run_hw_ila [get_hw_ilas -of_objects [get_hw_devices xc7a35t_0] -filter {CELL_NAME=~"u_ila_0"}]
INFO: [Labtools 27-1964] The ILA core 'hw_ila_1' trigger was armed at 2021-Feb-13 21:00:26
wait_on_hw_ila [get_hw_ilas -of_objects [get_hw_devices xc7a35t_0] -filter {CELL_NAME=~"u_ila_0"}]
display_hw_ila_data [upload_hw_ila_data [get_hw_ilas -of_objects [get_hw_devices xc7a35t_0] -filter {CELL_NAME=~"u_ila_0"}]]
INFO: [Labtools 27-1966] The ILA core 'hw_ila_1' triggered at 2021-Feb-13 21:00:26
INFO: [Labtools 27-3304] ILA Waveform data saved to file C:/Bachelor1/i2c/i2c_Edge_Det/LogicAnalyzer.hw/backup/hw_ila_data_1.ila. Use Tcl command 'read_hw_ila_data' or Vivado File->Import->Import ILA Data menu item to import the previously saved data.
run_hw_ila [get_hw_ilas -of_objects [get_hw_devices xc7a35t_0] -filter {CELL_NAME=~"u_ila_0"}]
INFO: [Labtools 27-1964] The ILA core 'hw_ila_1' trigger was armed at 2021-Feb-13 21:02:15
wait_on_hw_ila [get_hw_ilas -of_objects [get_hw_devices xc7a35t_0] -filter {CELL_NAME=~"u_ila_0"}]
display_hw_ila_data [upload_hw_ila_data [get_hw_ilas -of_objects [get_hw_devices xc7a35t_0] -filter {CELL_NAME=~"u_ila_0"}]]
INFO: [Labtools 27-1966] The ILA core 'hw_ila_1' triggered at 2021-Feb-13 21:02:15
INFO: [Labtools 27-3304] ILA Waveform data saved to file C:/Bachelor1/i2c/i2c_Edge_Det/LogicAnalyzer.hw/backup/hw_ila_data_1.ila. Use Tcl command 'read_hw_ila_data' or Vivado File->Import->Import ILA Data menu item to import the previously saved data.
reset_run synth_1
launch_runs impl_1 -jobs 4
[Sat Feb 13 21:11:23 2021] Launched synth_1...
Run output will be captured here: C:/Bachelor1/i2c/i2c_Edge_Det/LogicAnalyzer.runs/synth_1/runme.log
[Sat Feb 13 21:11:23 2021] Launched impl_1...
Run output will be captured here: C:/Bachelor1/i2c/i2c_Edge_Det/LogicAnalyzer.runs/impl_1/runme.log
launch_runs impl_1 -to_step write_bitstream -jobs 4
[Sat Feb 13 21:17:04 2021] Launched impl_1...
Run output will be captured here: C:/Bachelor1/i2c/i2c_Edge_Det/LogicAnalyzer.runs/impl_1/runme.log
set_property PROBES.FILE {C:/Bachelor1/i2c/i2c_Edge_Det/LogicAnalyzer.runs/impl_1/i2c_main.ltx} [get_hw_devices xc7a35t_0]
set_property FULL_PROBES.FILE {C:/Bachelor1/i2c/i2c_Edge_Det/LogicAnalyzer.runs/impl_1/i2c_main.ltx} [get_hw_devices xc7a35t_0]
set_property PROGRAM.FILE {C:/Bachelor1/i2c/i2c_Edge_Det/LogicAnalyzer.runs/impl_1/i2c_main.bit} [get_hw_devices xc7a35t_0]
program_hw_devices [get_hw_devices xc7a35t_0]
INFO: [Labtools 27-3164] End of startup status: HIGH
refresh_hw_device [lindex [get_hw_devices xc7a35t_0] 0]
INFO: [Labtools 27-2302] Device xc7a35t (JTAG device index = 0) is programmed with a design that has 1 ILA core(s).
run_hw_ila [get_hw_ilas -of_objects [get_hw_devices xc7a35t_0] -filter {CELL_NAME=~"u_ila_0"}]
INFO: [Labtools 27-1964] The ILA core 'hw_ila_1' trigger was armed at 2021-Feb-13 21:19:09
wait_on_hw_ila [get_hw_ilas -of_objects [get_hw_devices xc7a35t_0] -filter {CELL_NAME=~"u_ila_0"}]
display_hw_ila_data [upload_hw_ila_data [get_hw_ilas -of_objects [get_hw_devices xc7a35t_0] -filter {CELL_NAME=~"u_ila_0"}]]
INFO: [Labtools 27-1966] The ILA core 'hw_ila_1' triggered at 2021-Feb-13 21:19:09
INFO: [Labtools 27-3304] ILA Waveform data saved to file C:/Bachelor1/i2c/i2c_Edge_Det/LogicAnalyzer.hw/backup/hw_ila_data_1.ila. Use Tcl command 'read_hw_ila_data' or Vivado File->Import->Import ILA Data menu item to import the previously saved data.
set_property CAPTURE_COMPARE_VALUE eq1'b1 [get_hw_probes display_data -of_objects [get_hw_ilas -of_objects [get_hw_devices xc7a35t_0] -filter {CELL_NAME=~"u_ila_0"}]]
run_hw_ila [get_hw_ilas -of_objects [get_hw_devices xc7a35t_0] -filter {CELL_NAME=~"u_ila_0"}]
INFO: [Labtools 27-1964] The ILA core 'hw_ila_1' trigger was armed at 2021-Feb-13 21:19:40
wait_on_hw_ila [get_hw_ilas -of_objects [get_hw_devices xc7a35t_0] -filter {CELL_NAME=~"u_ila_0"}]
display_hw_ila_data [upload_hw_ila_data [get_hw_ilas -of_objects [get_hw_devices xc7a35t_0] -filter {CELL_NAME=~"u_ila_0"}]]
INFO: [Labtools 27-1966] The ILA core 'hw_ila_1' triggered at 2021-Feb-13 21:19:40
INFO: [Labtools 27-3304] ILA Waveform data saved to file C:/Bachelor1/i2c/i2c_Edge_Det/LogicAnalyzer.hw/backup/hw_ila_data_1.ila. Use Tcl command 'read_hw_ila_data' or Vivado File->Import->Import ILA Data menu item to import the previously saved data.
run_hw_ila [get_hw_ilas -of_objects [get_hw_devices xc7a35t_0] -filter {CELL_NAME=~"u_ila_0"}]
INFO: [Labtools 27-1964] The ILA core 'hw_ila_1' trigger was armed at 2021-Feb-13 21:19:45
wait_on_hw_ila [get_hw_ilas -of_objects [get_hw_devices xc7a35t_0] -filter {CELL_NAME=~"u_ila_0"}]
display_hw_ila_data [upload_hw_ila_data [get_hw_ilas -of_objects [get_hw_devices xc7a35t_0] -filter {CELL_NAME=~"u_ila_0"}]]
INFO: [Labtools 27-1966] The ILA core 'hw_ila_1' triggered at 2021-Feb-13 21:19:45
INFO: [Labtools 27-3304] ILA Waveform data saved to file C:/Bachelor1/i2c/i2c_Edge_Det/LogicAnalyzer.hw/backup/hw_ila_data_1.ila. Use Tcl command 'read_hw_ila_data' or Vivado File->Import->Import ILA Data menu item to import the previously saved data.
set_property TRIGGER_COMPARE_VALUE eq8'hXX [get_hw_probes temp_sig_3 -of_objects [get_hw_ilas -of_objects [get_hw_devices xc7a35t_0] -filter {CELL_NAME=~"u_ila_0"}]]
run_hw_ila [get_hw_ilas -of_objects [get_hw_devices xc7a35t_0] -filter {CELL_NAME=~"u_ila_0"}]
INFO: [Labtools 27-1964] The ILA core 'hw_ila_1' trigger was armed at 2021-Feb-13 21:19:54
wait_on_hw_ila [get_hw_ilas -of_objects [get_hw_devices xc7a35t_0] -filter {CELL_NAME=~"u_ila_0"}]
display_hw_ila_data [upload_hw_ila_data [get_hw_ilas -of_objects [get_hw_devices xc7a35t_0] -filter {CELL_NAME=~"u_ila_0"}]]
INFO: [Labtools 27-1966] The ILA core 'hw_ila_1' triggered at 2021-Feb-13 21:19:54
INFO: [Labtools 27-3304] ILA Waveform data saved to file C:/Bachelor1/i2c/i2c_Edge_Det/LogicAnalyzer.hw/backup/hw_ila_data_1.ila. Use Tcl command 'read_hw_ila_data' or Vivado File->Import->Import ILA Data menu item to import the previously saved data.
run_hw_ila [get_hw_ilas -of_objects [get_hw_devices xc7a35t_0] -filter {CELL_NAME=~"u_ila_0"}]
INFO: [Labtools 27-1964] The ILA core 'hw_ila_1' trigger was armed at 2021-Feb-13 21:19:58
wait_on_hw_ila [get_hw_ilas -of_objects [get_hw_devices xc7a35t_0] -filter {CELL_NAME=~"u_ila_0"}]
display_hw_ila_data [upload_hw_ila_data [get_hw_ilas -of_objects [get_hw_devices xc7a35t_0] -filter {CELL_NAME=~"u_ila_0"}]]
INFO: [Labtools 27-1966] The ILA core 'hw_ila_1' triggered at 2021-Feb-13 21:19:58
INFO: [Labtools 27-3304] ILA Waveform data saved to file C:/Bachelor1/i2c/i2c_Edge_Det/LogicAnalyzer.hw/backup/hw_ila_data_1.ila. Use Tcl command 'read_hw_ila_data' or Vivado File->Import->Import ILA Data menu item to import the previously saved data.
set_property CAPTURE_COMPARE_VALUE eq1'bF [get_hw_probes display_data -of_objects [get_hw_ilas -of_objects [get_hw_devices xc7a35t_0] -filter {CELL_NAME=~"u_ila_0"}]]
run_hw_ila [get_hw_ilas -of_objects [get_hw_devices xc7a35t_0] -filter {CELL_NAME=~"u_ila_0"}]
INFO: [Labtools 27-1964] The ILA core 'hw_ila_1' trigger was armed at 2021-Feb-13 21:20:13
wait_on_hw_ila -timeout 0 [get_hw_ilas -of_objects [get_hw_devices xc7a35t_0] -filter {CELL_NAME=~"u_ila_0"}]
display_hw_ila_data [upload_hw_ila_data [get_hw_ilas -of_objects [get_hw_devices xc7a35t_0] -filter {CELL_NAME=~"u_ila_0"}]]
INFO: [Labtools 27-1965] The ILA core 'hw_ila_1' trigger was stopped by user at 2021-Feb-13 21:20:21
INFO: [Labtools 27-2213] The ILA core 'hw_ila_1' captured one window with '14221' samples.
INFO: [Labtools 27-3304] ILA Waveform data saved to file C:/Bachelor1/i2c/i2c_Edge_Det/LogicAnalyzer.hw/backup/hw_ila_data_1.ila. Use Tcl command 'read_hw_ila_data' or Vivado File->Import->Import ILA Data menu item to import the previously saved data.
set_property CAPTURE_COMPARE_VALUE eq1'bX [get_hw_probes display_data -of_objects [get_hw_ilas -of_objects [get_hw_devices xc7a35t_0] -filter {CELL_NAME=~"u_ila_0"}]]
set_property CAPTURE_COMPARE_VALUE eq7'h23 [get_hw_probes s_address_out_OBUF -of_objects [get_hw_ilas -of_objects [get_hw_devices xc7a35t_0] -filter {CELL_NAME=~"u_ila_0"}]]
run_hw_ila [get_hw_ilas -of_objects [get_hw_devices xc7a35t_0] -filter {CELL_NAME=~"u_ila_0"}]
INFO: [Labtools 27-1964] The ILA core 'hw_ila_1' trigger was armed at 2021-Feb-13 21:22:30
wait_on_hw_ila [get_hw_ilas -of_objects [get_hw_devices xc7a35t_0] -filter {CELL_NAME=~"u_ila_0"}]
display_hw_ila_data [upload_hw_ila_data [get_hw_ilas -of_objects [get_hw_devices xc7a35t_0] -filter {CELL_NAME=~"u_ila_0"}]]
INFO: [Labtools 27-1966] The ILA core 'hw_ila_1' triggered at 2021-Feb-13 21:22:30
INFO: [Labtools 27-3304] ILA Waveform data saved to file C:/Bachelor1/i2c/i2c_Edge_Det/LogicAnalyzer.hw/backup/hw_ila_data_1.ila. Use Tcl command 'read_hw_ila_data' or Vivado File->Import->Import ILA Data menu item to import the previously saved data.
run_hw_ila [get_hw_ilas -of_objects [get_hw_devices xc7a35t_0] -filter {CELL_NAME=~"u_ila_0"}]
INFO: [Labtools 27-1964] The ILA core 'hw_ila_1' trigger was armed at 2021-Feb-13 21:22:35
wait_on_hw_ila [get_hw_ilas -of_objects [get_hw_devices xc7a35t_0] -filter {CELL_NAME=~"u_ila_0"}]
display_hw_ila_data [upload_hw_ila_data [get_hw_ilas -of_objects [get_hw_devices xc7a35t_0] -filter {CELL_NAME=~"u_ila_0"}]]
INFO: [Labtools 27-1966] The ILA core 'hw_ila_1' triggered at 2021-Feb-13 21:22:35
INFO: [Labtools 27-3304] ILA Waveform data saved to file C:/Bachelor1/i2c/i2c_Edge_Det/LogicAnalyzer.hw/backup/hw_ila_data_1.ila. Use Tcl command 'read_hw_ila_data' or Vivado File->Import->Import ILA Data menu item to import the previously saved data.
reset_run synth_1
launch_runs impl_1 -jobs 4
[Sat Feb 13 21:32:29 2021] Launched synth_1...
Run output will be captured here: C:/Bachelor1/i2c/i2c_Edge_Det/LogicAnalyzer.runs/synth_1/runme.log
[Sat Feb 13 21:32:29 2021] Launched impl_1...
Run output will be captured here: C:/Bachelor1/i2c/i2c_Edge_Det/LogicAnalyzer.runs/impl_1/runme.log
launch_runs impl_1 -to_step write_bitstream -jobs 4
[Sat Feb 13 21:40:39 2021] Launched impl_1...
Run output will be captured here: C:/Bachelor1/i2c/i2c_Edge_Det/LogicAnalyzer.runs/impl_1/runme.log
set_property PROBES.FILE {C:/Bachelor1/i2c/i2c_Edge_Det/LogicAnalyzer.runs/impl_1/i2c_main.ltx} [get_hw_devices xc7a35t_0]
set_property FULL_PROBES.FILE {C:/Bachelor1/i2c/i2c_Edge_Det/LogicAnalyzer.runs/impl_1/i2c_main.ltx} [get_hw_devices xc7a35t_0]
set_property PROGRAM.FILE {C:/Bachelor1/i2c/i2c_Edge_Det/LogicAnalyzer.runs/impl_1/i2c_main.bit} [get_hw_devices xc7a35t_0]
program_hw_devices [get_hw_devices xc7a35t_0]
INFO: [Labtools 27-3164] End of startup status: HIGH
refresh_hw_device [lindex [get_hw_devices xc7a35t_0] 0]
INFO: [Labtools 27-2302] Device xc7a35t (JTAG device index = 0) is programmed with a design that has 1 ILA core(s).
run_hw_ila [get_hw_ilas -of_objects [get_hw_devices xc7a35t_0] -filter {CELL_NAME=~"u_ila_0"}]
INFO: [Labtools 27-1964] The ILA core 'hw_ila_1' trigger was armed at 2021-Feb-13 21:42:30
wait_on_hw_ila [get_hw_ilas -of_objects [get_hw_devices xc7a35t_0] -filter {CELL_NAME=~"u_ila_0"}]
display_hw_ila_data [upload_hw_ila_data [get_hw_ilas -of_objects [get_hw_devices xc7a35t_0] -filter {CELL_NAME=~"u_ila_0"}]]
INFO: [Labtools 27-1966] The ILA core 'hw_ila_1' triggered at 2021-Feb-13 21:42:30
INFO: [Labtools 27-3304] ILA Waveform data saved to file C:/Bachelor1/i2c/i2c_Edge_Det/LogicAnalyzer.hw/backup/hw_ila_data_1.ila. Use Tcl command 'read_hw_ila_data' or Vivado File->Import->Import ILA Data menu item to import the previously saved data.
set_property CAPTURE_COMPARE_VALUE eq7'hXX [get_hw_probes s_address_out_OBUF -of_objects [get_hw_ilas -of_objects [get_hw_devices xc7a35t_0] -filter {CELL_NAME=~"u_ila_0"}]]
set_property CAPTURE_COMPARE_VALUE eq1'bF [get_hw_probes display_data -of_objects [get_hw_ilas -of_objects [get_hw_devices xc7a35t_0] -filter {CELL_NAME=~"u_ila_0"}]]
set_property CAPTURE_COMPARE_VALUE eq1'bR [get_hw_probes display_data -of_objects [get_hw_ilas -of_objects [get_hw_devices xc7a35t_0] -filter {CELL_NAME=~"u_ila_0"}]]
run_hw_ila [get_hw_ilas -of_objects [get_hw_devices xc7a35t_0] -filter {CELL_NAME=~"u_ila_0"}]
INFO: [Labtools 27-1964] The ILA core 'hw_ila_1' trigger was armed at 2021-Feb-13 21:42:53
wait_on_hw_ila -timeout 0 [get_hw_ilas -of_objects [get_hw_devices xc7a35t_0] -filter {CELL_NAME=~"u_ila_0"}]
display_hw_ila_data [upload_hw_ila_data [get_hw_ilas -of_objects [get_hw_devices xc7a35t_0] -filter {CELL_NAME=~"u_ila_0"}]]
INFO: [Labtools 27-1965] The ILA core 'hw_ila_1' trigger was stopped by user at 2021-Feb-13 21:43:00
INFO: [Labtools 27-2213] The ILA core 'hw_ila_1' captured one window with '10999' samples.
INFO: [Labtools 27-3304] ILA Waveform data saved to file C:/Bachelor1/i2c/i2c_Edge_Det/LogicAnalyzer.hw/backup/hw_ila_data_1.ila. Use Tcl command 'read_hw_ila_data' or Vivado File->Import->Import ILA Data menu item to import the previously saved data.
set_property CAPTURE_COMPARE_VALUE eq1'b1 [get_hw_probes display_data -of_objects [get_hw_ilas -of_objects [get_hw_devices xc7a35t_0] -filter {CELL_NAME=~"u_ila_0"}]]
run_hw_ila [get_hw_ilas -of_objects [get_hw_devices xc7a35t_0] -filter {CELL_NAME=~"u_ila_0"}]
INFO: [Labtools 27-1964] The ILA core 'hw_ila_1' trigger was armed at 2021-Feb-13 21:43:21
wait_on_hw_ila [get_hw_ilas -of_objects [get_hw_devices xc7a35t_0] -filter {CELL_NAME=~"u_ila_0"}]
display_hw_ila_data [upload_hw_ila_data [get_hw_ilas -of_objects [get_hw_devices xc7a35t_0] -filter {CELL_NAME=~"u_ila_0"}]]
INFO: [Labtools 27-1966] The ILA core 'hw_ila_1' triggered at 2021-Feb-13 21:43:21
INFO: [Labtools 27-3304] ILA Waveform data saved to file C:/Bachelor1/i2c/i2c_Edge_Det/LogicAnalyzer.hw/backup/hw_ila_data_1.ila. Use Tcl command 'read_hw_ila_data' or Vivado File->Import->Import ILA Data menu item to import the previously saved data.
set_property CAPTURE_COMPARE_VALUE eq1'bF [get_hw_probes display_data -of_objects [get_hw_ilas -of_objects [get_hw_devices xc7a35t_0] -filter {CELL_NAME=~"u_ila_0"}]]
run_hw_ila [get_hw_ilas -of_objects [get_hw_devices xc7a35t_0] -filter {CELL_NAME=~"u_ila_0"}]
INFO: [Labtools 27-1964] The ILA core 'hw_ila_1' trigger was armed at 2021-Feb-13 21:43:32
wait_on_hw_ila -timeout 0 [get_hw_ilas -of_objects [get_hw_devices xc7a35t_0] -filter {CELL_NAME=~"u_ila_0"}]
display_hw_ila_data [upload_hw_ila_data [get_hw_ilas -of_objects [get_hw_devices xc7a35t_0] -filter {CELL_NAME=~"u_ila_0"}]]
INFO: [Labtools 27-1965] The ILA core 'hw_ila_1' trigger was stopped by user at 2021-Feb-13 21:43:37
INFO: [Labtools 27-2213] The ILA core 'hw_ila_1' captured one window with '8242' samples.
INFO: [Labtools 27-3304] ILA Waveform data saved to file C:/Bachelor1/i2c/i2c_Edge_Det/LogicAnalyzer.hw/backup/hw_ila_data_1.ila. Use Tcl command 'read_hw_ila_data' or Vivado File->Import->Import ILA Data menu item to import the previously saved data.
set_property CAPTURE_COMPARE_VALUE eq1'bX [get_hw_probes display_data -of_objects [get_hw_ilas -of_objects [get_hw_devices xc7a35t_0] -filter {CELL_NAME=~"u_ila_0"}]]
set_property CAPTURE_COMPARE_VALUE eq8'bXXXX_XXXX [get_hw_probes temp_sig_3 -of_objects [get_hw_ilas -of_objects [get_hw_devices xc7a35t_0] -filter {CELL_NAME=~"u_ila_0"}]]
set_property CAPTURE_COMPARE_VALUE eq8'b0000_1000 [get_hw_probes temp_sig_3 -of_objects [get_hw_ilas -of_objects [get_hw_devices xc7a35t_0] -filter {CELL_NAME=~"u_ila_0"}]]
run_hw_ila [get_hw_ilas -of_objects [get_hw_devices xc7a35t_0] -filter {CELL_NAME=~"u_ila_0"}]
INFO: [Labtools 27-1964] The ILA core 'hw_ila_1' trigger was armed at 2021-Feb-13 21:44:19
wait_on_hw_ila [get_hw_ilas -of_objects [get_hw_devices xc7a35t_0] -filter {CELL_NAME=~"u_ila_0"}]
display_hw_ila_data [upload_hw_ila_data [get_hw_ilas -of_objects [get_hw_devices xc7a35t_0] -filter {CELL_NAME=~"u_ila_0"}]]
INFO: [Labtools 27-1966] The ILA core 'hw_ila_1' triggered at 2021-Feb-13 21:44:19
INFO: [Labtools 27-3304] ILA Waveform data saved to file C:/Bachelor1/i2c/i2c_Edge_Det/LogicAnalyzer.hw/backup/hw_ila_data_1.ila. Use Tcl command 'read_hw_ila_data' or Vivado File->Import->Import ILA Data menu item to import the previously saved data.
set_property CAPTURE_COMPARE_VALUE eq8'hXX [get_hw_probes temp_sig_3 -of_objects [get_hw_ilas -of_objects [get_hw_devices xc7a35t_0] -filter {CELL_NAME=~"u_ila_0"}]]
set_property TRIGGER_COMPARE_VALUE eq8'bXXXX_XXXX [get_hw_probes temp_sig_3 -of_objects [get_hw_ilas -of_objects [get_hw_devices xc7a35t_0] -filter {CELL_NAME=~"u_ila_0"}]]
set_property TRIGGER_COMPARE_VALUE eq8'b0000_1000 [get_hw_probes temp_sig_3 -of_objects [get_hw_ilas -of_objects [get_hw_devices xc7a35t_0] -filter {CELL_NAME=~"u_ila_0"}]]
run_hw_ila [get_hw_ilas -of_objects [get_hw_devices xc7a35t_0] -filter {CELL_NAME=~"u_ila_0"}]
INFO: [Labtools 27-1964] The ILA core 'hw_ila_1' trigger was armed at 2021-Feb-13 21:44:41
wait_on_hw_ila [get_hw_ilas -of_objects [get_hw_devices xc7a35t_0] -filter {CELL_NAME=~"u_ila_0"}]
display_hw_ila_data [upload_hw_ila_data [get_hw_ilas -of_objects [get_hw_devices xc7a35t_0] -filter {CELL_NAME=~"u_ila_0"}]]
INFO: [Labtools 27-1966] The ILA core 'hw_ila_1' triggered at 2021-Feb-13 21:44:41
INFO: [Labtools 27-3304] ILA Waveform data saved to file C:/Bachelor1/i2c/i2c_Edge_Det/LogicAnalyzer.hw/backup/hw_ila_data_1.ila. Use Tcl command 'read_hw_ila_data' or Vivado File->Import->Import ILA Data menu item to import the previously saved data.
launch_simulation
Command: launch_simulation 
INFO: [Vivado 12-5682] Launching behavioral simulation in 'C:/Bachelor1/i2c/i2c_Edge_Det/LogicAnalyzer.sim/sim_1/behav/xsim'
INFO: [SIM-utils-51] Simulation object is 'sim_1'
INFO: [SIM-utils-54] Inspecting design source files for 'tb_i2c_main' in fileset 'sim_1'...
INFO: [USF-XSim-97] Finding global include files...
INFO: [USF-XSim-98] Fetching design files from 'sim_1'...
INFO: [USF-XSim-2] XSim::Compile design
INFO: [USF-XSim-61] Executing 'COMPILE and ANALYZE' step in 'C:/Bachelor1/i2c/i2c_Edge_Det/LogicAnalyzer.sim/sim_1/behav/xsim'
"xvhdl --incr --relax -prj tb_i2c_main_vhdl.prj"
INFO: [VRFC 10-163] Analyzing VHDL file "C:/Bachelor1/i2c/i2c_Edge_Det/LogicAnalyzer.srcs/sources_1/new/i2c_main.vhd" into library xil_defaultlib
INFO: [VRFC 10-3107] analyzing entity 'i2c_main'
INFO: [USF-XSim-69] 'compile' step finished in '2' seconds
INFO: [USF-XSim-3] XSim::Elaborate design
INFO: [USF-XSim-61] Executing 'ELABORATE' step in 'C:/Bachelor1/i2c/i2c_Edge_Det/LogicAnalyzer.sim/sim_1/behav/xsim'
"xelab -wto d98127ed60f945c1a2fb171453279a1f --incr --debug typical --relax --mt 2 -L xil_defaultlib -L secureip --snapshot tb_i2c_main_behav xil_defaultlib.tb_i2c_main -log elaborate.log"
Vivado Simulator 2020.1
Copyright 1986-1999, 2001-2020 Xilinx, Inc. All Rights Reserved.
Running: C:/Xilinx/Vivado/2020.1/bin/unwrapped/win64.o/xelab.exe -wto d98127ed60f945c1a2fb171453279a1f --incr --debug typical --relax --mt 2 -L xil_defaultlib -L secureip --snapshot tb_i2c_main_behav xil_defaultlib.tb_i2c_main -log elaborate.log 
Using 2 slave threads.
Starting static elaboration
Completed static elaboration
Starting simulation data flow analysis
Completed simulation data flow analysis
Time Resolution for simulation is 1ps
Compiling package std.standard
Compiling package std.textio
Compiling package ieee.std_logic_1164
Compiling package ieee.numeric_std
Compiling package ieee.std_logic_arith
Compiling package ieee.std_logic_unsigned
Compiling architecture rtl of entity xil_defaultlib.debouncer [debouncer_default]
Compiling architecture behavioral of entity xil_defaultlib.i2c_main [i2c_main_default]
Compiling architecture behavioral of entity xil_defaultlib.tb_i2c_main
Built simulation snapshot tb_i2c_main_behav
INFO: [USF-XSim-69] 'elaborate' step finished in '5' seconds
INFO: [USF-XSim-4] XSim::Simulate design
INFO: [USF-XSim-61] Executing 'SIMULATE' step in 'C:/Bachelor1/i2c/i2c_Edge_Det/LogicAnalyzer.sim/sim_1/behav/xsim'
INFO: [USF-XSim-98] *** Running xsim
   with args "tb_i2c_main_behav -key {Behavioral:sim_1:Functional:tb_i2c_main} -tclbatch {tb_i2c_main.tcl} -view {C:/Bachelor1/i2c/i2c_Edge_Det/tb_i2c_main_behav.wcfg} -log {simulate.log}"
INFO: [USF-XSim-8] Loading simulator feature
Vivado Simulator 2020.1
Time resolution is 1 ps
open_wave_config C:/Bachelor1/i2c/i2c_Edge_Det/tb_i2c_main_behav.wcfg
source tb_i2c_main.tcl
# set curr_wave [current_wave_config]
# if { [string length $curr_wave] == 0 } {
#   if { [llength [get_objects]] > 0} {
#     add_wave /
#     set_property needs_save false [current_wave_config]
#   } else {
#      send_msg_id Add_Wave-1 WARNING "No top level signals found. Simulator will start without a wave window. If you want to open a wave window go to 'File->New Waveform Configuration' or type 'create_wave_config' in the TCL console."
#   }
# }
# run 1000ns
INFO: [USF-XSim-96] XSim completed. Design snapshot 'tb_i2c_main_behav' loaded.
INFO: [USF-XSim-97] XSim simulation ran for 1000ns
launch_simulation: Time (s): cpu = 00:00:05 ; elapsed = 00:00:12 . Memory (MB): peak = 2401.273 ; gain = 0.000
run 1500 us
save_wave_config {C:/Bachelor1/i2c/i2c_Edge_Det/tb_i2c_main_behav.wcfg}
close_sim
INFO: [Simtcl 6-16] Simulation closed
launch_simulation
Command: launch_simulation 
INFO: [Vivado 12-5682] Launching behavioral simulation in 'C:/Bachelor1/i2c/i2c_Edge_Det/LogicAnalyzer.sim/sim_1/behav/xsim'
INFO: [SIM-utils-51] Simulation object is 'sim_1'
INFO: [SIM-utils-54] Inspecting design source files for 'tb_i2c_main' in fileset 'sim_1'...
INFO: [USF-XSim-97] Finding global include files...
INFO: [USF-XSim-98] Fetching design files from 'sim_1'...
INFO: [USF-XSim-2] XSim::Compile design
INFO: [USF-XSim-61] Executing 'COMPILE and ANALYZE' step in 'C:/Bachelor1/i2c/i2c_Edge_Det/LogicAnalyzer.sim/sim_1/behav/xsim'
"xvhdl --incr --relax -prj tb_i2c_main_vhdl.prj"
INFO: [VRFC 10-163] Analyzing VHDL file "C:/Bachelor1/i2c/i2c_Edge_Det/LogicAnalyzer.srcs/sources_1/new/i2c_main.vhd" into library xil_defaultlib
INFO: [VRFC 10-3107] analyzing entity 'i2c_main'
INFO: [USF-XSim-69] 'compile' step finished in '2' seconds
INFO: [USF-XSim-3] XSim::Elaborate design
INFO: [USF-XSim-61] Executing 'ELABORATE' step in 'C:/Bachelor1/i2c/i2c_Edge_Det/LogicAnalyzer.sim/sim_1/behav/xsim'
"xelab -wto d98127ed60f945c1a2fb171453279a1f --incr --debug typical --relax --mt 2 -L xil_defaultlib -L secureip --snapshot tb_i2c_main_behav xil_defaultlib.tb_i2c_main -log elaborate.log"
Vivado Simulator 2020.1
Copyright 1986-1999, 2001-2020 Xilinx, Inc. All Rights Reserved.
Running: C:/Xilinx/Vivado/2020.1/bin/unwrapped/win64.o/xelab.exe -wto d98127ed60f945c1a2fb171453279a1f --incr --debug typical --relax --mt 2 -L xil_defaultlib -L secureip --snapshot tb_i2c_main_behav xil_defaultlib.tb_i2c_main -log elaborate.log 
Using 2 slave threads.
Starting static elaboration
Completed static elaboration
Starting simulation data flow analysis
Completed simulation data flow analysis
Time Resolution for simulation is 1ps
Compiling package std.standard
Compiling package std.textio
Compiling package ieee.std_logic_1164
Compiling package ieee.numeric_std
Compiling package ieee.std_logic_arith
Compiling package ieee.std_logic_unsigned
Compiling architecture rtl of entity xil_defaultlib.debouncer [debouncer_default]
Compiling architecture behavioral of entity xil_defaultlib.i2c_main [i2c_main_default]
Compiling architecture behavioral of entity xil_defaultlib.tb_i2c_main
Built simulation snapshot tb_i2c_main_behav
INFO: [USF-XSim-69] 'elaborate' step finished in '3' seconds
INFO: [USF-XSim-4] XSim::Simulate design
INFO: [USF-XSim-61] Executing 'SIMULATE' step in 'C:/Bachelor1/i2c/i2c_Edge_Det/LogicAnalyzer.sim/sim_1/behav/xsim'
INFO: [USF-XSim-98] *** Running xsim
   with args "tb_i2c_main_behav -key {Behavioral:sim_1:Functional:tb_i2c_main} -tclbatch {tb_i2c_main.tcl} -view {C:/Bachelor1/i2c/i2c_Edge_Det/tb_i2c_main_behav.wcfg} -log {simulate.log}"
INFO: [USF-XSim-8] Loading simulator feature
Vivado Simulator 2020.1
Time resolution is 1 ps
open_wave_config C:/Bachelor1/i2c/i2c_Edge_Det/tb_i2c_main_behav.wcfg
source tb_i2c_main.tcl
# set curr_wave [current_wave_config]
# if { [string length $curr_wave] == 0 } {
#   if { [llength [get_objects]] > 0} {
#     add_wave /
#     set_property needs_save false [current_wave_config]
#   } else {
#      send_msg_id Add_Wave-1 WARNING "No top level signals found. Simulator will start without a wave window. If you want to open a wave window go to 'File->New Waveform Configuration' or type 'create_wave_config' in the TCL console."
#   }
# }
# run 1000ns
INFO: [USF-XSim-96] XSim completed. Design snapshot 'tb_i2c_main_behav' loaded.
INFO: [USF-XSim-97] XSim simulation ran for 1000ns
launch_simulation: Time (s): cpu = 00:00:05 ; elapsed = 00:00:10 . Memory (MB): peak = 2414.980 ; gain = 0.000
run 1500 us
close_sim
INFO: [Simtcl 6-16] Simulation closed
reset_run synth_1
launch_runs impl_1 -jobs 4
[Sat Feb 13 22:10:35 2021] Launched synth_1...
Run output will be captured here: C:/Bachelor1/i2c/i2c_Edge_Det/LogicAnalyzer.runs/synth_1/runme.log
[Sat Feb 13 22:10:36 2021] Launched impl_1...
Run output will be captured here: C:/Bachelor1/i2c/i2c_Edge_Det/LogicAnalyzer.runs/impl_1/runme.log
launch_runs impl_1 -to_step write_bitstream -jobs 4
[Sat Feb 13 22:15:46 2021] Launched impl_1...
Run output will be captured here: C:/Bachelor1/i2c/i2c_Edge_Det/LogicAnalyzer.runs/impl_1/runme.log
set_property PROBES.FILE {C:/Bachelor1/i2c/i2c_Edge_Det/LogicAnalyzer.runs/impl_1/i2c_main.ltx} [get_hw_devices xc7a35t_0]
set_property FULL_PROBES.FILE {C:/Bachelor1/i2c/i2c_Edge_Det/LogicAnalyzer.runs/impl_1/i2c_main.ltx} [get_hw_devices xc7a35t_0]
set_property PROGRAM.FILE {C:/Bachelor1/i2c/i2c_Edge_Det/LogicAnalyzer.runs/impl_1/i2c_main.bit} [get_hw_devices xc7a35t_0]
program_hw_devices [get_hw_devices xc7a35t_0]
INFO: [Labtools 27-3164] End of startup status: HIGH
refresh_hw_device [lindex [get_hw_devices xc7a35t_0] 0]
INFO: [Labtools 27-2302] Device xc7a35t (JTAG device index = 0) is programmed with a design that has 1 ILA core(s).
add_wave -into {hw_ila_data_1.wcfg} -radix hex { {trigger_flag} }
run_hw_ila [get_hw_ilas -of_objects [get_hw_devices xc7a35t_0] -filter {CELL_NAME=~"u_ila_0"}]
INFO: [Labtools 27-1964] The ILA core 'hw_ila_1' trigger was armed at 2021-Feb-13 22:19:22
wait_on_hw_ila [get_hw_ilas -of_objects [get_hw_devices xc7a35t_0] -filter {CELL_NAME=~"u_ila_0"}]
display_hw_ila_data [upload_hw_ila_data [get_hw_ilas -of_objects [get_hw_devices xc7a35t_0] -filter {CELL_NAME=~"u_ila_0"}]]
INFO: [Labtools 27-1966] The ILA core 'hw_ila_1' triggered at 2021-Feb-13 22:19:22
INFO: [Labtools 27-3304] ILA Waveform data saved to file C:/Bachelor1/i2c/i2c_Edge_Det/LogicAnalyzer.hw/backup/hw_ila_data_1.ila. Use Tcl command 'read_hw_ila_data' or Vivado File->Import->Import ILA Data menu item to import the previously saved data.
set_property CAPTURE_COMPARE_VALUE eq1'bR [get_hw_probes trigger_flag -of_objects [get_hw_ilas -of_objects [get_hw_devices xc7a35t_0] -filter {CELL_NAME=~"u_ila_0"}]]
run_hw_ila [get_hw_ilas -of_objects [get_hw_devices xc7a35t_0] -filter {CELL_NAME=~"u_ila_0"}]
INFO: [Labtools 27-1964] The ILA core 'hw_ila_1' trigger was armed at 2021-Feb-13 22:19:47
wait_on_hw_ila -timeout 0 [get_hw_ilas -of_objects [get_hw_devices xc7a35t_0] -filter {CELL_NAME=~"u_ila_0"}]
display_hw_ila_data [upload_hw_ila_data [get_hw_ilas -of_objects [get_hw_devices xc7a35t_0] -filter {CELL_NAME=~"u_ila_0"}]]
INFO: [Labtools 27-1965] The ILA core 'hw_ila_1' trigger was stopped by user at 2021-Feb-13 22:19:52
INFO: [Labtools 27-2213] The ILA core 'hw_ila_1' captured one window with '8229' samples.
INFO: [Labtools 27-3304] ILA Waveform data saved to file C:/Bachelor1/i2c/i2c_Edge_Det/LogicAnalyzer.hw/backup/hw_ila_data_1.ila. Use Tcl command 'read_hw_ila_data' or Vivado File->Import->Import ILA Data menu item to import the previously saved data.
set_property CAPTURE_COMPARE_VALUE eq1'bX [get_hw_probes trigger_flag -of_objects [get_hw_ilas -of_objects [get_hw_devices xc7a35t_0] -filter {CELL_NAME=~"u_ila_0"}]]
run_hw_ila [get_hw_ilas -of_objects [get_hw_devices xc7a35t_0] -filter {CELL_NAME=~"u_ila_0"}]
INFO: [Labtools 27-1964] The ILA core 'hw_ila_1' trigger was armed at 2021-Feb-13 22:20:08
wait_on_hw_ila [get_hw_ilas -of_objects [get_hw_devices xc7a35t_0] -filter {CELL_NAME=~"u_ila_0"}]
display_hw_ila_data [upload_hw_ila_data [get_hw_ilas -of_objects [get_hw_devices xc7a35t_0] -filter {CELL_NAME=~"u_ila_0"}]]
INFO: [Labtools 27-1966] The ILA core 'hw_ila_1' triggered at 2021-Feb-13 22:20:08
INFO: [Labtools 27-3304] ILA Waveform data saved to file C:/Bachelor1/i2c/i2c_Edge_Det/LogicAnalyzer.hw/backup/hw_ila_data_1.ila. Use Tcl command 'read_hw_ila_data' or Vivado File->Import->Import ILA Data menu item to import the previously saved data.
set_property TRIGGER_COMPARE_VALUE eq8'hXX [get_hw_probes temp_sig_3 -of_objects [get_hw_ilas -of_objects [get_hw_devices xc7a35t_0] -filter {CELL_NAME=~"u_ila_0"}]]
set_property CAPTURE_COMPARE_VALUE eq1'bF [get_hw_probes trigger_flag -of_objects [get_hw_ilas -of_objects [get_hw_devices xc7a35t_0] -filter {CELL_NAME=~"u_ila_0"}]]
run_hw_ila [get_hw_ilas -of_objects [get_hw_devices xc7a35t_0] -filter {CELL_NAME=~"u_ila_0"}]
INFO: [Labtools 27-1964] The ILA core 'hw_ila_1' trigger was armed at 2021-Feb-13 22:25:00
wait_on_hw_ila -timeout 0 [get_hw_ilas -of_objects [get_hw_devices xc7a35t_0] -filter {CELL_NAME=~"u_ila_0"}]
display_hw_ila_data [upload_hw_ila_data [get_hw_ilas -of_objects [get_hw_devices xc7a35t_0] -filter {CELL_NAME=~"u_ila_0"}]]
INFO: [Labtools 27-1965] The ILA core 'hw_ila_1' trigger was stopped by user at 2021-Feb-13 22:25:04
INFO: [Labtools 27-2213] The ILA core 'hw_ila_1' captured one window with '8155' samples.
INFO: [Labtools 27-3304] ILA Waveform data saved to file C:/Bachelor1/i2c/i2c_Edge_Det/LogicAnalyzer.hw/backup/hw_ila_data_1.ila. Use Tcl command 'read_hw_ila_data' or Vivado File->Import->Import ILA Data menu item to import the previously saved data.
set_property CAPTURE_COMPARE_VALUE eq1'b1 [get_hw_probes trigger_flag -of_objects [get_hw_ilas -of_objects [get_hw_devices xc7a35t_0] -filter {CELL_NAME=~"u_ila_0"}]]
run_hw_ila [get_hw_ilas -of_objects [get_hw_devices xc7a35t_0] -filter {CELL_NAME=~"u_ila_0"}]
INFO: [Labtools 27-1964] The ILA core 'hw_ila_1' trigger was armed at 2021-Feb-13 22:25:21
wait_on_hw_ila [get_hw_ilas -of_objects [get_hw_devices xc7a35t_0] -filter {CELL_NAME=~"u_ila_0"}]
display_hw_ila_data [upload_hw_ila_data [get_hw_ilas -of_objects [get_hw_devices xc7a35t_0] -filter {CELL_NAME=~"u_ila_0"}]]
INFO: [Labtools 27-1966] The ILA core 'hw_ila_1' triggered at 2021-Feb-13 22:25:21
INFO: [Labtools 27-3304] ILA Waveform data saved to file C:/Bachelor1/i2c/i2c_Edge_Det/LogicAnalyzer.hw/backup/hw_ila_data_1.ila. Use Tcl command 'read_hw_ila_data' or Vivado File->Import->Import ILA Data menu item to import the previously saved data.
run_hw_ila [get_hw_ilas -of_objects [get_hw_devices xc7a35t_0] -filter {CELL_NAME=~"u_ila_0"}]
INFO: [Labtools 27-1964] The ILA core 'hw_ila_1' trigger was armed at 2021-Feb-13 22:25:27
wait_on_hw_ila [get_hw_ilas -of_objects [get_hw_devices xc7a35t_0] -filter {CELL_NAME=~"u_ila_0"}]
display_hw_ila_data [upload_hw_ila_data [get_hw_ilas -of_objects [get_hw_devices xc7a35t_0] -filter {CELL_NAME=~"u_ila_0"}]]
INFO: [Labtools 27-1966] The ILA core 'hw_ila_1' triggered at 2021-Feb-13 22:25:27
INFO: [Labtools 27-3304] ILA Waveform data saved to file C:/Bachelor1/i2c/i2c_Edge_Det/LogicAnalyzer.hw/backup/hw_ila_data_1.ila. Use Tcl command 'read_hw_ila_data' or Vivado File->Import->Import ILA Data menu item to import the previously saved data.
run_hw_ila [get_hw_ilas -of_objects [get_hw_devices xc7a35t_0] -filter {CELL_NAME=~"u_ila_0"}]
INFO: [Labtools 27-1964] The ILA core 'hw_ila_1' trigger was armed at 2021-Feb-13 22:25:33
wait_on_hw_ila [get_hw_ilas -of_objects [get_hw_devices xc7a35t_0] -filter {CELL_NAME=~"u_ila_0"}]
display_hw_ila_data [upload_hw_ila_data [get_hw_ilas -of_objects [get_hw_devices xc7a35t_0] -filter {CELL_NAME=~"u_ila_0"}]]
INFO: [Labtools 27-1966] The ILA core 'hw_ila_1' triggered at 2021-Feb-13 22:25:33
INFO: [Labtools 27-3304] ILA Waveform data saved to file C:/Bachelor1/i2c/i2c_Edge_Det/LogicAnalyzer.hw/backup/hw_ila_data_1.ila. Use Tcl command 'read_hw_ila_data' or Vivado File->Import->Import ILA Data menu item to import the previously saved data.
set_property CAPTURE_COMPARE_VALUE eq1'bX [get_hw_probes trigger_flag -of_objects [get_hw_ilas -of_objects [get_hw_devices xc7a35t_0] -filter {CELL_NAME=~"u_ila_0"}]]
set_property TRIGGER_COMPARE_VALUE eq1'b1 [get_hw_probes trigger_flag -of_objects [get_hw_ilas -of_objects [get_hw_devices xc7a35t_0] -filter {CELL_NAME=~"u_ila_0"}]]
run_hw_ila [get_hw_ilas -of_objects [get_hw_devices xc7a35t_0] -filter {CELL_NAME=~"u_ila_0"}]
INFO: [Labtools 27-1964] The ILA core 'hw_ila_1' trigger was armed at 2021-Feb-13 22:25:57
wait_on_hw_ila [get_hw_ilas -of_objects [get_hw_devices xc7a35t_0] -filter {CELL_NAME=~"u_ila_0"}]
display_hw_ila_data [upload_hw_ila_data [get_hw_ilas -of_objects [get_hw_devices xc7a35t_0] -filter {CELL_NAME=~"u_ila_0"}]]
INFO: [Labtools 27-1966] The ILA core 'hw_ila_1' triggered at 2021-Feb-13 22:25:57
INFO: [Labtools 27-3304] ILA Waveform data saved to file C:/Bachelor1/i2c/i2c_Edge_Det/LogicAnalyzer.hw/backup/hw_ila_data_1.ila. Use Tcl command 'read_hw_ila_data' or Vivado File->Import->Import ILA Data menu item to import the previously saved data.
run_hw_ila [get_hw_ilas -of_objects [get_hw_devices xc7a35t_0] -filter {CELL_NAME=~"u_ila_0"}]
INFO: [Labtools 27-1964] The ILA core 'hw_ila_1' trigger was armed at 2021-Feb-13 22:26:02
wait_on_hw_ila [get_hw_ilas -of_objects [get_hw_devices xc7a35t_0] -filter {CELL_NAME=~"u_ila_0"}]
display_hw_ila_data [upload_hw_ila_data [get_hw_ilas -of_objects [get_hw_devices xc7a35t_0] -filter {CELL_NAME=~"u_ila_0"}]]
INFO: [Labtools 27-1966] The ILA core 'hw_ila_1' triggered at 2021-Feb-13 22:26:02
INFO: [Labtools 27-3304] ILA Waveform data saved to file C:/Bachelor1/i2c/i2c_Edge_Det/LogicAnalyzer.hw/backup/hw_ila_data_1.ila. Use Tcl command 'read_hw_ila_data' or Vivado File->Import->Import ILA Data menu item to import the previously saved data.
run_hw_ila [get_hw_ilas -of_objects [get_hw_devices xc7a35t_0] -filter {CELL_NAME=~"u_ila_0"}]
INFO: [Labtools 27-1964] The ILA core 'hw_ila_1' trigger was armed at 2021-Feb-13 22:26:06
wait_on_hw_ila [get_hw_ilas -of_objects [get_hw_devices xc7a35t_0] -filter {CELL_NAME=~"u_ila_0"}]
display_hw_ila_data [upload_hw_ila_data [get_hw_ilas -of_objects [get_hw_devices xc7a35t_0] -filter {CELL_NAME=~"u_ila_0"}]]
INFO: [Labtools 27-1966] The ILA core 'hw_ila_1' triggered at 2021-Feb-13 22:26:06
INFO: [Labtools 27-3304] ILA Waveform data saved to file C:/Bachelor1/i2c/i2c_Edge_Det/LogicAnalyzer.hw/backup/hw_ila_data_1.ila. Use Tcl command 'read_hw_ila_data' or Vivado File->Import->Import ILA Data menu item to import the previously saved data.
set_property TRIGGER_COMPARE_VALUE eq1'bF [get_hw_probes trigger_flag -of_objects [get_hw_ilas -of_objects [get_hw_devices xc7a35t_0] -filter {CELL_NAME=~"u_ila_0"}]]
run_hw_ila [get_hw_ilas -of_objects [get_hw_devices xc7a35t_0] -filter {CELL_NAME=~"u_ila_0"}]
INFO: [Labtools 27-1964] The ILA core 'hw_ila_1' trigger was armed at 2021-Feb-13 22:26:15
wait_on_hw_ila [get_hw_ilas -of_objects [get_hw_devices xc7a35t_0] -filter {CELL_NAME=~"u_ila_0"}]
display_hw_ila_data [upload_hw_ila_data [get_hw_ilas -of_objects [get_hw_devices xc7a35t_0] -filter {CELL_NAME=~"u_ila_0"}]]
INFO: [Labtools 27-1966] The ILA core 'hw_ila_1' triggered at 2021-Feb-13 22:26:15
INFO: [Labtools 27-3304] ILA Waveform data saved to file C:/Bachelor1/i2c/i2c_Edge_Det/LogicAnalyzer.hw/backup/hw_ila_data_1.ila. Use Tcl command 'read_hw_ila_data' or Vivado File->Import->Import ILA Data menu item to import the previously saved data.
reset_run synth_1
launch_runs impl_1 -jobs 4
[Sat Feb 13 23:29:32 2021] Launched synth_1...
Run output will be captured here: C:/Bachelor1/i2c/i2c_Edge_Det/LogicAnalyzer.runs/synth_1/runme.log
[Sat Feb 13 23:29:32 2021] Launched impl_1...
Run output will be captured here: C:/Bachelor1/i2c/i2c_Edge_Det/LogicAnalyzer.runs/impl_1/runme.log
launch_runs impl_1 -to_step write_bitstream -jobs 4
[Sat Feb 13 23:36:43 2021] Launched impl_1...
Run output will be captured here: C:/Bachelor1/i2c/i2c_Edge_Det/LogicAnalyzer.runs/impl_1/runme.log
set_property PROBES.FILE {C:/Bachelor1/i2c/i2c_Edge_Det/LogicAnalyzer.runs/impl_1/i2c_main.ltx} [get_hw_devices xc7a35t_0]
set_property FULL_PROBES.FILE {C:/Bachelor1/i2c/i2c_Edge_Det/LogicAnalyzer.runs/impl_1/i2c_main.ltx} [get_hw_devices xc7a35t_0]
set_property PROGRAM.FILE {C:/Bachelor1/i2c/i2c_Edge_Det/LogicAnalyzer.runs/impl_1/i2c_main.bit} [get_hw_devices xc7a35t_0]
program_hw_devices [get_hw_devices xc7a35t_0]
INFO: [Labtools 27-3164] End of startup status: HIGH
refresh_hw_device [lindex [get_hw_devices xc7a35t_0] 0]
INFO: [Labtools 27-2302] Device xc7a35t (JTAG device index = 0) is programmed with a design that has 1 ILA core(s).
run_hw_ila [get_hw_ilas -of_objects [get_hw_devices xc7a35t_0] -filter {CELL_NAME=~"u_ila_0"}]
INFO: [Labtools 27-1964] The ILA core 'hw_ila_1' trigger was armed at 2021-Feb-13 23:42:59
wait_on_hw_ila [get_hw_ilas -of_objects [get_hw_devices xc7a35t_0] -filter {CELL_NAME=~"u_ila_0"}]
display_hw_ila_data [upload_hw_ila_data [get_hw_ilas -of_objects [get_hw_devices xc7a35t_0] -filter {CELL_NAME=~"u_ila_0"}]]
INFO: [Labtools 27-1966] The ILA core 'hw_ila_1' triggered at 2021-Feb-13 23:42:59
INFO: [Labtools 27-3304] ILA Waveform data saved to file C:/Bachelor1/i2c/i2c_Edge_Det/LogicAnalyzer.hw/backup/hw_ila_data_1.ila. Use Tcl command 'read_hw_ila_data' or Vivado File->Import->Import ILA Data menu item to import the previously saved data.
set_property CAPTURE_COMPARE_VALUE eq1'bR [get_hw_probes trigger_flag -of_objects [get_hw_ilas -of_objects [get_hw_devices xc7a35t_0] -filter {CELL_NAME=~"u_ila_0"}]]
run_hw_ila [get_hw_ilas -of_objects [get_hw_devices xc7a35t_0] -filter {CELL_NAME=~"u_ila_0"}]
INFO: [Labtools 27-1964] The ILA core 'hw_ila_1' trigger was armed at 2021-Feb-13 23:43:22
wait_on_hw_ila -timeout 0 [get_hw_ilas -of_objects [get_hw_devices xc7a35t_0] -filter {CELL_NAME=~"u_ila_0"}]
display_hw_ila_data [upload_hw_ila_data [get_hw_ilas -of_objects [get_hw_devices xc7a35t_0] -filter {CELL_NAME=~"u_ila_0"}]]
INFO: [Labtools 27-1965] The ILA core 'hw_ila_1' trigger was stopped by user at 2021-Feb-13 23:43:25
INFO: [Labtools 27-2213] The ILA core 'hw_ila_1' captured one window with '5005' samples.
INFO: [Labtools 27-3304] ILA Waveform data saved to file C:/Bachelor1/i2c/i2c_Edge_Det/LogicAnalyzer.hw/backup/hw_ila_data_1.ila. Use Tcl command 'read_hw_ila_data' or Vivado File->Import->Import ILA Data menu item to import the previously saved data.
save_wave_config {C:/Bachelor1/i2c/i2c_Edge_Det/LogicAnalyzer.hw/hw_1/wave/hw_ila_data_1/hw_ila_data_1.wcfg}
exit
INFO: [Common 17-206] Exiting Vivado at Sat Feb 13 23:45:16 2021...
