#-----------------------------------------------------------
# Vivado v2020.1 (64-bit)
# SW Build 2902540 on Wed May 27 19:54:49 MDT 2020
# IP Build 2902112 on Wed May 27 22:43:36 MDT 2020
# Start of session at: Mon Feb 15 13:57:49 2021
# Process ID: 11256
# Current directory: C:/Bachelor1/i2c/i2c_ILA_final
# Command line: vivado.exe -gui_launcher_event rodinguilauncherevent6368 C:\Bachelor1\i2c\i2c_ILA_final\LogicAnalyzer.xpr
# Log file: C:/Bachelor1/i2c/i2c_ILA_final/vivado.log
# Journal file: C:/Bachelor1/i2c/i2c_ILA_final\vivado.jou
#-----------------------------------------------------------
start_gui
open_project C:/Bachelor1/i2c/i2c_ILA_final/LogicAnalyzer.xpr
INFO: [Project 1-313] Project file moved from 'C:/Bachelor1/i2c/i2c_ILA_sud_no_outputs' since last save.
Scanning sources...
Finished scanning sources
INFO: [IP_Flow 19-234] Refreshing IP repositories
INFO: [IP_Flow 19-1704] No user IP repositories specified
INFO: [IP_Flow 19-2313] Loaded Vivado IP repository 'C:/Xilinx/Vivado/2020.1/data/ip'.
open_project: Time (s): cpu = 00:00:46 ; elapsed = 00:00:17 . Memory (MB): peak = 1016.238 ; gain = 0.000
update_compile_order -fileset sources_1
exit
INFO: [Common 17-206] Exiting Vivado at Mon Feb 15 23:20:45 2021...
